[2025-05-13T13:52:35.097+0000] {taskinstance.py:1083} INFO - Dependencies all met for <TaskInstance: uhi_index_analytics_pipeline_decompose.convert_canopy_to_tiff manual__2025-05-13T13:33:48.016143+00:00 [queued]>
[2025-05-13T13:52:35.155+0000] {taskinstance.py:1083} INFO - Dependencies all met for <TaskInstance: uhi_index_analytics_pipeline_decompose.convert_canopy_to_tiff manual__2025-05-13T13:33:48.016143+00:00 [queued]>
[2025-05-13T13:52:35.157+0000] {taskinstance.py:1279} INFO - 
--------------------------------------------------------------------------------
[2025-05-13T13:52:35.159+0000] {taskinstance.py:1280} INFO - Starting attempt 1 of 2
[2025-05-13T13:52:35.160+0000] {taskinstance.py:1281} INFO - 
--------------------------------------------------------------------------------
[2025-05-13T13:52:35.252+0000] {taskinstance.py:1300} INFO - Executing <Task(PythonOperator): convert_canopy_to_tiff> on 2025-05-13 13:33:48.016143+00:00
[2025-05-13T13:52:35.299+0000] {standard_task_runner.py:55} INFO - Started process 101 to run task
[2025-05-13T13:52:35.305+0000] {standard_task_runner.py:82} INFO - Running: ['***', 'tasks', 'run', 'uhi_index_analytics_pipeline_decompose', 'convert_canopy_to_tiff', 'manual__2025-05-13T13:33:48.016143+00:00', '--job-id', '117', '--raw', '--subdir', 'DAGS_FOLDER/uhi_pipeline_dag_decompose.py', '--cfg-path', '/tmp/tmpsrm7o6ff']
[2025-05-13T13:52:35.319+0000] {standard_task_runner.py:83} INFO - Job 117: Subtask convert_canopy_to_tiff
[2025-05-13T13:52:35.555+0000] {task_command.py:388} INFO - Running <TaskInstance: uhi_index_analytics_pipeline_decompose.convert_canopy_to_tiff manual__2025-05-13T13:33:48.016143+00:00 [running]> on host 869b990513f1
[2025-05-13T13:52:35.949+0000] {taskinstance.py:1509} INFO - Exporting the following env vars:
AIRFLOW_CTX_DAG_OWNER=***
AIRFLOW_CTX_DAG_ID=uhi_index_analytics_pipeline_decompose
AIRFLOW_CTX_TASK_ID=convert_canopy_to_tiff
AIRFLOW_CTX_EXECUTION_DATE=2025-05-13T13:33:48.016143+00:00
AIRFLOW_CTX_TRY_NUMBER=1
AIRFLOW_CTX_DAG_RUN_ID=manual__2025-05-13T13:33:48.016143+00:00
[2025-05-13T13:54:08.394+0000] {logging_mixin.py:137} INFO - Using block_size: 4
[2025-05-13T13:55:36.675+0000] {logging_mixin.py:137} INFO - Using block_size: 9
[2025-05-13T13:56:43.304+0000] {logging_mixin.py:137} INFO - Using block_size: 28
[2025-05-13T13:57:18.482+0000] {logging_mixin.py:137} INFO - Canopy data converted to TIFF!
[2025-05-13T13:57:18.484+0000] {python.py:177} INFO - Done. Returned value was: True
[2025-05-13T13:57:18.605+0000] {taskinstance.py:1323} INFO - Marking task as SUCCESS. dag_id=uhi_index_analytics_pipeline_decompose, task_id=convert_canopy_to_tiff, execution_date=20250513T133348, start_date=20250513T135235, end_date=20250513T135718
[2025-05-13T13:57:18.757+0000] {local_task_job.py:208} INFO - Task exited with return code 0
[2025-05-13T13:57:18.801+0000] {taskinstance.py:2578} INFO - 0 downstream tasks scheduled from follow-on schedule check
