[2025-05-18T10:24:56.450+0000] {taskinstance.py:1083} INFO - Dependencies all met for <TaskInstance: uhi_index_analytics_pipeline_decompose.extract_nyco_features manual__2025-05-17T05:12:03.413965+00:00 [queued]>
[2025-05-18T10:24:56.498+0000] {taskinstance.py:1083} INFO - Dependencies all met for <TaskInstance: uhi_index_analytics_pipeline_decompose.extract_nyco_features manual__2025-05-17T05:12:03.413965+00:00 [queued]>
[2025-05-18T10:24:56.499+0000] {taskinstance.py:1279} INFO - 
--------------------------------------------------------------------------------
[2025-05-18T10:24:56.528+0000] {taskinstance.py:1280} INFO - Starting attempt 1 of 2
[2025-05-18T10:24:56.529+0000] {taskinstance.py:1281} INFO - 
--------------------------------------------------------------------------------
[2025-05-18T10:24:56.713+0000] {taskinstance.py:1300} INFO - Executing <Task(PythonOperator): extract_nyco_features> on 2025-05-17 05:12:03.413965+00:00
[2025-05-18T10:24:56.857+0000] {standard_task_runner.py:55} INFO - Started process 918 to run task
[2025-05-18T10:24:56.863+0000] {standard_task_runner.py:82} INFO - Running: ['***', 'tasks', 'run', 'uhi_index_analytics_pipeline_decompose', 'extract_nyco_features', 'manual__2025-05-17T05:12:03.413965+00:00', '--job-id', '242', '--raw', '--subdir', 'DAGS_FOLDER/uhi_pipeline_dag_decompose.py', '--cfg-path', '/tmp/tmpckgcyw77']
[2025-05-18T10:24:56.864+0000] {standard_task_runner.py:83} INFO - Job 242: Subtask extract_nyco_features
[2025-05-18T10:24:57.162+0000] {task_command.py:388} INFO - Running <TaskInstance: uhi_index_analytics_pipeline_decompose.extract_nyco_features manual__2025-05-17T05:12:03.413965+00:00 [running]> on host ee2bb044a094
[2025-05-18T10:24:57.518+0000] {taskinstance.py:1509} INFO - Exporting the following env vars:
AIRFLOW_CTX_DAG_OWNER=***
AIRFLOW_CTX_DAG_ID=uhi_index_analytics_pipeline_decompose
AIRFLOW_CTX_TASK_ID=extract_nyco_features
AIRFLOW_CTX_EXECUTION_DATE=2025-05-17T05:12:03.413965+00:00
AIRFLOW_CTX_TRY_NUMBER=1
AIRFLOW_CTX_DAG_RUN_ID=manual__2025-05-17T05:12:03.413965+00:00
[2025-05-18T10:25:01.120+0000] {logging_mixin.py:137} INFO - NYCO features extracted!
[2025-05-18T10:25:01.124+0000] {python.py:177} INFO - Done. Returned value was: True
[2025-05-18T10:25:01.203+0000] {taskinstance.py:1323} INFO - Marking task as SUCCESS. dag_id=uhi_index_analytics_pipeline_decompose, task_id=extract_nyco_features, execution_date=20250517T051203, start_date=20250518T102456, end_date=20250518T102501
[2025-05-18T10:25:01.299+0000] {local_task_job.py:208} INFO - Task exited with return code 0
[2025-05-18T10:25:01.405+0000] {taskinstance.py:2578} INFO - 0 downstream tasks scheduled from follow-on schedule check
