[2025-05-17T02:37:08.393+0000] {taskinstance.py:1083} INFO - Dependencies all met for <TaskInstance: uhi_index_analytics_pipeline_decompose.process_street manual__2025-05-13T13:33:48.016143+00:00 [queued]>
[2025-05-17T02:37:08.435+0000] {taskinstance.py:1083} INFO - Dependencies all met for <TaskInstance: uhi_index_analytics_pipeline_decompose.process_street manual__2025-05-13T13:33:48.016143+00:00 [queued]>
[2025-05-17T02:37:08.436+0000] {taskinstance.py:1279} INFO - 
--------------------------------------------------------------------------------
[2025-05-17T02:37:08.438+0000] {taskinstance.py:1280} INFO - Starting attempt 4 of 4
[2025-05-17T02:37:08.440+0000] {taskinstance.py:1281} INFO - 
--------------------------------------------------------------------------------
[2025-05-17T02:37:08.507+0000] {taskinstance.py:1300} INFO - Executing <Task(PythonOperator): process_street> on 2025-05-13 13:33:48.016143+00:00
[2025-05-17T02:37:08.530+0000] {standard_task_runner.py:55} INFO - Started process 71 to run task
[2025-05-17T02:37:08.533+0000] {taskinstance.py:1077} INFO - Dependencies not met for <TaskInstance: uhi_index_analytics_pipeline_decompose.process_street manual__2025-05-13T13:33:48.016143+00:00 [running]>, dependency 'Task Instance Not Running' FAILED: Task is in the running state
[2025-05-17T02:37:08.537+0000] {standard_task_runner.py:82} INFO - Running: ['***', 'tasks', 'run', 'uhi_index_analytics_pipeline_decompose', 'process_street', 'manual__2025-05-13T13:33:48.016143+00:00', '--job-id', '176', '--raw', '--subdir', 'DAGS_FOLDER/uhi_pipeline_dag_decompose.py', '--cfg-path', '/tmp/tmprgrdbat7']
[2025-05-17T02:37:08.537+0000] {taskinstance.py:1077} INFO - Dependencies not met for <TaskInstance: uhi_index_analytics_pipeline_decompose.process_street manual__2025-05-13T13:33:48.016143+00:00 [running]>, dependency 'Task Instance State' FAILED: Task is in the 'running' state.
[2025-05-17T02:37:08.538+0000] {standard_task_runner.py:83} INFO - Job 176: Subtask process_street
[2025-05-17T02:37:08.544+0000] {local_task_job.py:147} INFO - Task is not able to be run
[2025-05-17T02:37:08.770+0000] {task_command.py:388} INFO - Running <TaskInstance: uhi_index_analytics_pipeline_decompose.process_street manual__2025-05-13T13:33:48.016143+00:00 [running]> on host 869b990513f1
[2025-05-17T02:37:09.029+0000] {taskinstance.py:1509} INFO - Exporting the following env vars:
AIRFLOW_CTX_DAG_OWNER=***
AIRFLOW_CTX_DAG_ID=uhi_index_analytics_pipeline_decompose
AIRFLOW_CTX_TASK_ID=process_street
AIRFLOW_CTX_EXECUTION_DATE=2025-05-13T13:33:48.016143+00:00
AIRFLOW_CTX_TRY_NUMBER=4
AIRFLOW_CTX_DAG_RUN_ID=manual__2025-05-13T13:33:48.016143+00:00
[2025-05-17T02:37:53.725+0000] {local_task_job.py:112} ERROR - Received SIGTERM. Terminating subprocesses
[2025-05-17T02:37:53.731+0000] {process_utils.py:133} INFO - Sending Signals.SIGTERM to group 71. PIDs of all processes in the group: [71]
[2025-05-17T02:37:53.733+0000] {process_utils.py:84} INFO - Sending the signal Signals.SIGTERM to group 71
[2025-05-17T02:37:56.798+0000] {local_task_job.py:112} ERROR - Received SIGTERM. Terminating subprocesses
