[2025-05-18T09:56:57.324+0000] {taskinstance.py:1083} INFO - Dependencies all met for <TaskInstance: uhi_index_analytics_pipeline_decompose.create_spark_session manual__2025-05-17T05:12:03.413965+00:00 [queued]>
[2025-05-18T09:56:57.358+0000] {taskinstance.py:1083} INFO - Dependencies all met for <TaskInstance: uhi_index_analytics_pipeline_decompose.create_spark_session manual__2025-05-17T05:12:03.413965+00:00 [queued]>
[2025-05-18T09:56:57.359+0000] {taskinstance.py:1279} INFO - 
--------------------------------------------------------------------------------
[2025-05-18T09:56:57.361+0000] {taskinstance.py:1280} INFO - Starting attempt 13 of 14
[2025-05-18T09:56:57.362+0000] {taskinstance.py:1281} INFO - 
--------------------------------------------------------------------------------
[2025-05-18T09:56:57.421+0000] {taskinstance.py:1300} INFO - Executing <Task(PythonOperator): create_spark_session> on 2025-05-17 05:12:03.413965+00:00
[2025-05-18T09:56:57.454+0000] {standard_task_runner.py:55} INFO - Started process 239 to run task
[2025-05-18T09:56:57.481+0000] {standard_task_runner.py:82} INFO - Running: ['***', 'tasks', 'run', 'uhi_index_analytics_pipeline_decompose', 'create_spark_session', 'manual__2025-05-17T05:12:03.413965+00:00', '--job-id', '231', '--raw', '--subdir', 'DAGS_FOLDER/uhi_pipeline_dag_decompose.py', '--cfg-path', '/tmp/tmpb27nv4ws']
[2025-05-18T09:56:57.483+0000] {standard_task_runner.py:83} INFO - Job 231: Subtask create_spark_session
[2025-05-18T09:56:57.723+0000] {task_command.py:388} INFO - Running <TaskInstance: uhi_index_analytics_pipeline_decompose.create_spark_session manual__2025-05-17T05:12:03.413965+00:00 [running]> on host ee2bb044a094
[2025-05-18T09:56:57.979+0000] {taskinstance.py:1509} INFO - Exporting the following env vars:
AIRFLOW_CTX_DAG_OWNER=***
AIRFLOW_CTX_DAG_ID=uhi_index_analytics_pipeline_decompose
AIRFLOW_CTX_TASK_ID=create_spark_session
AIRFLOW_CTX_EXECUTION_DATE=2025-05-17T05:12:03.413965+00:00
AIRFLOW_CTX_TRY_NUMBER=13
AIRFLOW_CTX_DAG_RUN_ID=manual__2025-05-17T05:12:03.413965+00:00
[2025-05-18T09:57:16.146+0000] {warnings.py:110} WARNING - /home/***/.local/lib/python3.7/site-packages/pyspark/context.py:317: FutureWarning: Python 3.7 support is deprecated in Spark 3.4.
  warnings.warn("Python 3.7 support is deprecated in Spark 3.4.", FutureWarning)

[2025-05-18T09:57:17.073+0000] {logging_mixin.py:137} INFO - Spark session created successfully!
[2025-05-18T09:57:17.074+0000] {python.py:177} INFO - Done. Returned value was: True
[2025-05-18T09:57:17.140+0000] {taskinstance.py:1323} INFO - Marking task as SUCCESS. dag_id=uhi_index_analytics_pipeline_decompose, task_id=create_spark_session, execution_date=20250517T051203, start_date=20250518T095657, end_date=20250518T095717
[2025-05-18T09:57:17.224+0000] {local_task_job.py:208} INFO - Task exited with return code 0
[2025-05-18T09:57:17.396+0000] {taskinstance.py:2578} INFO - 1 downstream tasks scheduled from follow-on schedule check
