[2025-05-17T09:26:17.913+0000] {taskinstance.py:1083} INFO - Dependencies all met for <TaskInstance: uhi_index_analytics_pipeline_decompose.load_data manual__2025-05-17T05:12:03.413965+00:00 [queued]>
[2025-05-17T09:26:17.944+0000] {taskinstance.py:1083} INFO - Dependencies all met for <TaskInstance: uhi_index_analytics_pipeline_decompose.load_data manual__2025-05-17T05:12:03.413965+00:00 [queued]>
[2025-05-17T09:26:17.945+0000] {taskinstance.py:1279} INFO - 
--------------------------------------------------------------------------------
[2025-05-17T09:26:17.947+0000] {taskinstance.py:1280} INFO - Starting attempt 2 of 2
[2025-05-17T09:26:17.948+0000] {taskinstance.py:1281} INFO - 
--------------------------------------------------------------------------------
[2025-05-17T09:26:17.987+0000] {taskinstance.py:1300} INFO - Executing <Task(PythonOperator): load_data> on 2025-05-17 05:12:03.413965+00:00
[2025-05-17T09:26:18.015+0000] {standard_task_runner.py:55} INFO - Started process 1156 to run task
[2025-05-17T09:26:18.020+0000] {standard_task_runner.py:82} INFO - Running: ['***', 'tasks', 'run', 'uhi_index_analytics_pipeline_decompose', 'load_data', 'manual__2025-05-17T05:12:03.413965+00:00', '--job-id', '211', '--raw', '--subdir', 'DAGS_FOLDER/uhi_pipeline_dag_decompose.py', '--cfg-path', '/tmp/tmp5ozgz3nh']
[2025-05-17T09:26:18.021+0000] {standard_task_runner.py:83} INFO - Job 211: Subtask load_data
[2025-05-17T09:26:18.150+0000] {task_command.py:388} INFO - Running <TaskInstance: uhi_index_analytics_pipeline_decompose.load_data manual__2025-05-17T05:12:03.413965+00:00 [running]> on host ee2bb044a094
[2025-05-17T09:26:18.286+0000] {taskinstance.py:1509} INFO - Exporting the following env vars:
AIRFLOW_CTX_DAG_OWNER=***
AIRFLOW_CTX_DAG_ID=uhi_index_analytics_pipeline_decompose
AIRFLOW_CTX_TASK_ID=load_data
AIRFLOW_CTX_EXECUTION_DATE=2025-05-17T05:12:03.413965+00:00
AIRFLOW_CTX_TRY_NUMBER=2
AIRFLOW_CTX_DAG_RUN_ID=manual__2025-05-17T05:12:03.413965+00:00
[2025-05-17T09:30:21.360+0000] {local_task_job.py:273} WARNING - State of this instance has been externally set to success. Terminating instance.
[2025-05-17T09:30:21.406+0000] {process_utils.py:133} INFO - Sending Signals.SIGTERM to group 1156. PIDs of all processes in the group: [1156]
[2025-05-17T09:30:21.408+0000] {process_utils.py:84} INFO - Sending the signal Signals.SIGTERM to group 1156
[2025-05-17T09:30:21.468+0000] {taskinstance.py:1479} ERROR - Received SIGTERM. Terminating subprocesses.
[2025-05-17T09:30:22.469+0000] {process_utils.py:79} INFO - Process psutil.Process(pid=1156, status='terminated', exitcode=0, started='09:26:17') (1156) terminated with exit code 0
