[2025-05-18T09:57:22.524+0000] {taskinstance.py:1083} INFO - Dependencies all met for <TaskInstance: uhi_index_analytics_pipeline_decompose.load_data manual__2025-05-17T05:12:03.413965+00:00 [queued]>
[2025-05-18T09:57:22.559+0000] {taskinstance.py:1083} INFO - Dependencies all met for <TaskInstance: uhi_index_analytics_pipeline_decompose.load_data manual__2025-05-17T05:12:03.413965+00:00 [queued]>
[2025-05-18T09:57:22.560+0000] {taskinstance.py:1279} INFO - 
--------------------------------------------------------------------------------
[2025-05-18T09:57:22.561+0000] {taskinstance.py:1280} INFO - Starting attempt 3 of 4
[2025-05-18T09:57:22.562+0000] {taskinstance.py:1281} INFO - 
--------------------------------------------------------------------------------
[2025-05-18T09:57:22.617+0000] {taskinstance.py:1300} INFO - Executing <Task(PythonOperator): load_data> on 2025-05-17 05:12:03.413965+00:00
[2025-05-18T09:57:22.640+0000] {standard_task_runner.py:55} INFO - Started process 886 to run task
[2025-05-18T09:57:22.646+0000] {standard_task_runner.py:82} INFO - Running: ['***', 'tasks', 'run', 'uhi_index_analytics_pipeline_decompose', 'load_data', 'manual__2025-05-17T05:12:03.413965+00:00', '--job-id', '232', '--raw', '--subdir', 'DAGS_FOLDER/uhi_pipeline_dag_decompose.py', '--cfg-path', '/tmp/tmprr6d692w']
[2025-05-18T09:57:22.648+0000] {standard_task_runner.py:83} INFO - Job 232: Subtask load_data
[2025-05-18T09:57:22.880+0000] {task_command.py:388} INFO - Running <TaskInstance: uhi_index_analytics_pipeline_decompose.load_data manual__2025-05-17T05:12:03.413965+00:00 [running]> on host ee2bb044a094
[2025-05-18T09:57:23.051+0000] {taskinstance.py:1509} INFO - Exporting the following env vars:
AIRFLOW_CTX_DAG_OWNER=***
AIRFLOW_CTX_DAG_ID=uhi_index_analytics_pipeline_decompose
AIRFLOW_CTX_TASK_ID=load_data
AIRFLOW_CTX_EXECUTION_DATE=2025-05-17T05:12:03.413965+00:00
AIRFLOW_CTX_TRY_NUMBER=3
AIRFLOW_CTX_DAG_RUN_ID=manual__2025-05-17T05:12:03.413965+00:00
[2025-05-18T10:24:03.227+0000] {logging_mixin.py:137} INFO - Data loaded successfully!
[2025-05-18T10:24:03.242+0000] {python.py:177} INFO - Done. Returned value was: True
[2025-05-18T10:24:03.300+0000] {taskinstance.py:1323} INFO - Marking task as SUCCESS. dag_id=uhi_index_analytics_pipeline_decompose, task_id=load_data, execution_date=20250517T051203, start_date=20250518T095722, end_date=20250518T102403
[2025-05-18T10:24:03.522+0000] {local_task_job.py:208} INFO - Task exited with return code 0
[2025-05-18T10:24:03.666+0000] {taskinstance.py:2578} INFO - 0 downstream tasks scheduled from follow-on schedule check
