[2025-05-18T10:24:23.831+0000] {taskinstance.py:1083} INFO - Dependencies all met for <TaskInstance: uhi_index_analytics_pipeline_decompose.convert_satellite_to_tiff manual__2025-05-17T05:12:03.413965+00:00 [queued]>
[2025-05-18T10:24:23.876+0000] {taskinstance.py:1083} INFO - Dependencies all met for <TaskInstance: uhi_index_analytics_pipeline_decompose.convert_satellite_to_tiff manual__2025-05-17T05:12:03.413965+00:00 [queued]>
[2025-05-18T10:24:23.878+0000] {taskinstance.py:1279} INFO - 
--------------------------------------------------------------------------------
[2025-05-18T10:24:23.881+0000] {taskinstance.py:1280} INFO - Starting attempt 3 of 4
[2025-05-18T10:24:23.882+0000] {taskinstance.py:1281} INFO - 
--------------------------------------------------------------------------------
[2025-05-18T10:24:23.948+0000] {taskinstance.py:1300} INFO - Executing <Task(PythonOperator): convert_satellite_to_tiff> on 2025-05-17 05:12:03.413965+00:00
[2025-05-18T10:24:24.144+0000] {standard_task_runner.py:55} INFO - Started process 908 to run task
[2025-05-18T10:24:24.185+0000] {standard_task_runner.py:82} INFO - Running: ['***', 'tasks', 'run', 'uhi_index_analytics_pipeline_decompose', 'convert_satellite_to_tiff', 'manual__2025-05-17T05:12:03.413965+00:00', '--job-id', '239', '--raw', '--subdir', 'DAGS_FOLDER/uhi_pipeline_dag_decompose.py', '--cfg-path', '/tmp/tmpizx__7l6']
[2025-05-18T10:24:24.193+0000] {standard_task_runner.py:83} INFO - Job 239: Subtask convert_satellite_to_tiff
[2025-05-18T10:24:24.949+0000] {task_command.py:388} INFO - Running <TaskInstance: uhi_index_analytics_pipeline_decompose.convert_satellite_to_tiff manual__2025-05-17T05:12:03.413965+00:00 [running]> on host ee2bb044a094
[2025-05-18T10:24:25.394+0000] {taskinstance.py:1509} INFO - Exporting the following env vars:
AIRFLOW_CTX_DAG_OWNER=***
AIRFLOW_CTX_DAG_ID=uhi_index_analytics_pipeline_decompose
AIRFLOW_CTX_TASK_ID=convert_satellite_to_tiff
AIRFLOW_CTX_EXECUTION_DATE=2025-05-17T05:12:03.413965+00:00
AIRFLOW_CTX_TRY_NUMBER=3
AIRFLOW_CTX_DAG_RUN_ID=manual__2025-05-17T05:12:03.413965+00:00
[2025-05-18T10:24:55.594+0000] {logging_mixin.py:137} INFO - Satellite data converted to TIFF!
[2025-05-18T10:24:55.597+0000] {python.py:177} INFO - Done. Returned value was: True
[2025-05-18T10:24:55.721+0000] {taskinstance.py:1323} INFO - Marking task as SUCCESS. dag_id=uhi_index_analytics_pipeline_decompose, task_id=convert_satellite_to_tiff, execution_date=20250517T051203, start_date=20250518T102423, end_date=20250518T102455
[2025-05-18T10:24:56.221+0000] {local_task_job.py:208} INFO - Task exited with return code 0
[2025-05-18T10:24:56.298+0000] {taskinstance.py:2578} INFO - 0 downstream tasks scheduled from follow-on schedule check
