[2025-05-17T09:31:40.766+0000] {taskinstance.py:1083} INFO - Dependencies all met for <TaskInstance: uhi_index_analytics_pipeline_decompose.convert_satellite_to_tiff manual__2025-05-17T05:12:03.413965+00:00 [queued]>
[2025-05-17T09:31:40.850+0000] {taskinstance.py:1083} INFO - Dependencies all met for <TaskInstance: uhi_index_analytics_pipeline_decompose.convert_satellite_to_tiff manual__2025-05-17T05:12:03.413965+00:00 [queued]>
[2025-05-17T09:31:40.868+0000] {taskinstance.py:1279} INFO - 
--------------------------------------------------------------------------------
[2025-05-17T09:31:40.877+0000] {taskinstance.py:1280} INFO - Starting attempt 1 of 2
[2025-05-17T09:31:40.895+0000] {taskinstance.py:1281} INFO - 
--------------------------------------------------------------------------------
[2025-05-17T09:31:41.034+0000] {taskinstance.py:1300} INFO - Executing <Task(PythonOperator): convert_satellite_to_tiff> on 2025-05-17 05:12:03.413965+00:00
[2025-05-17T09:31:41.085+0000] {standard_task_runner.py:55} INFO - Started process 1180 to run task
[2025-05-17T09:31:41.103+0000] {standard_task_runner.py:82} INFO - Running: ['***', 'tasks', 'run', 'uhi_index_analytics_pipeline_decompose', 'convert_satellite_to_tiff', 'manual__2025-05-17T05:12:03.413965+00:00', '--job-id', '219', '--raw', '--subdir', 'DAGS_FOLDER/uhi_pipeline_dag_decompose.py', '--cfg-path', '/tmp/tmpe42r08kc']
[2025-05-17T09:31:41.113+0000] {standard_task_runner.py:83} INFO - Job 219: Subtask convert_satellite_to_tiff
[2025-05-17T09:31:41.412+0000] {task_command.py:388} INFO - Running <TaskInstance: uhi_index_analytics_pipeline_decompose.convert_satellite_to_tiff manual__2025-05-17T05:12:03.413965+00:00 [running]> on host ee2bb044a094
[2025-05-17T09:31:41.985+0000] {taskinstance.py:1509} INFO - Exporting the following env vars:
AIRFLOW_CTX_DAG_OWNER=***
AIRFLOW_CTX_DAG_ID=uhi_index_analytics_pipeline_decompose
AIRFLOW_CTX_TASK_ID=convert_satellite_to_tiff
AIRFLOW_CTX_EXECUTION_DATE=2025-05-17T05:12:03.413965+00:00
AIRFLOW_CTX_TRY_NUMBER=1
AIRFLOW_CTX_DAG_RUN_ID=manual__2025-05-17T05:12:03.413965+00:00
[2025-05-17T09:31:42.046+0000] {taskinstance.py:1768} ERROR - Task failed with exception
Traceback (most recent call last):
  File "/home/airflow/.local/lib/python3.7/site-packages/airflow/operators/python.py", line 175, in execute
    return_value = self.execute_callable()
  File "/home/airflow/.local/lib/python3.7/site-packages/airflow/operators/python.py", line 192, in execute_callable
    return self.python_callable(*self.op_args, **self.op_kwargs)
  File "/opt/airflow/dags/uhi_pipeline_dag_decompose.py", line 192, in convert_satellite_to_tiff
    tiff_transform.input_data_handle(data['aod'], type="aod", resolution=None)
TypeError: 'NoneType' object is not subscriptable
[2025-05-17T09:31:42.194+0000] {taskinstance.py:1323} INFO - Marking task as UP_FOR_RETRY. dag_id=uhi_index_analytics_pipeline_decompose, task_id=convert_satellite_to_tiff, execution_date=20250517T051203, start_date=20250517T093140, end_date=20250517T093142
[2025-05-17T09:31:42.253+0000] {standard_task_runner.py:105} ERROR - Failed to execute job 219 for task convert_satellite_to_tiff ('NoneType' object is not subscriptable; 1180)
[2025-05-17T09:31:42.399+0000] {local_task_job.py:208} INFO - Task exited with return code 1
[2025-05-17T09:31:42.518+0000] {taskinstance.py:2578} INFO - 0 downstream tasks scheduled from follow-on schedule check
