[2025-05-21T07:05:15.145+0000] {taskinstance.py:1077} INFO - Dependencies not met for <TaskInstance: uhi_index_analytics_pipeline_decompose.process_canopy manual__2025-05-17T05:12:03.413965+00:00 [failed]>, dependency 'Task Instance State' FAILED: Task is in the 'failed' state.
[2025-05-21T07:05:15.268+0000] {local_task_job.py:147} INFO - Task is not able to be run
[2025-05-21T07:26:30.090+0000] {taskinstance.py:1083} INFO - Dependencies all met for <TaskInstance: uhi_index_analytics_pipeline_decompose.process_canopy manual__2025-05-17T05:12:03.413965+00:00 [queued]>
[2025-05-21T07:26:30.235+0000] {taskinstance.py:1083} INFO - Dependencies all met for <TaskInstance: uhi_index_analytics_pipeline_decompose.process_canopy manual__2025-05-17T05:12:03.413965+00:00 [queued]>
[2025-05-21T07:26:30.246+0000] {taskinstance.py:1279} INFO - 
--------------------------------------------------------------------------------
[2025-05-21T07:26:30.249+0000] {taskinstance.py:1280} INFO - Starting attempt 4 of 5
[2025-05-21T07:26:30.255+0000] {taskinstance.py:1281} INFO - 
--------------------------------------------------------------------------------
[2025-05-21T07:26:30.334+0000] {taskinstance.py:1300} INFO - Executing <Task(PythonOperator): process_canopy> on 2025-05-17 05:12:03.413965+00:00
[2025-05-21T07:26:30.419+0000] {standard_task_runner.py:55} INFO - Started process 407 to run task
[2025-05-21T07:26:30.492+0000] {standard_task_runner.py:82} INFO - Running: ['***', 'tasks', 'run', 'uhi_index_analytics_pipeline_decompose', 'process_canopy', 'manual__2025-05-17T05:12:03.413965+00:00', '--job-id', '255', '--raw', '--subdir', 'DAGS_FOLDER/uhi_pipeline_dag_decompose.py', '--cfg-path', '/tmp/tmpsjocus7_']
[2025-05-21T07:26:30.496+0000] {standard_task_runner.py:83} INFO - Job 255: Subtask process_canopy
[2025-05-21T07:26:31.123+0000] {task_command.py:388} INFO - Running <TaskInstance: uhi_index_analytics_pipeline_decompose.process_canopy manual__2025-05-17T05:12:03.413965+00:00 [running]> on host ee2bb044a094
[2025-05-21T07:26:31.439+0000] {taskinstance.py:1509} INFO - Exporting the following env vars:
AIRFLOW_CTX_DAG_OWNER=***
AIRFLOW_CTX_DAG_ID=uhi_index_analytics_pipeline_decompose
AIRFLOW_CTX_TASK_ID=process_canopy
AIRFLOW_CTX_EXECUTION_DATE=2025-05-17T05:12:03.413965+00:00
AIRFLOW_CTX_TRY_NUMBER=4
AIRFLOW_CTX_DAG_RUN_ID=manual__2025-05-17T05:12:03.413965+00:00
[2025-05-21T07:29:53.116+0000] {logging_mixin.py:137} INFO - Canopy data processed!
[2025-05-21T07:29:53.146+0000] {python.py:177} INFO - Done. Returned value was: True
[2025-05-21T07:29:53.381+0000] {taskinstance.py:1323} INFO - Marking task as SUCCESS. dag_id=uhi_index_analytics_pipeline_decompose, task_id=process_canopy, execution_date=20250517T051203, start_date=20250521T072630, end_date=20250521T072953
[2025-05-21T07:29:53.632+0000] {local_task_job.py:208} INFO - Task exited with return code 0
[2025-05-21T07:29:53.757+0000] {taskinstance.py:2578} INFO - 1 downstream tasks scheduled from follow-on schedule check
