[2025-05-18T09:54:58.083+0000] {processor.py:153} INFO - Started process (PID=40) to work on /opt/airflow/dags/uhi_pipeline_dag_decompose.py
[2025-05-18T09:54:58.102+0000] {processor.py:743} INFO - Processing file /opt/airflow/dags/uhi_pipeline_dag_decompose.py for tasks to queue
[2025-05-18T09:54:58.105+0000] {logging_mixin.py:137} INFO - [2025-05-18T09:54:58.104+0000] {dagbag.py:538} INFO - Filling up the DagBag from /opt/airflow/dags/uhi_pipeline_dag_decompose.py
[2025-05-18T09:55:30.110+0000] {processor.py:753} INFO - DAG(s) dict_keys(['uhi_index_analytics_pipeline_decompose']) retrieved from /opt/airflow/dags/uhi_pipeline_dag_decompose.py
[2025-05-18T09:55:31.377+0000] {logging_mixin.py:137} INFO - [2025-05-18T09:55:31.376+0000] {dag.py:2690} INFO - Sync 1 DAGs
[2025-05-18T09:55:31.983+0000] {logging_mixin.py:137} INFO - [2025-05-18T09:55:31.982+0000] {dag.py:3441} INFO - Setting next_dagrun for uhi_index_analytics_pipeline_decompose to None, run_after=None
[2025-05-18T09:55:32.865+0000] {processor.py:175} INFO - Processing /opt/airflow/dags/uhi_pipeline_dag_decompose.py took 34.880 seconds
[2025-05-18T09:56:04.430+0000] {processor.py:153} INFO - Started process (PID=62) to work on /opt/airflow/dags/uhi_pipeline_dag_decompose.py
[2025-05-18T09:56:04.447+0000] {processor.py:743} INFO - Processing file /opt/airflow/dags/uhi_pipeline_dag_decompose.py for tasks to queue
[2025-05-18T09:56:04.462+0000] {logging_mixin.py:137} INFO - [2025-05-18T09:56:04.460+0000] {dagbag.py:538} INFO - Filling up the DagBag from /opt/airflow/dags/uhi_pipeline_dag_decompose.py
[2025-05-18T09:56:20.625+0000] {processor.py:753} INFO - DAG(s) dict_keys(['uhi_index_analytics_pipeline_decompose']) retrieved from /opt/airflow/dags/uhi_pipeline_dag_decompose.py
[2025-05-18T09:56:20.723+0000] {logging_mixin.py:137} INFO - [2025-05-18T09:56:20.722+0000] {dag.py:2690} INFO - Sync 1 DAGs
[2025-05-18T09:56:20.797+0000] {logging_mixin.py:137} INFO - [2025-05-18T09:56:20.797+0000] {dag.py:3441} INFO - Setting next_dagrun for uhi_index_analytics_pipeline_decompose to None, run_after=None
[2025-05-18T09:56:20.881+0000] {processor.py:175} INFO - Processing /opt/airflow/dags/uhi_pipeline_dag_decompose.py took 16.561 seconds
[2025-05-18T09:56:51.354+0000] {processor.py:153} INFO - Started process (PID=66) to work on /opt/airflow/dags/uhi_pipeline_dag_decompose.py
[2025-05-18T09:56:51.357+0000] {processor.py:743} INFO - Processing file /opt/airflow/dags/uhi_pipeline_dag_decompose.py for tasks to queue
[2025-05-18T09:56:51.359+0000] {logging_mixin.py:137} INFO - [2025-05-18T09:56:51.359+0000] {dagbag.py:538} INFO - Filling up the DagBag from /opt/airflow/dags/uhi_pipeline_dag_decompose.py
[2025-05-18T09:56:58.794+0000] {processor.py:753} INFO - DAG(s) dict_keys(['uhi_index_analytics_pipeline_decompose']) retrieved from /opt/airflow/dags/uhi_pipeline_dag_decompose.py
[2025-05-18T09:56:58.864+0000] {logging_mixin.py:137} INFO - [2025-05-18T09:56:58.864+0000] {dag.py:2690} INFO - Sync 1 DAGs
[2025-05-18T09:56:58.944+0000] {logging_mixin.py:137} INFO - [2025-05-18T09:56:58.944+0000] {dag.py:3441} INFO - Setting next_dagrun for uhi_index_analytics_pipeline_decompose to None, run_after=None
[2025-05-18T09:56:59.021+0000] {processor.py:175} INFO - Processing /opt/airflow/dags/uhi_pipeline_dag_decompose.py took 7.676 seconds
[2025-05-18T09:57:29.500+0000] {processor.py:153} INFO - Started process (PID=70) to work on /opt/airflow/dags/uhi_pipeline_dag_decompose.py
[2025-05-18T09:57:29.501+0000] {processor.py:743} INFO - Processing file /opt/airflow/dags/uhi_pipeline_dag_decompose.py for tasks to queue
[2025-05-18T09:57:29.503+0000] {logging_mixin.py:137} INFO - [2025-05-18T09:57:29.503+0000] {dagbag.py:538} INFO - Filling up the DagBag from /opt/airflow/dags/uhi_pipeline_dag_decompose.py
[2025-05-18T09:57:34.472+0000] {processor.py:753} INFO - DAG(s) dict_keys(['uhi_index_analytics_pipeline_decompose']) retrieved from /opt/airflow/dags/uhi_pipeline_dag_decompose.py
[2025-05-18T09:57:34.572+0000] {logging_mixin.py:137} INFO - [2025-05-18T09:57:34.572+0000] {dag.py:2690} INFO - Sync 1 DAGs
[2025-05-18T09:57:34.658+0000] {logging_mixin.py:137} INFO - [2025-05-18T09:57:34.658+0000] {dag.py:3441} INFO - Setting next_dagrun for uhi_index_analytics_pipeline_decompose to None, run_after=None
[2025-05-18T09:57:34.726+0000] {processor.py:175} INFO - Processing /opt/airflow/dags/uhi_pipeline_dag_decompose.py took 5.290 seconds
[2025-05-18T09:58:04.865+0000] {processor.py:153} INFO - Started process (PID=74) to work on /opt/airflow/dags/uhi_pipeline_dag_decompose.py
[2025-05-18T09:58:04.866+0000] {processor.py:743} INFO - Processing file /opt/airflow/dags/uhi_pipeline_dag_decompose.py for tasks to queue
[2025-05-18T09:58:04.868+0000] {logging_mixin.py:137} INFO - [2025-05-18T09:58:04.868+0000] {dagbag.py:538} INFO - Filling up the DagBag from /opt/airflow/dags/uhi_pipeline_dag_decompose.py
[2025-05-18T09:58:14.062+0000] {processor.py:753} INFO - DAG(s) dict_keys(['uhi_index_analytics_pipeline_decompose']) retrieved from /opt/airflow/dags/uhi_pipeline_dag_decompose.py
[2025-05-18T09:58:14.241+0000] {logging_mixin.py:137} INFO - [2025-05-18T09:58:14.241+0000] {dag.py:2690} INFO - Sync 1 DAGs
[2025-05-18T09:58:14.391+0000] {logging_mixin.py:137} INFO - [2025-05-18T09:58:14.390+0000] {dag.py:3441} INFO - Setting next_dagrun for uhi_index_analytics_pipeline_decompose to None, run_after=None
[2025-05-18T09:58:14.498+0000] {processor.py:175} INFO - Processing /opt/airflow/dags/uhi_pipeline_dag_decompose.py took 9.638 seconds
[2025-05-18T09:58:44.684+0000] {processor.py:153} INFO - Started process (PID=78) to work on /opt/airflow/dags/uhi_pipeline_dag_decompose.py
[2025-05-18T09:58:44.685+0000] {processor.py:743} INFO - Processing file /opt/airflow/dags/uhi_pipeline_dag_decompose.py for tasks to queue
[2025-05-18T09:58:44.686+0000] {logging_mixin.py:137} INFO - [2025-05-18T09:58:44.686+0000] {dagbag.py:538} INFO - Filling up the DagBag from /opt/airflow/dags/uhi_pipeline_dag_decompose.py
[2025-05-18T09:58:49.671+0000] {processor.py:753} INFO - DAG(s) dict_keys(['uhi_index_analytics_pipeline_decompose']) retrieved from /opt/airflow/dags/uhi_pipeline_dag_decompose.py
[2025-05-18T09:58:49.762+0000] {logging_mixin.py:137} INFO - [2025-05-18T09:58:49.761+0000] {dag.py:2690} INFO - Sync 1 DAGs
[2025-05-18T09:58:49.845+0000] {logging_mixin.py:137} INFO - [2025-05-18T09:58:49.844+0000] {dag.py:3441} INFO - Setting next_dagrun for uhi_index_analytics_pipeline_decompose to None, run_after=None
[2025-05-18T09:58:49.924+0000] {processor.py:175} INFO - Processing /opt/airflow/dags/uhi_pipeline_dag_decompose.py took 5.244 seconds
[2025-05-18T09:59:20.391+0000] {processor.py:153} INFO - Started process (PID=82) to work on /opt/airflow/dags/uhi_pipeline_dag_decompose.py
[2025-05-18T09:59:20.394+0000] {processor.py:743} INFO - Processing file /opt/airflow/dags/uhi_pipeline_dag_decompose.py for tasks to queue
[2025-05-18T09:59:20.397+0000] {logging_mixin.py:137} INFO - [2025-05-18T09:59:20.397+0000] {dagbag.py:538} INFO - Filling up the DagBag from /opt/airflow/dags/uhi_pipeline_dag_decompose.py
[2025-05-18T09:59:26.339+0000] {processor.py:753} INFO - DAG(s) dict_keys(['uhi_index_analytics_pipeline_decompose']) retrieved from /opt/airflow/dags/uhi_pipeline_dag_decompose.py
[2025-05-18T09:59:26.513+0000] {logging_mixin.py:137} INFO - [2025-05-18T09:59:26.512+0000] {dag.py:2690} INFO - Sync 1 DAGs
[2025-05-18T09:59:26.730+0000] {logging_mixin.py:137} INFO - [2025-05-18T09:59:26.728+0000] {dag.py:3441} INFO - Setting next_dagrun for uhi_index_analytics_pipeline_decompose to None, run_after=None
[2025-05-18T09:59:26.846+0000] {processor.py:175} INFO - Processing /opt/airflow/dags/uhi_pipeline_dag_decompose.py took 6.461 seconds
[2025-05-18T09:59:57.733+0000] {processor.py:153} INFO - Started process (PID=86) to work on /opt/airflow/dags/uhi_pipeline_dag_decompose.py
[2025-05-18T09:59:57.735+0000] {processor.py:743} INFO - Processing file /opt/airflow/dags/uhi_pipeline_dag_decompose.py for tasks to queue
[2025-05-18T09:59:57.736+0000] {logging_mixin.py:137} INFO - [2025-05-18T09:59:57.736+0000] {dagbag.py:538} INFO - Filling up the DagBag from /opt/airflow/dags/uhi_pipeline_dag_decompose.py
[2025-05-18T10:00:01.215+0000] {processor.py:753} INFO - DAG(s) dict_keys(['uhi_index_analytics_pipeline_decompose']) retrieved from /opt/airflow/dags/uhi_pipeline_dag_decompose.py
[2025-05-18T10:00:01.253+0000] {logging_mixin.py:137} INFO - [2025-05-18T10:00:01.252+0000] {dag.py:2690} INFO - Sync 1 DAGs
[2025-05-18T10:00:01.289+0000] {logging_mixin.py:137} INFO - [2025-05-18T10:00:01.288+0000] {dag.py:3441} INFO - Setting next_dagrun for uhi_index_analytics_pipeline_decompose to None, run_after=None
[2025-05-18T10:00:01.326+0000] {processor.py:175} INFO - Processing /opt/airflow/dags/uhi_pipeline_dag_decompose.py took 3.625 seconds
[2025-05-18T10:00:31.702+0000] {processor.py:153} INFO - Started process (PID=90) to work on /opt/airflow/dags/uhi_pipeline_dag_decompose.py
[2025-05-18T10:00:31.703+0000] {processor.py:743} INFO - Processing file /opt/airflow/dags/uhi_pipeline_dag_decompose.py for tasks to queue
[2025-05-18T10:00:31.705+0000] {logging_mixin.py:137} INFO - [2025-05-18T10:00:31.704+0000] {dagbag.py:538} INFO - Filling up the DagBag from /opt/airflow/dags/uhi_pipeline_dag_decompose.py
[2025-05-18T10:00:35.481+0000] {processor.py:753} INFO - DAG(s) dict_keys(['uhi_index_analytics_pipeline_decompose']) retrieved from /opt/airflow/dags/uhi_pipeline_dag_decompose.py
[2025-05-18T10:00:35.518+0000] {logging_mixin.py:137} INFO - [2025-05-18T10:00:35.518+0000] {dag.py:2690} INFO - Sync 1 DAGs
[2025-05-18T10:00:35.562+0000] {logging_mixin.py:137} INFO - [2025-05-18T10:00:35.562+0000] {dag.py:3441} INFO - Setting next_dagrun for uhi_index_analytics_pipeline_decompose to None, run_after=None
[2025-05-18T10:00:35.598+0000] {processor.py:175} INFO - Processing /opt/airflow/dags/uhi_pipeline_dag_decompose.py took 3.903 seconds
[2025-05-18T10:01:05.970+0000] {processor.py:153} INFO - Started process (PID=94) to work on /opt/airflow/dags/uhi_pipeline_dag_decompose.py
[2025-05-18T10:01:05.972+0000] {processor.py:743} INFO - Processing file /opt/airflow/dags/uhi_pipeline_dag_decompose.py for tasks to queue
[2025-05-18T10:01:05.973+0000] {logging_mixin.py:137} INFO - [2025-05-18T10:01:05.973+0000] {dagbag.py:538} INFO - Filling up the DagBag from /opt/airflow/dags/uhi_pipeline_dag_decompose.py
[2025-05-18T10:01:09.871+0000] {processor.py:753} INFO - DAG(s) dict_keys(['uhi_index_analytics_pipeline_decompose']) retrieved from /opt/airflow/dags/uhi_pipeline_dag_decompose.py
[2025-05-18T10:01:09.915+0000] {logging_mixin.py:137} INFO - [2025-05-18T10:01:09.915+0000] {dag.py:2690} INFO - Sync 1 DAGs
[2025-05-18T10:01:09.953+0000] {logging_mixin.py:137} INFO - [2025-05-18T10:01:09.953+0000] {dag.py:3441} INFO - Setting next_dagrun for uhi_index_analytics_pipeline_decompose to None, run_after=None
[2025-05-18T10:01:09.990+0000] {processor.py:175} INFO - Processing /opt/airflow/dags/uhi_pipeline_dag_decompose.py took 4.026 seconds
[2025-05-18T10:01:40.148+0000] {processor.py:153} INFO - Started process (PID=98) to work on /opt/airflow/dags/uhi_pipeline_dag_decompose.py
[2025-05-18T10:01:40.150+0000] {processor.py:743} INFO - Processing file /opt/airflow/dags/uhi_pipeline_dag_decompose.py for tasks to queue
[2025-05-18T10:01:40.153+0000] {logging_mixin.py:137} INFO - [2025-05-18T10:01:40.153+0000] {dagbag.py:538} INFO - Filling up the DagBag from /opt/airflow/dags/uhi_pipeline_dag_decompose.py
[2025-05-18T10:01:43.926+0000] {processor.py:753} INFO - DAG(s) dict_keys(['uhi_index_analytics_pipeline_decompose']) retrieved from /opt/airflow/dags/uhi_pipeline_dag_decompose.py
[2025-05-18T10:01:43.973+0000] {logging_mixin.py:137} INFO - [2025-05-18T10:01:43.973+0000] {dag.py:2690} INFO - Sync 1 DAGs
[2025-05-18T10:01:44.011+0000] {logging_mixin.py:137} INFO - [2025-05-18T10:01:44.011+0000] {dag.py:3441} INFO - Setting next_dagrun for uhi_index_analytics_pipeline_decompose to None, run_after=None
[2025-05-18T10:01:44.056+0000] {processor.py:175} INFO - Processing /opt/airflow/dags/uhi_pipeline_dag_decompose.py took 3.925 seconds
[2025-05-18T10:02:14.408+0000] {processor.py:153} INFO - Started process (PID=102) to work on /opt/airflow/dags/uhi_pipeline_dag_decompose.py
[2025-05-18T10:02:14.409+0000] {processor.py:743} INFO - Processing file /opt/airflow/dags/uhi_pipeline_dag_decompose.py for tasks to queue
[2025-05-18T10:02:14.411+0000] {logging_mixin.py:137} INFO - [2025-05-18T10:02:14.411+0000] {dagbag.py:538} INFO - Filling up the DagBag from /opt/airflow/dags/uhi_pipeline_dag_decompose.py
[2025-05-18T10:02:17.276+0000] {processor.py:753} INFO - DAG(s) dict_keys(['uhi_index_analytics_pipeline_decompose']) retrieved from /opt/airflow/dags/uhi_pipeline_dag_decompose.py
[2025-05-18T10:02:17.315+0000] {logging_mixin.py:137} INFO - [2025-05-18T10:02:17.315+0000] {dag.py:2690} INFO - Sync 1 DAGs
[2025-05-18T10:02:17.349+0000] {logging_mixin.py:137} INFO - [2025-05-18T10:02:17.349+0000] {dag.py:3441} INFO - Setting next_dagrun for uhi_index_analytics_pipeline_decompose to None, run_after=None
[2025-05-18T10:02:17.388+0000] {processor.py:175} INFO - Processing /opt/airflow/dags/uhi_pipeline_dag_decompose.py took 3.450 seconds
[2025-05-18T10:02:47.875+0000] {processor.py:153} INFO - Started process (PID=106) to work on /opt/airflow/dags/uhi_pipeline_dag_decompose.py
[2025-05-18T10:02:47.877+0000] {processor.py:743} INFO - Processing file /opt/airflow/dags/uhi_pipeline_dag_decompose.py for tasks to queue
[2025-05-18T10:02:47.878+0000] {logging_mixin.py:137} INFO - [2025-05-18T10:02:47.878+0000] {dagbag.py:538} INFO - Filling up the DagBag from /opt/airflow/dags/uhi_pipeline_dag_decompose.py
[2025-05-18T10:02:51.700+0000] {processor.py:753} INFO - DAG(s) dict_keys(['uhi_index_analytics_pipeline_decompose']) retrieved from /opt/airflow/dags/uhi_pipeline_dag_decompose.py
[2025-05-18T10:02:51.734+0000] {logging_mixin.py:137} INFO - [2025-05-18T10:02:51.734+0000] {dag.py:2690} INFO - Sync 1 DAGs
[2025-05-18T10:02:51.770+0000] {logging_mixin.py:137} INFO - [2025-05-18T10:02:51.770+0000] {dag.py:3441} INFO - Setting next_dagrun for uhi_index_analytics_pipeline_decompose to None, run_after=None
[2025-05-18T10:02:51.811+0000] {processor.py:175} INFO - Processing /opt/airflow/dags/uhi_pipeline_dag_decompose.py took 3.939 seconds
[2025-05-18T10:03:22.081+0000] {processor.py:153} INFO - Started process (PID=110) to work on /opt/airflow/dags/uhi_pipeline_dag_decompose.py
[2025-05-18T10:03:22.083+0000] {processor.py:743} INFO - Processing file /opt/airflow/dags/uhi_pipeline_dag_decompose.py for tasks to queue
[2025-05-18T10:03:22.084+0000] {logging_mixin.py:137} INFO - [2025-05-18T10:03:22.084+0000] {dagbag.py:538} INFO - Filling up the DagBag from /opt/airflow/dags/uhi_pipeline_dag_decompose.py
[2025-05-18T10:03:26.805+0000] {processor.py:753} INFO - DAG(s) dict_keys(['uhi_index_analytics_pipeline_decompose']) retrieved from /opt/airflow/dags/uhi_pipeline_dag_decompose.py
[2025-05-18T10:03:26.860+0000] {logging_mixin.py:137} INFO - [2025-05-18T10:03:26.860+0000] {dag.py:2690} INFO - Sync 1 DAGs
[2025-05-18T10:03:26.900+0000] {logging_mixin.py:137} INFO - [2025-05-18T10:03:26.899+0000] {dag.py:3441} INFO - Setting next_dagrun for uhi_index_analytics_pipeline_decompose to None, run_after=None
[2025-05-18T10:03:26.934+0000] {processor.py:175} INFO - Processing /opt/airflow/dags/uhi_pipeline_dag_decompose.py took 4.857 seconds
[2025-05-18T10:03:57.343+0000] {processor.py:153} INFO - Started process (PID=114) to work on /opt/airflow/dags/uhi_pipeline_dag_decompose.py
[2025-05-18T10:03:57.347+0000] {processor.py:743} INFO - Processing file /opt/airflow/dags/uhi_pipeline_dag_decompose.py for tasks to queue
[2025-05-18T10:03:57.358+0000] {logging_mixin.py:137} INFO - [2025-05-18T10:03:57.357+0000] {dagbag.py:538} INFO - Filling up the DagBag from /opt/airflow/dags/uhi_pipeline_dag_decompose.py
[2025-05-18T10:04:01.839+0000] {processor.py:753} INFO - DAG(s) dict_keys(['uhi_index_analytics_pipeline_decompose']) retrieved from /opt/airflow/dags/uhi_pipeline_dag_decompose.py
[2025-05-18T10:04:01.883+0000] {logging_mixin.py:137} INFO - [2025-05-18T10:04:01.883+0000] {dag.py:2690} INFO - Sync 1 DAGs
[2025-05-18T10:04:01.925+0000] {logging_mixin.py:137} INFO - [2025-05-18T10:04:01.925+0000] {dag.py:3441} INFO - Setting next_dagrun for uhi_index_analytics_pipeline_decompose to None, run_after=None
[2025-05-18T10:04:01.963+0000] {processor.py:175} INFO - Processing /opt/airflow/dags/uhi_pipeline_dag_decompose.py took 4.692 seconds
[2025-05-18T10:04:32.114+0000] {processor.py:153} INFO - Started process (PID=118) to work on /opt/airflow/dags/uhi_pipeline_dag_decompose.py
[2025-05-18T10:04:32.116+0000] {processor.py:743} INFO - Processing file /opt/airflow/dags/uhi_pipeline_dag_decompose.py for tasks to queue
[2025-05-18T10:04:32.121+0000] {logging_mixin.py:137} INFO - [2025-05-18T10:04:32.120+0000] {dagbag.py:538} INFO - Filling up the DagBag from /opt/airflow/dags/uhi_pipeline_dag_decompose.py
[2025-05-18T10:04:38.451+0000] {processor.py:753} INFO - DAG(s) dict_keys(['uhi_index_analytics_pipeline_decompose']) retrieved from /opt/airflow/dags/uhi_pipeline_dag_decompose.py
[2025-05-18T10:04:38.558+0000] {logging_mixin.py:137} INFO - [2025-05-18T10:04:38.558+0000] {dag.py:2690} INFO - Sync 1 DAGs
[2025-05-18T10:04:38.618+0000] {logging_mixin.py:137} INFO - [2025-05-18T10:04:38.618+0000] {dag.py:3441} INFO - Setting next_dagrun for uhi_index_analytics_pipeline_decompose to None, run_after=None
[2025-05-18T10:04:38.687+0000] {processor.py:175} INFO - Processing /opt/airflow/dags/uhi_pipeline_dag_decompose.py took 6.583 seconds
[2025-05-18T10:05:09.418+0000] {processor.py:153} INFO - Started process (PID=122) to work on /opt/airflow/dags/uhi_pipeline_dag_decompose.py
[2025-05-18T10:05:09.421+0000] {processor.py:743} INFO - Processing file /opt/airflow/dags/uhi_pipeline_dag_decompose.py for tasks to queue
[2025-05-18T10:05:09.423+0000] {logging_mixin.py:137} INFO - [2025-05-18T10:05:09.422+0000] {dagbag.py:538} INFO - Filling up the DagBag from /opt/airflow/dags/uhi_pipeline_dag_decompose.py
[2025-05-18T10:05:15.288+0000] {processor.py:753} INFO - DAG(s) dict_keys(['uhi_index_analytics_pipeline_decompose']) retrieved from /opt/airflow/dags/uhi_pipeline_dag_decompose.py
[2025-05-18T10:05:15.325+0000] {logging_mixin.py:137} INFO - [2025-05-18T10:05:15.325+0000] {dag.py:2690} INFO - Sync 1 DAGs
[2025-05-18T10:05:15.359+0000] {logging_mixin.py:137} INFO - [2025-05-18T10:05:15.358+0000] {dag.py:3441} INFO - Setting next_dagrun for uhi_index_analytics_pipeline_decompose to None, run_after=None
[2025-05-18T10:05:15.395+0000] {processor.py:175} INFO - Processing /opt/airflow/dags/uhi_pipeline_dag_decompose.py took 5.988 seconds
[2025-05-18T10:05:45.581+0000] {processor.py:153} INFO - Started process (PID=126) to work on /opt/airflow/dags/uhi_pipeline_dag_decompose.py
[2025-05-18T10:05:45.582+0000] {processor.py:743} INFO - Processing file /opt/airflow/dags/uhi_pipeline_dag_decompose.py for tasks to queue
[2025-05-18T10:05:45.586+0000] {logging_mixin.py:137} INFO - [2025-05-18T10:05:45.584+0000] {dagbag.py:538} INFO - Filling up the DagBag from /opt/airflow/dags/uhi_pipeline_dag_decompose.py
[2025-05-18T10:05:50.002+0000] {processor.py:753} INFO - DAG(s) dict_keys(['uhi_index_analytics_pipeline_decompose']) retrieved from /opt/airflow/dags/uhi_pipeline_dag_decompose.py
[2025-05-18T10:05:50.042+0000] {logging_mixin.py:137} INFO - [2025-05-18T10:05:50.042+0000] {dag.py:2690} INFO - Sync 1 DAGs
[2025-05-18T10:05:50.095+0000] {logging_mixin.py:137} INFO - [2025-05-18T10:05:50.095+0000] {dag.py:3441} INFO - Setting next_dagrun for uhi_index_analytics_pipeline_decompose to None, run_after=None
[2025-05-18T10:05:50.140+0000] {processor.py:175} INFO - Processing /opt/airflow/dags/uhi_pipeline_dag_decompose.py took 4.565 seconds
[2025-05-18T10:06:20.240+0000] {processor.py:153} INFO - Started process (PID=130) to work on /opt/airflow/dags/uhi_pipeline_dag_decompose.py
[2025-05-18T10:06:20.242+0000] {processor.py:743} INFO - Processing file /opt/airflow/dags/uhi_pipeline_dag_decompose.py for tasks to queue
[2025-05-18T10:06:20.244+0000] {logging_mixin.py:137} INFO - [2025-05-18T10:06:20.244+0000] {dagbag.py:538} INFO - Filling up the DagBag from /opt/airflow/dags/uhi_pipeline_dag_decompose.py
[2025-05-18T10:06:24.615+0000] {processor.py:753} INFO - DAG(s) dict_keys(['uhi_index_analytics_pipeline_decompose']) retrieved from /opt/airflow/dags/uhi_pipeline_dag_decompose.py
[2025-05-18T10:06:24.661+0000] {logging_mixin.py:137} INFO - [2025-05-18T10:06:24.661+0000] {dag.py:2690} INFO - Sync 1 DAGs
[2025-05-18T10:06:24.702+0000] {logging_mixin.py:137} INFO - [2025-05-18T10:06:24.702+0000] {dag.py:3441} INFO - Setting next_dagrun for uhi_index_analytics_pipeline_decompose to None, run_after=None
[2025-05-18T10:06:24.737+0000] {processor.py:175} INFO - Processing /opt/airflow/dags/uhi_pipeline_dag_decompose.py took 4.503 seconds
[2025-05-18T10:06:54.984+0000] {processor.py:153} INFO - Started process (PID=134) to work on /opt/airflow/dags/uhi_pipeline_dag_decompose.py
[2025-05-18T10:06:54.986+0000] {processor.py:743} INFO - Processing file /opt/airflow/dags/uhi_pipeline_dag_decompose.py for tasks to queue
[2025-05-18T10:06:54.988+0000] {logging_mixin.py:137} INFO - [2025-05-18T10:06:54.988+0000] {dagbag.py:538} INFO - Filling up the DagBag from /opt/airflow/dags/uhi_pipeline_dag_decompose.py
[2025-05-18T10:06:59.367+0000] {processor.py:753} INFO - DAG(s) dict_keys(['uhi_index_analytics_pipeline_decompose']) retrieved from /opt/airflow/dags/uhi_pipeline_dag_decompose.py
[2025-05-18T10:06:59.421+0000] {logging_mixin.py:137} INFO - [2025-05-18T10:06:59.420+0000] {dag.py:2690} INFO - Sync 1 DAGs
[2025-05-18T10:06:59.386+0000] {logging_mixin.py:137} INFO - [2025-05-18T10:06:59.386+0000] {dag.py:3441} INFO - Setting next_dagrun for uhi_index_analytics_pipeline_decompose to None, run_after=None
[2025-05-18T10:06:59.451+0000] {processor.py:175} INFO - Processing /opt/airflow/dags/uhi_pipeline_dag_decompose.py took 4.546 seconds
[2025-05-18T10:07:29.750+0000] {processor.py:153} INFO - Started process (PID=138) to work on /opt/airflow/dags/uhi_pipeline_dag_decompose.py
[2025-05-18T10:07:29.752+0000] {processor.py:743} INFO - Processing file /opt/airflow/dags/uhi_pipeline_dag_decompose.py for tasks to queue
[2025-05-18T10:07:29.754+0000] {logging_mixin.py:137} INFO - [2025-05-18T10:07:29.754+0000] {dagbag.py:538} INFO - Filling up the DagBag from /opt/airflow/dags/uhi_pipeline_dag_decompose.py
[2025-05-18T10:07:33.804+0000] {processor.py:753} INFO - DAG(s) dict_keys(['uhi_index_analytics_pipeline_decompose']) retrieved from /opt/airflow/dags/uhi_pipeline_dag_decompose.py
[2025-05-18T10:07:33.845+0000] {logging_mixin.py:137} INFO - [2025-05-18T10:07:33.845+0000] {dag.py:2690} INFO - Sync 1 DAGs
[2025-05-18T10:07:33.892+0000] {logging_mixin.py:137} INFO - [2025-05-18T10:07:33.892+0000] {dag.py:3441} INFO - Setting next_dagrun for uhi_index_analytics_pipeline_decompose to None, run_after=None
[2025-05-18T10:07:33.943+0000] {processor.py:175} INFO - Processing /opt/airflow/dags/uhi_pipeline_dag_decompose.py took 4.198 seconds
[2025-05-18T10:08:04.093+0000] {processor.py:153} INFO - Started process (PID=142) to work on /opt/airflow/dags/uhi_pipeline_dag_decompose.py
[2025-05-18T10:08:04.094+0000] {processor.py:743} INFO - Processing file /opt/airflow/dags/uhi_pipeline_dag_decompose.py for tasks to queue
[2025-05-18T10:08:04.096+0000] {logging_mixin.py:137} INFO - [2025-05-18T10:08:04.095+0000] {dagbag.py:538} INFO - Filling up the DagBag from /opt/airflow/dags/uhi_pipeline_dag_decompose.py
[2025-05-18T10:08:09.625+0000] {processor.py:753} INFO - DAG(s) dict_keys(['uhi_index_analytics_pipeline_decompose']) retrieved from /opt/airflow/dags/uhi_pipeline_dag_decompose.py
[2025-05-18T10:08:09.681+0000] {logging_mixin.py:137} INFO - [2025-05-18T10:08:09.680+0000] {dag.py:2690} INFO - Sync 1 DAGs
[2025-05-18T10:08:09.741+0000] {logging_mixin.py:137} INFO - [2025-05-18T10:08:09.741+0000] {dag.py:3441} INFO - Setting next_dagrun for uhi_index_analytics_pipeline_decompose to None, run_after=None
[2025-05-18T10:08:09.778+0000] {processor.py:175} INFO - Processing /opt/airflow/dags/uhi_pipeline_dag_decompose.py took 5.691 seconds
[2025-05-18T10:08:40.420+0000] {processor.py:153} INFO - Started process (PID=146) to work on /opt/airflow/dags/uhi_pipeline_dag_decompose.py
[2025-05-18T10:08:40.422+0000] {processor.py:743} INFO - Processing file /opt/airflow/dags/uhi_pipeline_dag_decompose.py for tasks to queue
[2025-05-18T10:08:40.424+0000] {logging_mixin.py:137} INFO - [2025-05-18T10:08:40.424+0000] {dagbag.py:538} INFO - Filling up the DagBag from /opt/airflow/dags/uhi_pipeline_dag_decompose.py
[2025-05-18T10:08:45.007+0000] {processor.py:753} INFO - DAG(s) dict_keys(['uhi_index_analytics_pipeline_decompose']) retrieved from /opt/airflow/dags/uhi_pipeline_dag_decompose.py
[2025-05-18T10:08:45.057+0000] {logging_mixin.py:137} INFO - [2025-05-18T10:08:45.057+0000] {dag.py:2690} INFO - Sync 1 DAGs
[2025-05-18T10:08:45.107+0000] {logging_mixin.py:137} INFO - [2025-05-18T10:08:45.107+0000] {dag.py:3441} INFO - Setting next_dagrun for uhi_index_analytics_pipeline_decompose to None, run_after=None
[2025-05-18T10:08:45.155+0000] {processor.py:175} INFO - Processing /opt/airflow/dags/uhi_pipeline_dag_decompose.py took 4.741 seconds
[2025-05-18T10:09:15.492+0000] {processor.py:153} INFO - Started process (PID=150) to work on /opt/airflow/dags/uhi_pipeline_dag_decompose.py
[2025-05-18T10:09:15.494+0000] {processor.py:743} INFO - Processing file /opt/airflow/dags/uhi_pipeline_dag_decompose.py for tasks to queue
[2025-05-18T10:09:15.496+0000] {logging_mixin.py:137} INFO - [2025-05-18T10:09:15.495+0000] {dagbag.py:538} INFO - Filling up the DagBag from /opt/airflow/dags/uhi_pipeline_dag_decompose.py
[2025-05-18T10:09:20.490+0000] {processor.py:753} INFO - DAG(s) dict_keys(['uhi_index_analytics_pipeline_decompose']) retrieved from /opt/airflow/dags/uhi_pipeline_dag_decompose.py
[2025-05-18T10:09:20.574+0000] {logging_mixin.py:137} INFO - [2025-05-18T10:09:20.573+0000] {dag.py:2690} INFO - Sync 1 DAGs
[2025-05-18T10:09:20.659+0000] {logging_mixin.py:137} INFO - [2025-05-18T10:09:20.658+0000] {dag.py:3441} INFO - Setting next_dagrun for uhi_index_analytics_pipeline_decompose to None, run_after=None
[2025-05-18T10:09:20.725+0000] {processor.py:175} INFO - Processing /opt/airflow/dags/uhi_pipeline_dag_decompose.py took 5.241 seconds
[2025-05-18T10:09:51.206+0000] {processor.py:153} INFO - Started process (PID=154) to work on /opt/airflow/dags/uhi_pipeline_dag_decompose.py
[2025-05-18T10:09:51.208+0000] {processor.py:743} INFO - Processing file /opt/airflow/dags/uhi_pipeline_dag_decompose.py for tasks to queue
[2025-05-18T10:09:51.211+0000] {logging_mixin.py:137} INFO - [2025-05-18T10:09:51.210+0000] {dagbag.py:538} INFO - Filling up the DagBag from /opt/airflow/dags/uhi_pipeline_dag_decompose.py
[2025-05-18T10:09:56.355+0000] {processor.py:753} INFO - DAG(s) dict_keys(['uhi_index_analytics_pipeline_decompose']) retrieved from /opt/airflow/dags/uhi_pipeline_dag_decompose.py
[2025-05-18T10:09:56.402+0000] {logging_mixin.py:137} INFO - [2025-05-18T10:09:56.401+0000] {dag.py:2690} INFO - Sync 1 DAGs
[2025-05-18T10:09:56.478+0000] {logging_mixin.py:137} INFO - [2025-05-18T10:09:56.478+0000] {dag.py:3441} INFO - Setting next_dagrun for uhi_index_analytics_pipeline_decompose to None, run_after=None
[2025-05-18T10:09:56.528+0000] {processor.py:175} INFO - Processing /opt/airflow/dags/uhi_pipeline_dag_decompose.py took 5.331 seconds
[2025-05-18T10:10:26.933+0000] {processor.py:153} INFO - Started process (PID=158) to work on /opt/airflow/dags/uhi_pipeline_dag_decompose.py
[2025-05-18T10:10:26.935+0000] {processor.py:743} INFO - Processing file /opt/airflow/dags/uhi_pipeline_dag_decompose.py for tasks to queue
[2025-05-18T10:10:26.937+0000] {logging_mixin.py:137} INFO - [2025-05-18T10:10:26.937+0000] {dagbag.py:538} INFO - Filling up the DagBag from /opt/airflow/dags/uhi_pipeline_dag_decompose.py
[2025-05-18T10:10:31.707+0000] {processor.py:753} INFO - DAG(s) dict_keys(['uhi_index_analytics_pipeline_decompose']) retrieved from /opt/airflow/dags/uhi_pipeline_dag_decompose.py
[2025-05-18T10:10:31.772+0000] {logging_mixin.py:137} INFO - [2025-05-18T10:10:31.771+0000] {dag.py:2690} INFO - Sync 1 DAGs
[2025-05-18T10:10:31.844+0000] {logging_mixin.py:137} INFO - [2025-05-18T10:10:31.844+0000] {dag.py:3441} INFO - Setting next_dagrun for uhi_index_analytics_pipeline_decompose to None, run_after=None
[2025-05-18T10:10:31.903+0000] {processor.py:175} INFO - Processing /opt/airflow/dags/uhi_pipeline_dag_decompose.py took 5.078 seconds
[2025-05-18T10:11:02.240+0000] {processor.py:153} INFO - Started process (PID=162) to work on /opt/airflow/dags/uhi_pipeline_dag_decompose.py
[2025-05-18T10:11:02.242+0000] {processor.py:743} INFO - Processing file /opt/airflow/dags/uhi_pipeline_dag_decompose.py for tasks to queue
[2025-05-18T10:11:02.243+0000] {logging_mixin.py:137} INFO - [2025-05-18T10:11:02.243+0000] {dagbag.py:538} INFO - Filling up the DagBag from /opt/airflow/dags/uhi_pipeline_dag_decompose.py
[2025-05-18T10:11:06.236+0000] {processor.py:753} INFO - DAG(s) dict_keys(['uhi_index_analytics_pipeline_decompose']) retrieved from /opt/airflow/dags/uhi_pipeline_dag_decompose.py
[2025-05-18T10:11:06.280+0000] {logging_mixin.py:137} INFO - [2025-05-18T10:11:06.279+0000] {dag.py:2690} INFO - Sync 1 DAGs
[2025-05-18T10:11:06.318+0000] {logging_mixin.py:137} INFO - [2025-05-18T10:11:06.318+0000] {dag.py:3441} INFO - Setting next_dagrun for uhi_index_analytics_pipeline_decompose to None, run_after=None
[2025-05-18T10:11:06.355+0000] {processor.py:175} INFO - Processing /opt/airflow/dags/uhi_pipeline_dag_decompose.py took 4.119 seconds
[2025-05-18T10:11:36.657+0000] {processor.py:153} INFO - Started process (PID=166) to work on /opt/airflow/dags/uhi_pipeline_dag_decompose.py
[2025-05-18T10:11:36.658+0000] {processor.py:743} INFO - Processing file /opt/airflow/dags/uhi_pipeline_dag_decompose.py for tasks to queue
[2025-05-18T10:11:36.660+0000] {logging_mixin.py:137} INFO - [2025-05-18T10:11:36.660+0000] {dagbag.py:538} INFO - Filling up the DagBag from /opt/airflow/dags/uhi_pipeline_dag_decompose.py
[2025-05-18T10:11:40.824+0000] {processor.py:753} INFO - DAG(s) dict_keys(['uhi_index_analytics_pipeline_decompose']) retrieved from /opt/airflow/dags/uhi_pipeline_dag_decompose.py
[2025-05-18T10:11:40.880+0000] {logging_mixin.py:137} INFO - [2025-05-18T10:11:40.880+0000] {dag.py:2690} INFO - Sync 1 DAGs
[2025-05-18T10:11:40.930+0000] {logging_mixin.py:137} INFO - [2025-05-18T10:11:40.929+0000] {dag.py:3441} INFO - Setting next_dagrun for uhi_index_analytics_pipeline_decompose to None, run_after=None
[2025-05-18T10:11:40.968+0000] {processor.py:175} INFO - Processing /opt/airflow/dags/uhi_pipeline_dag_decompose.py took 4.316 seconds
[2025-05-18T10:12:11.300+0000] {processor.py:153} INFO - Started process (PID=170) to work on /opt/airflow/dags/uhi_pipeline_dag_decompose.py
[2025-05-18T10:12:11.301+0000] {processor.py:743} INFO - Processing file /opt/airflow/dags/uhi_pipeline_dag_decompose.py for tasks to queue
[2025-05-18T10:12:11.302+0000] {logging_mixin.py:137} INFO - [2025-05-18T10:12:11.302+0000] {dagbag.py:538} INFO - Filling up the DagBag from /opt/airflow/dags/uhi_pipeline_dag_decompose.py
[2025-05-18T10:12:14.917+0000] {processor.py:753} INFO - DAG(s) dict_keys(['uhi_index_analytics_pipeline_decompose']) retrieved from /opt/airflow/dags/uhi_pipeline_dag_decompose.py
[2025-05-18T10:12:14.954+0000] {logging_mixin.py:137} INFO - [2025-05-18T10:12:14.953+0000] {dag.py:2690} INFO - Sync 1 DAGs
[2025-05-18T10:12:14.991+0000] {logging_mixin.py:137} INFO - [2025-05-18T10:12:14.991+0000] {dag.py:3441} INFO - Setting next_dagrun for uhi_index_analytics_pipeline_decompose to None, run_after=None
[2025-05-18T10:12:15.038+0000] {processor.py:175} INFO - Processing /opt/airflow/dags/uhi_pipeline_dag_decompose.py took 3.742 seconds
[2025-05-18T10:12:45.325+0000] {processor.py:153} INFO - Started process (PID=174) to work on /opt/airflow/dags/uhi_pipeline_dag_decompose.py
[2025-05-18T10:12:45.327+0000] {processor.py:743} INFO - Processing file /opt/airflow/dags/uhi_pipeline_dag_decompose.py for tasks to queue
[2025-05-18T10:12:45.329+0000] {logging_mixin.py:137} INFO - [2025-05-18T10:12:45.328+0000] {dagbag.py:538} INFO - Filling up the DagBag from /opt/airflow/dags/uhi_pipeline_dag_decompose.py
[2025-05-18T10:12:48.875+0000] {processor.py:753} INFO - DAG(s) dict_keys(['uhi_index_analytics_pipeline_decompose']) retrieved from /opt/airflow/dags/uhi_pipeline_dag_decompose.py
[2025-05-18T10:12:48.916+0000] {logging_mixin.py:137} INFO - [2025-05-18T10:12:48.916+0000] {dag.py:2690} INFO - Sync 1 DAGs
[2025-05-18T10:12:48.952+0000] {logging_mixin.py:137} INFO - [2025-05-18T10:12:48.952+0000] {dag.py:3441} INFO - Setting next_dagrun for uhi_index_analytics_pipeline_decompose to None, run_after=None
[2025-05-18T10:12:48.996+0000] {processor.py:175} INFO - Processing /opt/airflow/dags/uhi_pipeline_dag_decompose.py took 3.677 seconds
[2025-05-18T10:13:19.283+0000] {processor.py:153} INFO - Started process (PID=178) to work on /opt/airflow/dags/uhi_pipeline_dag_decompose.py
[2025-05-18T10:13:19.285+0000] {processor.py:743} INFO - Processing file /opt/airflow/dags/uhi_pipeline_dag_decompose.py for tasks to queue
[2025-05-18T10:13:19.287+0000] {logging_mixin.py:137} INFO - [2025-05-18T10:13:19.286+0000] {dagbag.py:538} INFO - Filling up the DagBag from /opt/airflow/dags/uhi_pipeline_dag_decompose.py
[2025-05-18T10:13:24.092+0000] {processor.py:753} INFO - DAG(s) dict_keys(['uhi_index_analytics_pipeline_decompose']) retrieved from /opt/airflow/dags/uhi_pipeline_dag_decompose.py
[2025-05-18T10:13:24.154+0000] {logging_mixin.py:137} INFO - [2025-05-18T10:13:24.153+0000] {dag.py:2690} INFO - Sync 1 DAGs
[2025-05-18T10:13:24.202+0000] {logging_mixin.py:137} INFO - [2025-05-18T10:13:24.201+0000] {dag.py:3441} INFO - Setting next_dagrun for uhi_index_analytics_pipeline_decompose to None, run_after=None
[2025-05-18T10:13:24.238+0000] {processor.py:175} INFO - Processing /opt/airflow/dags/uhi_pipeline_dag_decompose.py took 4.961 seconds
[2025-05-18T10:13:54.611+0000] {processor.py:153} INFO - Started process (PID=182) to work on /opt/airflow/dags/uhi_pipeline_dag_decompose.py
[2025-05-18T10:13:54.616+0000] {processor.py:743} INFO - Processing file /opt/airflow/dags/uhi_pipeline_dag_decompose.py for tasks to queue
[2025-05-18T10:13:54.619+0000] {logging_mixin.py:137} INFO - [2025-05-18T10:13:54.619+0000] {dagbag.py:538} INFO - Filling up the DagBag from /opt/airflow/dags/uhi_pipeline_dag_decompose.py
[2025-05-18T10:13:59.615+0000] {processor.py:753} INFO - DAG(s) dict_keys(['uhi_index_analytics_pipeline_decompose']) retrieved from /opt/airflow/dags/uhi_pipeline_dag_decompose.py
[2025-05-18T10:13:59.657+0000] {logging_mixin.py:137} INFO - [2025-05-18T10:13:59.657+0000] {dag.py:2690} INFO - Sync 1 DAGs
[2025-05-18T10:13:59.721+0000] {logging_mixin.py:137} INFO - [2025-05-18T10:13:59.721+0000] {dag.py:3441} INFO - Setting next_dagrun for uhi_index_analytics_pipeline_decompose to None, run_after=None
[2025-05-18T10:13:59.777+0000] {processor.py:175} INFO - Processing /opt/airflow/dags/uhi_pipeline_dag_decompose.py took 5.269 seconds
[2025-05-18T10:14:30.063+0000] {processor.py:153} INFO - Started process (PID=186) to work on /opt/airflow/dags/uhi_pipeline_dag_decompose.py
[2025-05-18T10:14:30.064+0000] {processor.py:743} INFO - Processing file /opt/airflow/dags/uhi_pipeline_dag_decompose.py for tasks to queue
[2025-05-18T10:14:30.065+0000] {logging_mixin.py:137} INFO - [2025-05-18T10:14:30.065+0000] {dagbag.py:538} INFO - Filling up the DagBag from /opt/airflow/dags/uhi_pipeline_dag_decompose.py
[2025-05-18T10:14:34.841+0000] {processor.py:753} INFO - DAG(s) dict_keys(['uhi_index_analytics_pipeline_decompose']) retrieved from /opt/airflow/dags/uhi_pipeline_dag_decompose.py
[2025-05-18T10:14:34.878+0000] {logging_mixin.py:137} INFO - [2025-05-18T10:14:34.878+0000] {dag.py:2690} INFO - Sync 1 DAGs
[2025-05-18T10:14:34.910+0000] {logging_mixin.py:137} INFO - [2025-05-18T10:14:34.909+0000] {dag.py:3441} INFO - Setting next_dagrun for uhi_index_analytics_pipeline_decompose to None, run_after=None
[2025-05-18T10:14:34.946+0000] {processor.py:175} INFO - Processing /opt/airflow/dags/uhi_pipeline_dag_decompose.py took 4.887 seconds
[2025-05-18T10:15:05.263+0000] {processor.py:153} INFO - Started process (PID=190) to work on /opt/airflow/dags/uhi_pipeline_dag_decompose.py
[2025-05-18T10:15:05.265+0000] {processor.py:743} INFO - Processing file /opt/airflow/dags/uhi_pipeline_dag_decompose.py for tasks to queue
[2025-05-18T10:15:05.267+0000] {logging_mixin.py:137} INFO - [2025-05-18T10:15:05.267+0000] {dagbag.py:538} INFO - Filling up the DagBag from /opt/airflow/dags/uhi_pipeline_dag_decompose.py
[2025-05-18T10:15:09.525+0000] {processor.py:753} INFO - DAG(s) dict_keys(['uhi_index_analytics_pipeline_decompose']) retrieved from /opt/airflow/dags/uhi_pipeline_dag_decompose.py
[2025-05-18T10:15:09.576+0000] {logging_mixin.py:137} INFO - [2025-05-18T10:15:09.575+0000] {dag.py:2690} INFO - Sync 1 DAGs
[2025-05-18T10:15:09.614+0000] {logging_mixin.py:137} INFO - [2025-05-18T10:15:09.614+0000] {dag.py:3441} INFO - Setting next_dagrun for uhi_index_analytics_pipeline_decompose to None, run_after=None
[2025-05-18T10:15:09.662+0000] {processor.py:175} INFO - Processing /opt/airflow/dags/uhi_pipeline_dag_decompose.py took 4.405 seconds
[2025-05-18T10:15:39.842+0000] {processor.py:153} INFO - Started process (PID=194) to work on /opt/airflow/dags/uhi_pipeline_dag_decompose.py
[2025-05-18T10:15:39.844+0000] {processor.py:743} INFO - Processing file /opt/airflow/dags/uhi_pipeline_dag_decompose.py for tasks to queue
[2025-05-18T10:15:39.845+0000] {logging_mixin.py:137} INFO - [2025-05-18T10:15:39.845+0000] {dagbag.py:538} INFO - Filling up the DagBag from /opt/airflow/dags/uhi_pipeline_dag_decompose.py
[2025-05-18T10:15:43.558+0000] {processor.py:753} INFO - DAG(s) dict_keys(['uhi_index_analytics_pipeline_decompose']) retrieved from /opt/airflow/dags/uhi_pipeline_dag_decompose.py
[2025-05-18T10:15:43.637+0000] {logging_mixin.py:137} INFO - [2025-05-18T10:15:43.636+0000] {dag.py:2690} INFO - Sync 1 DAGs
[2025-05-18T10:15:43.703+0000] {logging_mixin.py:137} INFO - [2025-05-18T10:15:43.702+0000] {dag.py:3441} INFO - Setting next_dagrun for uhi_index_analytics_pipeline_decompose to None, run_after=None
[2025-05-18T10:15:43.767+0000] {processor.py:175} INFO - Processing /opt/airflow/dags/uhi_pipeline_dag_decompose.py took 3.929 seconds
[2025-05-18T10:16:14.162+0000] {processor.py:153} INFO - Started process (PID=198) to work on /opt/airflow/dags/uhi_pipeline_dag_decompose.py
[2025-05-18T10:16:14.164+0000] {processor.py:743} INFO - Processing file /opt/airflow/dags/uhi_pipeline_dag_decompose.py for tasks to queue
[2025-05-18T10:16:14.167+0000] {logging_mixin.py:137} INFO - [2025-05-18T10:16:14.167+0000] {dagbag.py:538} INFO - Filling up the DagBag from /opt/airflow/dags/uhi_pipeline_dag_decompose.py
[2025-05-18T10:16:18.445+0000] {processor.py:753} INFO - DAG(s) dict_keys(['uhi_index_analytics_pipeline_decompose']) retrieved from /opt/airflow/dags/uhi_pipeline_dag_decompose.py
[2025-05-18T10:16:18.484+0000] {logging_mixin.py:137} INFO - [2025-05-18T10:16:18.484+0000] {dag.py:2690} INFO - Sync 1 DAGs
[2025-05-18T10:16:18.543+0000] {logging_mixin.py:137} INFO - [2025-05-18T10:16:18.543+0000] {dag.py:3441} INFO - Setting next_dagrun for uhi_index_analytics_pipeline_decompose to None, run_after=None
[2025-05-18T10:16:18.600+0000] {processor.py:175} INFO - Processing /opt/airflow/dags/uhi_pipeline_dag_decompose.py took 4.446 seconds
[2025-05-18T10:16:48.879+0000] {processor.py:153} INFO - Started process (PID=202) to work on /opt/airflow/dags/uhi_pipeline_dag_decompose.py
[2025-05-18T10:16:48.881+0000] {processor.py:743} INFO - Processing file /opt/airflow/dags/uhi_pipeline_dag_decompose.py for tasks to queue
[2025-05-18T10:16:48.886+0000] {logging_mixin.py:137} INFO - [2025-05-18T10:16:48.885+0000] {dagbag.py:538} INFO - Filling up the DagBag from /opt/airflow/dags/uhi_pipeline_dag_decompose.py
[2025-05-18T10:16:52.944+0000] {processor.py:753} INFO - DAG(s) dict_keys(['uhi_index_analytics_pipeline_decompose']) retrieved from /opt/airflow/dags/uhi_pipeline_dag_decompose.py
[2025-05-18T10:16:52.981+0000] {logging_mixin.py:137} INFO - [2025-05-18T10:16:52.981+0000] {dag.py:2690} INFO - Sync 1 DAGs
[2025-05-18T10:16:53.013+0000] {logging_mixin.py:137} INFO - [2025-05-18T10:16:53.013+0000] {dag.py:3441} INFO - Setting next_dagrun for uhi_index_analytics_pipeline_decompose to None, run_after=None
[2025-05-18T10:16:53.081+0000] {processor.py:175} INFO - Processing /opt/airflow/dags/uhi_pipeline_dag_decompose.py took 4.208 seconds
[2025-05-18T10:17:23.336+0000] {processor.py:153} INFO - Started process (PID=206) to work on /opt/airflow/dags/uhi_pipeline_dag_decompose.py
[2025-05-18T10:17:23.339+0000] {processor.py:743} INFO - Processing file /opt/airflow/dags/uhi_pipeline_dag_decompose.py for tasks to queue
[2025-05-18T10:17:23.341+0000] {logging_mixin.py:137} INFO - [2025-05-18T10:17:23.341+0000] {dagbag.py:538} INFO - Filling up the DagBag from /opt/airflow/dags/uhi_pipeline_dag_decompose.py
[2025-05-18T10:17:27.283+0000] {processor.py:753} INFO - DAG(s) dict_keys(['uhi_index_analytics_pipeline_decompose']) retrieved from /opt/airflow/dags/uhi_pipeline_dag_decompose.py
[2025-05-18T10:17:27.332+0000] {logging_mixin.py:137} INFO - [2025-05-18T10:17:27.332+0000] {dag.py:2690} INFO - Sync 1 DAGs
[2025-05-18T10:17:27.380+0000] {logging_mixin.py:137} INFO - [2025-05-18T10:17:27.380+0000] {dag.py:3441} INFO - Setting next_dagrun for uhi_index_analytics_pipeline_decompose to None, run_after=None
[2025-05-18T10:17:27.427+0000] {processor.py:175} INFO - Processing /opt/airflow/dags/uhi_pipeline_dag_decompose.py took 4.099 seconds
[2025-05-18T10:17:57.677+0000] {processor.py:153} INFO - Started process (PID=210) to work on /opt/airflow/dags/uhi_pipeline_dag_decompose.py
[2025-05-18T10:17:57.681+0000] {processor.py:743} INFO - Processing file /opt/airflow/dags/uhi_pipeline_dag_decompose.py for tasks to queue
[2025-05-18T10:17:57.684+0000] {logging_mixin.py:137} INFO - [2025-05-18T10:17:57.683+0000] {dagbag.py:538} INFO - Filling up the DagBag from /opt/airflow/dags/uhi_pipeline_dag_decompose.py
[2025-05-18T10:18:02.624+0000] {processor.py:753} INFO - DAG(s) dict_keys(['uhi_index_analytics_pipeline_decompose']) retrieved from /opt/airflow/dags/uhi_pipeline_dag_decompose.py
[2025-05-18T10:18:02.667+0000] {logging_mixin.py:137} INFO - [2025-05-18T10:18:02.667+0000] {dag.py:2690} INFO - Sync 1 DAGs
[2025-05-18T10:18:02.710+0000] {logging_mixin.py:137} INFO - [2025-05-18T10:18:02.709+0000] {dag.py:3441} INFO - Setting next_dagrun for uhi_index_analytics_pipeline_decompose to None, run_after=None
[2025-05-18T10:18:02.751+0000] {processor.py:175} INFO - Processing /opt/airflow/dags/uhi_pipeline_dag_decompose.py took 5.091 seconds
[2025-05-18T10:18:33.070+0000] {processor.py:153} INFO - Started process (PID=214) to work on /opt/airflow/dags/uhi_pipeline_dag_decompose.py
[2025-05-18T10:18:33.072+0000] {processor.py:743} INFO - Processing file /opt/airflow/dags/uhi_pipeline_dag_decompose.py for tasks to queue
[2025-05-18T10:18:33.074+0000] {logging_mixin.py:137} INFO - [2025-05-18T10:18:33.074+0000] {dagbag.py:538} INFO - Filling up the DagBag from /opt/airflow/dags/uhi_pipeline_dag_decompose.py
[2025-05-18T10:18:38.282+0000] {processor.py:753} INFO - DAG(s) dict_keys(['uhi_index_analytics_pipeline_decompose']) retrieved from /opt/airflow/dags/uhi_pipeline_dag_decompose.py
[2025-05-18T10:18:38.329+0000] {logging_mixin.py:137} INFO - [2025-05-18T10:18:38.328+0000] {dag.py:2690} INFO - Sync 1 DAGs
[2025-05-18T10:18:38.395+0000] {logging_mixin.py:137} INFO - [2025-05-18T10:18:38.394+0000] {dag.py:3441} INFO - Setting next_dagrun for uhi_index_analytics_pipeline_decompose to None, run_after=None
[2025-05-18T10:18:38.446+0000] {processor.py:175} INFO - Processing /opt/airflow/dags/uhi_pipeline_dag_decompose.py took 5.381 seconds
[2025-05-18T10:19:08.726+0000] {processor.py:153} INFO - Started process (PID=218) to work on /opt/airflow/dags/uhi_pipeline_dag_decompose.py
[2025-05-18T10:19:08.727+0000] {processor.py:743} INFO - Processing file /opt/airflow/dags/uhi_pipeline_dag_decompose.py for tasks to queue
[2025-05-18T10:19:08.729+0000] {logging_mixin.py:137} INFO - [2025-05-18T10:19:08.728+0000] {dagbag.py:538} INFO - Filling up the DagBag from /opt/airflow/dags/uhi_pipeline_dag_decompose.py
[2025-05-18T10:19:12.234+0000] {processor.py:753} INFO - DAG(s) dict_keys(['uhi_index_analytics_pipeline_decompose']) retrieved from /opt/airflow/dags/uhi_pipeline_dag_decompose.py
[2025-05-18T10:19:12.282+0000] {logging_mixin.py:137} INFO - [2025-05-18T10:19:12.282+0000] {dag.py:2690} INFO - Sync 1 DAGs
[2025-05-18T10:19:12.316+0000] {logging_mixin.py:137} INFO - [2025-05-18T10:19:12.315+0000] {dag.py:3441} INFO - Setting next_dagrun for uhi_index_analytics_pipeline_decompose to None, run_after=None
[2025-05-18T10:19:12.353+0000] {processor.py:175} INFO - Processing /opt/airflow/dags/uhi_pipeline_dag_decompose.py took 3.633 seconds
[2025-05-18T10:19:43.195+0000] {processor.py:153} INFO - Started process (PID=222) to work on /opt/airflow/dags/uhi_pipeline_dag_decompose.py
[2025-05-18T10:19:43.197+0000] {processor.py:743} INFO - Processing file /opt/airflow/dags/uhi_pipeline_dag_decompose.py for tasks to queue
[2025-05-18T10:19:43.199+0000] {logging_mixin.py:137} INFO - [2025-05-18T10:19:43.199+0000] {dagbag.py:538} INFO - Filling up the DagBag from /opt/airflow/dags/uhi_pipeline_dag_decompose.py
[2025-05-18T10:19:47.626+0000] {processor.py:753} INFO - DAG(s) dict_keys(['uhi_index_analytics_pipeline_decompose']) retrieved from /opt/airflow/dags/uhi_pipeline_dag_decompose.py
[2025-05-18T10:19:47.676+0000] {logging_mixin.py:137} INFO - [2025-05-18T10:19:47.676+0000] {dag.py:2690} INFO - Sync 1 DAGs
[2025-05-18T10:19:47.731+0000] {logging_mixin.py:137} INFO - [2025-05-18T10:19:47.730+0000] {dag.py:3441} INFO - Setting next_dagrun for uhi_index_analytics_pipeline_decompose to None, run_after=None
[2025-05-18T10:19:47.771+0000] {processor.py:175} INFO - Processing /opt/airflow/dags/uhi_pipeline_dag_decompose.py took 4.582 seconds
[2025-05-18T10:20:18.302+0000] {processor.py:153} INFO - Started process (PID=226) to work on /opt/airflow/dags/uhi_pipeline_dag_decompose.py
[2025-05-18T10:20:18.304+0000] {processor.py:743} INFO - Processing file /opt/airflow/dags/uhi_pipeline_dag_decompose.py for tasks to queue
[2025-05-18T10:20:18.306+0000] {logging_mixin.py:137} INFO - [2025-05-18T10:20:18.306+0000] {dagbag.py:538} INFO - Filling up the DagBag from /opt/airflow/dags/uhi_pipeline_dag_decompose.py
[2025-05-18T10:20:24.661+0000] {processor.py:753} INFO - DAG(s) dict_keys(['uhi_index_analytics_pipeline_decompose']) retrieved from /opt/airflow/dags/uhi_pipeline_dag_decompose.py
[2025-05-18T10:20:24.722+0000] {logging_mixin.py:137} INFO - [2025-05-18T10:20:24.722+0000] {dag.py:2690} INFO - Sync 1 DAGs
[2025-05-18T10:20:24.774+0000] {logging_mixin.py:137} INFO - [2025-05-18T10:20:24.774+0000] {dag.py:3441} INFO - Setting next_dagrun for uhi_index_analytics_pipeline_decompose to None, run_after=None
[2025-05-18T10:20:24.823+0000] {processor.py:175} INFO - Processing /opt/airflow/dags/uhi_pipeline_dag_decompose.py took 6.525 seconds
[2025-05-18T10:20:55.095+0000] {processor.py:153} INFO - Started process (PID=230) to work on /opt/airflow/dags/uhi_pipeline_dag_decompose.py
[2025-05-18T10:20:55.097+0000] {processor.py:743} INFO - Processing file /opt/airflow/dags/uhi_pipeline_dag_decompose.py for tasks to queue
[2025-05-18T10:20:55.099+0000] {logging_mixin.py:137} INFO - [2025-05-18T10:20:55.098+0000] {dagbag.py:538} INFO - Filling up the DagBag from /opt/airflow/dags/uhi_pipeline_dag_decompose.py
[2025-05-18T10:20:59.378+0000] {processor.py:753} INFO - DAG(s) dict_keys(['uhi_index_analytics_pipeline_decompose']) retrieved from /opt/airflow/dags/uhi_pipeline_dag_decompose.py
[2025-05-18T10:20:59.422+0000] {logging_mixin.py:137} INFO - [2025-05-18T10:20:59.422+0000] {dag.py:2690} INFO - Sync 1 DAGs
[2025-05-18T10:20:59.472+0000] {logging_mixin.py:137} INFO - [2025-05-18T10:20:59.472+0000] {dag.py:3441} INFO - Setting next_dagrun for uhi_index_analytics_pipeline_decompose to None, run_after=None
[2025-05-18T10:20:59.520+0000] {processor.py:175} INFO - Processing /opt/airflow/dags/uhi_pipeline_dag_decompose.py took 4.566 seconds
[2025-05-18T10:21:29.760+0000] {processor.py:153} INFO - Started process (PID=234) to work on /opt/airflow/dags/uhi_pipeline_dag_decompose.py
[2025-05-18T10:21:29.761+0000] {processor.py:743} INFO - Processing file /opt/airflow/dags/uhi_pipeline_dag_decompose.py for tasks to queue
[2025-05-18T10:21:29.763+0000] {logging_mixin.py:137} INFO - [2025-05-18T10:21:29.763+0000] {dagbag.py:538} INFO - Filling up the DagBag from /opt/airflow/dags/uhi_pipeline_dag_decompose.py
[2025-05-18T10:21:33.175+0000] {processor.py:753} INFO - DAG(s) dict_keys(['uhi_index_analytics_pipeline_decompose']) retrieved from /opt/airflow/dags/uhi_pipeline_dag_decompose.py
[2025-05-18T10:21:33.236+0000] {logging_mixin.py:137} INFO - [2025-05-18T10:21:33.236+0000] {dag.py:2690} INFO - Sync 1 DAGs
[2025-05-18T10:21:33.269+0000] {logging_mixin.py:137} INFO - [2025-05-18T10:21:33.269+0000] {dag.py:3441} INFO - Setting next_dagrun for uhi_index_analytics_pipeline_decompose to None, run_after=None
[2025-05-18T10:21:33.308+0000] {processor.py:175} INFO - Processing /opt/airflow/dags/uhi_pipeline_dag_decompose.py took 3.553 seconds
[2025-05-18T10:22:03.962+0000] {processor.py:153} INFO - Started process (PID=238) to work on /opt/airflow/dags/uhi_pipeline_dag_decompose.py
[2025-05-18T10:22:03.963+0000] {processor.py:743} INFO - Processing file /opt/airflow/dags/uhi_pipeline_dag_decompose.py for tasks to queue
[2025-05-18T10:22:03.966+0000] {logging_mixin.py:137} INFO - [2025-05-18T10:22:03.966+0000] {dagbag.py:538} INFO - Filling up the DagBag from /opt/airflow/dags/uhi_pipeline_dag_decompose.py
[2025-05-18T10:22:09.344+0000] {processor.py:753} INFO - DAG(s) dict_keys(['uhi_index_analytics_pipeline_decompose']) retrieved from /opt/airflow/dags/uhi_pipeline_dag_decompose.py
[2025-05-18T10:22:09.384+0000] {logging_mixin.py:137} INFO - [2025-05-18T10:22:09.384+0000] {dag.py:2690} INFO - Sync 1 DAGs
[2025-05-18T10:22:09.424+0000] {logging_mixin.py:137} INFO - [2025-05-18T10:22:09.423+0000] {dag.py:3441} INFO - Setting next_dagrun for uhi_index_analytics_pipeline_decompose to None, run_after=None
[2025-05-18T10:22:09.460+0000] {processor.py:175} INFO - Processing /opt/airflow/dags/uhi_pipeline_dag_decompose.py took 5.502 seconds
[2025-05-18T10:22:39.562+0000] {processor.py:153} INFO - Started process (PID=242) to work on /opt/airflow/dags/uhi_pipeline_dag_decompose.py
[2025-05-18T10:22:39.564+0000] {processor.py:743} INFO - Processing file /opt/airflow/dags/uhi_pipeline_dag_decompose.py for tasks to queue
[2025-05-18T10:22:39.566+0000] {logging_mixin.py:137} INFO - [2025-05-18T10:22:39.565+0000] {dagbag.py:538} INFO - Filling up the DagBag from /opt/airflow/dags/uhi_pipeline_dag_decompose.py
[2025-05-18T10:22:42.999+0000] {processor.py:753} INFO - DAG(s) dict_keys(['uhi_index_analytics_pipeline_decompose']) retrieved from /opt/airflow/dags/uhi_pipeline_dag_decompose.py
[2025-05-18T10:22:43.035+0000] {logging_mixin.py:137} INFO - [2025-05-18T10:22:43.035+0000] {dag.py:2690} INFO - Sync 1 DAGs
[2025-05-18T10:22:43.069+0000] {logging_mixin.py:137} INFO - [2025-05-18T10:22:43.069+0000] {dag.py:3441} INFO - Setting next_dagrun for uhi_index_analytics_pipeline_decompose to None, run_after=None
[2025-05-18T10:22:43.101+0000] {processor.py:175} INFO - Processing /opt/airflow/dags/uhi_pipeline_dag_decompose.py took 3.545 seconds
[2025-05-18T10:23:13.204+0000] {processor.py:153} INFO - Started process (PID=246) to work on /opt/airflow/dags/uhi_pipeline_dag_decompose.py
[2025-05-18T10:23:13.206+0000] {processor.py:743} INFO - Processing file /opt/airflow/dags/uhi_pipeline_dag_decompose.py for tasks to queue
[2025-05-18T10:23:13.207+0000] {logging_mixin.py:137} INFO - [2025-05-18T10:23:13.206+0000] {dagbag.py:538} INFO - Filling up the DagBag from /opt/airflow/dags/uhi_pipeline_dag_decompose.py
[2025-05-18T10:23:16.655+0000] {processor.py:753} INFO - DAG(s) dict_keys(['uhi_index_analytics_pipeline_decompose']) retrieved from /opt/airflow/dags/uhi_pipeline_dag_decompose.py
[2025-05-18T10:23:16.694+0000] {logging_mixin.py:137} INFO - [2025-05-18T10:23:16.693+0000] {dag.py:2690} INFO - Sync 1 DAGs
[2025-05-18T10:23:16.731+0000] {logging_mixin.py:137} INFO - [2025-05-18T10:23:16.731+0000] {dag.py:3441} INFO - Setting next_dagrun for uhi_index_analytics_pipeline_decompose to None, run_after=None
[2025-05-18T10:23:16.764+0000] {processor.py:175} INFO - Processing /opt/airflow/dags/uhi_pipeline_dag_decompose.py took 3.564 seconds
[2025-05-18T10:23:47.381+0000] {processor.py:153} INFO - Started process (PID=250) to work on /opt/airflow/dags/uhi_pipeline_dag_decompose.py
[2025-05-18T10:23:47.382+0000] {processor.py:743} INFO - Processing file /opt/airflow/dags/uhi_pipeline_dag_decompose.py for tasks to queue
[2025-05-18T10:23:47.383+0000] {logging_mixin.py:137} INFO - [2025-05-18T10:23:47.383+0000] {dagbag.py:538} INFO - Filling up the DagBag from /opt/airflow/dags/uhi_pipeline_dag_decompose.py
[2025-05-18T10:23:50.440+0000] {processor.py:753} INFO - DAG(s) dict_keys(['uhi_index_analytics_pipeline_decompose']) retrieved from /opt/airflow/dags/uhi_pipeline_dag_decompose.py
[2025-05-18T10:23:50.504+0000] {logging_mixin.py:137} INFO - [2025-05-18T10:23:50.504+0000] {dag.py:2690} INFO - Sync 1 DAGs
[2025-05-18T10:23:50.544+0000] {logging_mixin.py:137} INFO - [2025-05-18T10:23:50.544+0000] {dag.py:3441} INFO - Setting next_dagrun for uhi_index_analytics_pipeline_decompose to None, run_after=None
[2025-05-18T10:23:50.577+0000] {processor.py:175} INFO - Processing /opt/airflow/dags/uhi_pipeline_dag_decompose.py took 3.200 seconds
[2025-05-18T10:24:22.142+0000] {processor.py:153} INFO - Started process (PID=264) to work on /opt/airflow/dags/uhi_pipeline_dag_decompose.py
[2025-05-18T10:24:22.156+0000] {processor.py:743} INFO - Processing file /opt/airflow/dags/uhi_pipeline_dag_decompose.py for tasks to queue
[2025-05-18T10:24:22.163+0000] {logging_mixin.py:137} INFO - [2025-05-18T10:24:22.163+0000] {dagbag.py:538} INFO - Filling up the DagBag from /opt/airflow/dags/uhi_pipeline_dag_decompose.py
[2025-05-18T10:24:40.953+0000] {processor.py:753} INFO - DAG(s) dict_keys(['uhi_index_analytics_pipeline_decompose']) retrieved from /opt/airflow/dags/uhi_pipeline_dag_decompose.py
[2025-05-18T10:24:41.326+0000] {logging_mixin.py:137} INFO - [2025-05-18T10:24:41.325+0000] {dag.py:2690} INFO - Sync 1 DAGs
[2025-05-18T10:24:41.731+0000] {logging_mixin.py:137} INFO - [2025-05-18T10:24:41.729+0000] {dag.py:3441} INFO - Setting next_dagrun for uhi_index_analytics_pipeline_decompose to None, run_after=None
[2025-05-18T10:24:41.883+0000] {processor.py:175} INFO - Processing /opt/airflow/dags/uhi_pipeline_dag_decompose.py took 19.970 seconds
[2025-05-18T10:25:12.902+0000] {processor.py:153} INFO - Started process (PID=272) to work on /opt/airflow/dags/uhi_pipeline_dag_decompose.py
[2025-05-18T10:25:12.905+0000] {processor.py:743} INFO - Processing file /opt/airflow/dags/uhi_pipeline_dag_decompose.py for tasks to queue
[2025-05-18T10:25:12.914+0000] {logging_mixin.py:137} INFO - [2025-05-18T10:25:12.914+0000] {dagbag.py:538} INFO - Filling up the DagBag from /opt/airflow/dags/uhi_pipeline_dag_decompose.py
[2025-05-18T10:25:18.207+0000] {logging_mixin.py:137} WARNING - Exception ignored in: <function WeakKeyDictionary.__init__.<locals>.remove at 0x7fee02a52d40>
[2025-05-18T10:25:18.208+0000] {logging_mixin.py:137} WARNING - Traceback (most recent call last):
[2025-05-18T10:25:18.209+0000] {logging_mixin.py:137} WARNING -   File "/usr/local/lib/python3.7/weakref.py", line 358, in remove
[2025-05-18T10:25:18.210+0000] {logging_mixin.py:137} WARNING -     def remove(k, selfref=ref(self)):
[2025-05-18T10:25:18.211+0000] {logging_mixin.py:137} WARNING -   File "/home/airflow/.local/lib/python3.7/site-packages/airflow/dag_processing/manager.py", line 466, in _exit_gracefully
[2025-05-18T10:25:18.213+0000] {logging_mixin.py:137} WARNING -     self.log.debug("Current Stacktrace is: %s", "\n".join(map(str, inspect.stack())))
[2025-05-18T10:25:18.214+0000] {logging_mixin.py:137} WARNING -   File "/usr/local/lib/python3.7/inspect.py", line 1513, in stack
[2025-05-18T10:25:18.217+0000] {logging_mixin.py:137} WARNING -     return getouterframes(sys._getframe(1), context)
[2025-05-18T10:25:18.218+0000] {logging_mixin.py:137} WARNING -   File "/usr/local/lib/python3.7/inspect.py", line 1490, in getouterframes
[2025-05-18T10:25:18.220+0000] {logging_mixin.py:137} WARNING -     frameinfo = (frame,) + getframeinfo(frame, context)
[2025-05-18T10:25:18.222+0000] {logging_mixin.py:137} WARNING -   File "/usr/local/lib/python3.7/inspect.py", line 1464, in getframeinfo
[2025-05-18T10:25:18.223+0000] {logging_mixin.py:137} WARNING -     lines, lnum = findsource(frame)
[2025-05-18T10:25:18.224+0000] {logging_mixin.py:137} WARNING -   File "/usr/local/lib/python3.7/inspect.py", line 780, in findsource
[2025-05-18T10:25:18.226+0000] {logging_mixin.py:137} WARNING -     module = getmodule(object, file)
[2025-05-18T10:25:18.227+0000] {logging_mixin.py:137} WARNING -   File "/usr/local/lib/python3.7/inspect.py", line 742, in getmodule
[2025-05-18T10:25:18.229+0000] {logging_mixin.py:137} WARNING -     os.path.realpath(f)] = module.__name__
[2025-05-18T10:25:18.230+0000] {logging_mixin.py:137} WARNING -   File "/usr/local/lib/python3.7/posixpath.py", line 395, in realpath
[2025-05-18T10:25:18.231+0000] {logging_mixin.py:137} WARNING -     path, ok = _joinrealpath(filename[:0], filename, {})
[2025-05-18T10:25:18.233+0000] {logging_mixin.py:137} WARNING -   File "/usr/local/lib/python3.7/posixpath.py", line 429, in _joinrealpath
[2025-05-18T10:25:18.235+0000] {logging_mixin.py:137} WARNING -     if not islink(newpath):
[2025-05-18T10:25:18.236+0000] {logging_mixin.py:137} WARNING -   File "/usr/local/lib/python3.7/posixpath.py", line 171, in islink
[2025-05-18T10:25:18.237+0000] {logging_mixin.py:137} WARNING -     st = os.lstat(path)
[2025-05-18T10:25:18.238+0000] {logging_mixin.py:137} WARNING -   File "/home/airflow/.local/lib/python3.7/site-packages/airflow/dag_processing/manager.py", line 470, in _exit_gracefully
[2025-05-18T10:25:18.239+0000] {logging_mixin.py:137} WARNING -     sys.exit(os.EX_OK)
[2025-05-18T10:25:18.239+0000] {logging_mixin.py:137} WARNING - SystemExit: 0
[2025-05-18T10:25:21.814+0000] {processor.py:753} INFO - DAG(s) dict_keys(['uhi_index_analytics_pipeline_decompose']) retrieved from /opt/airflow/dags/uhi_pipeline_dag_decompose.py
