[2025-05-18T09:54:58.089+0000] {processor.py:153} INFO - Started process (PID=41) to work on /opt/airflow/dags/uhi_pipeline_dag.py
[2025-05-18T09:54:58.104+0000] {processor.py:743} INFO - Processing file /opt/airflow/dags/uhi_pipeline_dag.py for tasks to queue
[2025-05-18T09:54:58.108+0000] {logging_mixin.py:137} INFO - [2025-05-18T09:54:58.108+0000] {dagbag.py:538} INFO - Filling up the DagBag from /opt/airflow/dags/uhi_pipeline_dag.py
[2025-05-18T09:55:34.518+0000] {processor.py:753} INFO - DAG(s) dict_keys(['uhi_index_analytics_pipeline']) retrieved from /opt/airflow/dags/uhi_pipeline_dag.py
[2025-05-18T09:55:35.026+0000] {logging_mixin.py:137} INFO - [2025-05-18T09:55:35.025+0000] {dag.py:2690} INFO - Sync 1 DAGs
[2025-05-18T09:55:35.300+0000] {logging_mixin.py:137} INFO - [2025-05-18T09:55:35.300+0000] {dag.py:3441} INFO - Setting next_dagrun for uhi_index_analytics_pipeline to None, run_after=None
[2025-05-18T09:55:35.469+0000] {processor.py:175} INFO - Processing /opt/airflow/dags/uhi_pipeline_dag.py took 37.476 seconds
[2025-05-18T09:56:06.395+0000] {processor.py:153} INFO - Started process (PID=63) to work on /opt/airflow/dags/uhi_pipeline_dag.py
[2025-05-18T09:56:06.407+0000] {processor.py:743} INFO - Processing file /opt/airflow/dags/uhi_pipeline_dag.py for tasks to queue
[2025-05-18T09:56:06.417+0000] {logging_mixin.py:137} INFO - [2025-05-18T09:56:06.417+0000] {dagbag.py:538} INFO - Filling up the DagBag from /opt/airflow/dags/uhi_pipeline_dag.py
[2025-05-18T09:56:21.169+0000] {processor.py:753} INFO - DAG(s) dict_keys(['uhi_index_analytics_pipeline']) retrieved from /opt/airflow/dags/uhi_pipeline_dag.py
[2025-05-18T09:56:21.253+0000] {logging_mixin.py:137} INFO - [2025-05-18T09:56:21.252+0000] {dag.py:2690} INFO - Sync 1 DAGs
[2025-05-18T09:56:21.375+0000] {logging_mixin.py:137} INFO - [2025-05-18T09:56:21.374+0000] {dag.py:3441} INFO - Setting next_dagrun for uhi_index_analytics_pipeline to None, run_after=None
[2025-05-18T09:56:21.475+0000] {processor.py:175} INFO - Processing /opt/airflow/dags/uhi_pipeline_dag.py took 15.110 seconds
[2025-05-18T09:56:51.991+0000] {processor.py:153} INFO - Started process (PID=68) to work on /opt/airflow/dags/uhi_pipeline_dag.py
[2025-05-18T09:56:51.993+0000] {processor.py:743} INFO - Processing file /opt/airflow/dags/uhi_pipeline_dag.py for tasks to queue
[2025-05-18T09:56:51.995+0000] {logging_mixin.py:137} INFO - [2025-05-18T09:56:51.994+0000] {dagbag.py:538} INFO - Filling up the DagBag from /opt/airflow/dags/uhi_pipeline_dag.py
[2025-05-18T09:56:59.971+0000] {processor.py:753} INFO - DAG(s) dict_keys(['uhi_index_analytics_pipeline']) retrieved from /opt/airflow/dags/uhi_pipeline_dag.py
[2025-05-18T09:57:00.025+0000] {logging_mixin.py:137} INFO - [2025-05-18T09:57:00.024+0000] {dag.py:2690} INFO - Sync 1 DAGs
[2025-05-18T09:57:00.093+0000] {logging_mixin.py:137} INFO - [2025-05-18T09:57:00.092+0000] {dag.py:3441} INFO - Setting next_dagrun for uhi_index_analytics_pipeline to None, run_after=None
[2025-05-18T09:57:00.144+0000] {processor.py:175} INFO - Processing /opt/airflow/dags/uhi_pipeline_dag.py took 8.158 seconds
[2025-05-18T09:57:30.532+0000] {processor.py:153} INFO - Started process (PID=72) to work on /opt/airflow/dags/uhi_pipeline_dag.py
[2025-05-18T09:57:30.534+0000] {processor.py:743} INFO - Processing file /opt/airflow/dags/uhi_pipeline_dag.py for tasks to queue
[2025-05-18T09:57:30.537+0000] {logging_mixin.py:137} INFO - [2025-05-18T09:57:30.537+0000] {dagbag.py:538} INFO - Filling up the DagBag from /opt/airflow/dags/uhi_pipeline_dag.py
[2025-05-18T09:57:36.582+0000] {processor.py:753} INFO - DAG(s) dict_keys(['uhi_index_analytics_pipeline']) retrieved from /opt/airflow/dags/uhi_pipeline_dag.py
[2025-05-18T09:57:36.623+0000] {logging_mixin.py:137} INFO - [2025-05-18T09:57:36.623+0000] {dag.py:2690} INFO - Sync 1 DAGs
[2025-05-18T09:57:36.692+0000] {logging_mixin.py:137} INFO - [2025-05-18T09:57:36.692+0000] {dag.py:3441} INFO - Setting next_dagrun for uhi_index_analytics_pipeline to None, run_after=None
[2025-05-18T09:57:36.742+0000] {processor.py:175} INFO - Processing /opt/airflow/dags/uhi_pipeline_dag.py took 6.279 seconds
[2025-05-18T09:58:06.940+0000] {processor.py:153} INFO - Started process (PID=76) to work on /opt/airflow/dags/uhi_pipeline_dag.py
[2025-05-18T09:58:06.943+0000] {processor.py:743} INFO - Processing file /opt/airflow/dags/uhi_pipeline_dag.py for tasks to queue
[2025-05-18T09:58:06.947+0000] {logging_mixin.py:137} INFO - [2025-05-18T09:58:06.946+0000] {dagbag.py:538} INFO - Filling up the DagBag from /opt/airflow/dags/uhi_pipeline_dag.py
[2025-05-18T09:58:17.522+0000] {processor.py:753} INFO - DAG(s) dict_keys(['uhi_index_analytics_pipeline']) retrieved from /opt/airflow/dags/uhi_pipeline_dag.py
[2025-05-18T09:58:17.568+0000] {logging_mixin.py:137} INFO - [2025-05-18T09:58:17.568+0000] {dag.py:2690} INFO - Sync 1 DAGs
[2025-05-18T09:58:17.652+0000] {logging_mixin.py:137} INFO - [2025-05-18T09:58:17.651+0000] {dag.py:3441} INFO - Setting next_dagrun for uhi_index_analytics_pipeline to None, run_after=None
[2025-05-18T09:58:17.729+0000] {processor.py:175} INFO - Processing /opt/airflow/dags/uhi_pipeline_dag.py took 10.798 seconds
[2025-05-18T09:58:48.260+0000] {processor.py:153} INFO - Started process (PID=80) to work on /opt/airflow/dags/uhi_pipeline_dag.py
[2025-05-18T09:58:48.271+0000] {processor.py:743} INFO - Processing file /opt/airflow/dags/uhi_pipeline_dag.py for tasks to queue
[2025-05-18T09:58:48.274+0000] {logging_mixin.py:137} INFO - [2025-05-18T09:58:48.274+0000] {dagbag.py:538} INFO - Filling up the DagBag from /opt/airflow/dags/uhi_pipeline_dag.py
[2025-05-18T09:58:54.941+0000] {processor.py:753} INFO - DAG(s) dict_keys(['uhi_index_analytics_pipeline']) retrieved from /opt/airflow/dags/uhi_pipeline_dag.py
[2025-05-18T09:58:55.011+0000] {logging_mixin.py:137} INFO - [2025-05-18T09:58:55.011+0000] {dag.py:2690} INFO - Sync 1 DAGs
[2025-05-18T09:58:55.089+0000] {logging_mixin.py:137} INFO - [2025-05-18T09:58:55.088+0000] {dag.py:3441} INFO - Setting next_dagrun for uhi_index_analytics_pipeline to None, run_after=None
[2025-05-18T09:58:55.143+0000] {processor.py:175} INFO - Processing /opt/airflow/dags/uhi_pipeline_dag.py took 6.908 seconds
[2025-05-18T09:59:25.472+0000] {processor.py:153} INFO - Started process (PID=84) to work on /opt/airflow/dags/uhi_pipeline_dag.py
[2025-05-18T09:59:25.475+0000] {processor.py:743} INFO - Processing file /opt/airflow/dags/uhi_pipeline_dag.py for tasks to queue
[2025-05-18T09:59:25.479+0000] {logging_mixin.py:137} INFO - [2025-05-18T09:59:25.478+0000] {dagbag.py:538} INFO - Filling up the DagBag from /opt/airflow/dags/uhi_pipeline_dag.py
[2025-05-18T09:59:32.953+0000] {processor.py:753} INFO - DAG(s) dict_keys(['uhi_index_analytics_pipeline']) retrieved from /opt/airflow/dags/uhi_pipeline_dag.py
[2025-05-18T09:59:33.006+0000] {logging_mixin.py:137} INFO - [2025-05-18T09:59:33.005+0000] {dag.py:2690} INFO - Sync 1 DAGs
[2025-05-18T09:59:33.077+0000] {logging_mixin.py:137} INFO - [2025-05-18T09:59:33.077+0000] {dag.py:3441} INFO - Setting next_dagrun for uhi_index_analytics_pipeline to None, run_after=None
[2025-05-18T09:59:33.128+0000] {processor.py:175} INFO - Processing /opt/airflow/dags/uhi_pipeline_dag.py took 7.706 seconds
[2025-05-18T10:00:03.445+0000] {processor.py:153} INFO - Started process (PID=88) to work on /opt/airflow/dags/uhi_pipeline_dag.py
[2025-05-18T10:00:03.447+0000] {processor.py:743} INFO - Processing file /opt/airflow/dags/uhi_pipeline_dag.py for tasks to queue
[2025-05-18T10:00:03.449+0000] {logging_mixin.py:137} INFO - [2025-05-18T10:00:03.448+0000] {dagbag.py:538} INFO - Filling up the DagBag from /opt/airflow/dags/uhi_pipeline_dag.py
[2025-05-18T10:00:07.522+0000] {processor.py:753} INFO - DAG(s) dict_keys(['uhi_index_analytics_pipeline']) retrieved from /opt/airflow/dags/uhi_pipeline_dag.py
[2025-05-18T10:00:07.558+0000] {logging_mixin.py:137} INFO - [2025-05-18T10:00:07.558+0000] {dag.py:2690} INFO - Sync 1 DAGs
[2025-05-18T10:00:07.598+0000] {logging_mixin.py:137} INFO - [2025-05-18T10:00:07.597+0000] {dag.py:3441} INFO - Setting next_dagrun for uhi_index_analytics_pipeline to None, run_after=None
[2025-05-18T10:00:07.636+0000] {processor.py:175} INFO - Processing /opt/airflow/dags/uhi_pipeline_dag.py took 4.197 seconds
[2025-05-18T10:00:37.989+0000] {processor.py:153} INFO - Started process (PID=92) to work on /opt/airflow/dags/uhi_pipeline_dag.py
[2025-05-18T10:00:37.991+0000] {processor.py:743} INFO - Processing file /opt/airflow/dags/uhi_pipeline_dag.py for tasks to queue
[2025-05-18T10:00:37.992+0000] {logging_mixin.py:137} INFO - [2025-05-18T10:00:37.992+0000] {dagbag.py:538} INFO - Filling up the DagBag from /opt/airflow/dags/uhi_pipeline_dag.py
[2025-05-18T10:00:41.786+0000] {processor.py:753} INFO - DAG(s) dict_keys(['uhi_index_analytics_pipeline']) retrieved from /opt/airflow/dags/uhi_pipeline_dag.py
[2025-05-18T10:00:41.813+0000] {logging_mixin.py:137} INFO - [2025-05-18T10:00:41.812+0000] {dag.py:2690} INFO - Sync 1 DAGs
[2025-05-18T10:00:41.851+0000] {logging_mixin.py:137} INFO - [2025-05-18T10:00:41.850+0000] {dag.py:3441} INFO - Setting next_dagrun for uhi_index_analytics_pipeline to None, run_after=None
[2025-05-18T10:00:41.888+0000] {processor.py:175} INFO - Processing /opt/airflow/dags/uhi_pipeline_dag.py took 3.903 seconds
[2025-05-18T10:01:12.055+0000] {processor.py:153} INFO - Started process (PID=96) to work on /opt/airflow/dags/uhi_pipeline_dag.py
[2025-05-18T10:01:12.057+0000] {processor.py:743} INFO - Processing file /opt/airflow/dags/uhi_pipeline_dag.py for tasks to queue
[2025-05-18T10:01:12.061+0000] {logging_mixin.py:137} INFO - [2025-05-18T10:01:12.060+0000] {dagbag.py:538} INFO - Filling up the DagBag from /opt/airflow/dags/uhi_pipeline_dag.py
[2025-05-18T10:01:16.671+0000] {processor.py:753} INFO - DAG(s) dict_keys(['uhi_index_analytics_pipeline']) retrieved from /opt/airflow/dags/uhi_pipeline_dag.py
[2025-05-18T10:01:16.710+0000] {logging_mixin.py:137} INFO - [2025-05-18T10:01:16.709+0000] {dag.py:2690} INFO - Sync 1 DAGs
[2025-05-18T10:01:16.746+0000] {logging_mixin.py:137} INFO - [2025-05-18T10:01:16.746+0000] {dag.py:3441} INFO - Setting next_dagrun for uhi_index_analytics_pipeline to None, run_after=None
[2025-05-18T10:01:16.785+0000] {processor.py:175} INFO - Processing /opt/airflow/dags/uhi_pipeline_dag.py took 4.734 seconds
[2025-05-18T10:01:47.190+0000] {processor.py:153} INFO - Started process (PID=100) to work on /opt/airflow/dags/uhi_pipeline_dag.py
[2025-05-18T10:01:47.192+0000] {processor.py:743} INFO - Processing file /opt/airflow/dags/uhi_pipeline_dag.py for tasks to queue
[2025-05-18T10:01:47.193+0000] {logging_mixin.py:137} INFO - [2025-05-18T10:01:47.193+0000] {dagbag.py:538} INFO - Filling up the DagBag from /opt/airflow/dags/uhi_pipeline_dag.py
[2025-05-18T10:01:52.048+0000] {processor.py:753} INFO - DAG(s) dict_keys(['uhi_index_analytics_pipeline']) retrieved from /opt/airflow/dags/uhi_pipeline_dag.py
[2025-05-18T10:01:52.082+0000] {logging_mixin.py:137} INFO - [2025-05-18T10:01:52.082+0000] {dag.py:2690} INFO - Sync 1 DAGs
[2025-05-18T10:01:52.130+0000] {logging_mixin.py:137} INFO - [2025-05-18T10:01:52.130+0000] {dag.py:3441} INFO - Setting next_dagrun for uhi_index_analytics_pipeline to None, run_after=None
[2025-05-18T10:01:52.176+0000] {processor.py:175} INFO - Processing /opt/airflow/dags/uhi_pipeline_dag.py took 4.990 seconds
[2025-05-18T10:02:22.538+0000] {processor.py:153} INFO - Started process (PID=104) to work on /opt/airflow/dags/uhi_pipeline_dag.py
[2025-05-18T10:02:22.540+0000] {processor.py:743} INFO - Processing file /opt/airflow/dags/uhi_pipeline_dag.py for tasks to queue
[2025-05-18T10:02:22.543+0000] {logging_mixin.py:137} INFO - [2025-05-18T10:02:22.543+0000] {dagbag.py:538} INFO - Filling up the DagBag from /opt/airflow/dags/uhi_pipeline_dag.py
[2025-05-18T10:02:26.459+0000] {processor.py:753} INFO - DAG(s) dict_keys(['uhi_index_analytics_pipeline']) retrieved from /opt/airflow/dags/uhi_pipeline_dag.py
[2025-05-18T10:02:26.485+0000] {logging_mixin.py:137} INFO - [2025-05-18T10:02:26.485+0000] {dag.py:2690} INFO - Sync 1 DAGs
[2025-05-18T10:02:26.523+0000] {logging_mixin.py:137} INFO - [2025-05-18T10:02:26.523+0000] {dag.py:3441} INFO - Setting next_dagrun for uhi_index_analytics_pipeline to None, run_after=None
[2025-05-18T10:02:26.694+0000] {processor.py:175} INFO - Processing /opt/airflow/dags/uhi_pipeline_dag.py took 4.164 seconds
[2025-05-18T10:02:56.953+0000] {processor.py:153} INFO - Started process (PID=108) to work on /opt/airflow/dags/uhi_pipeline_dag.py
[2025-05-18T10:02:56.955+0000] {processor.py:743} INFO - Processing file /opt/airflow/dags/uhi_pipeline_dag.py for tasks to queue
[2025-05-18T10:02:56.956+0000] {logging_mixin.py:137} INFO - [2025-05-18T10:02:56.956+0000] {dagbag.py:538} INFO - Filling up the DagBag from /opt/airflow/dags/uhi_pipeline_dag.py
[2025-05-18T10:03:00.695+0000] {processor.py:753} INFO - DAG(s) dict_keys(['uhi_index_analytics_pipeline']) retrieved from /opt/airflow/dags/uhi_pipeline_dag.py
[2025-05-18T10:03:00.728+0000] {logging_mixin.py:137} INFO - [2025-05-18T10:03:00.728+0000] {dag.py:2690} INFO - Sync 1 DAGs
[2025-05-18T10:03:00.767+0000] {logging_mixin.py:137} INFO - [2025-05-18T10:03:00.766+0000] {dag.py:3441} INFO - Setting next_dagrun for uhi_index_analytics_pipeline to None, run_after=None
[2025-05-18T10:03:00.798+0000] {processor.py:175} INFO - Processing /opt/airflow/dags/uhi_pipeline_dag.py took 3.920 seconds
[2025-05-18T10:03:31.077+0000] {processor.py:153} INFO - Started process (PID=112) to work on /opt/airflow/dags/uhi_pipeline_dag.py
[2025-05-18T10:03:31.083+0000] {processor.py:743} INFO - Processing file /opt/airflow/dags/uhi_pipeline_dag.py for tasks to queue
[2025-05-18T10:03:31.091+0000] {logging_mixin.py:137} INFO - [2025-05-18T10:03:31.086+0000] {dagbag.py:538} INFO - Filling up the DagBag from /opt/airflow/dags/uhi_pipeline_dag.py
[2025-05-18T10:03:35.903+0000] {processor.py:753} INFO - DAG(s) dict_keys(['uhi_index_analytics_pipeline']) retrieved from /opt/airflow/dags/uhi_pipeline_dag.py
[2025-05-18T10:03:35.936+0000] {logging_mixin.py:137} INFO - [2025-05-18T10:03:35.935+0000] {dag.py:2690} INFO - Sync 1 DAGs
[2025-05-18T10:03:35.983+0000] {logging_mixin.py:137} INFO - [2025-05-18T10:03:35.983+0000] {dag.py:3441} INFO - Setting next_dagrun for uhi_index_analytics_pipeline to None, run_after=None
[2025-05-18T10:03:36.026+0000] {processor.py:175} INFO - Processing /opt/airflow/dags/uhi_pipeline_dag.py took 4.964 seconds
[2025-05-18T10:04:06.757+0000] {processor.py:153} INFO - Started process (PID=116) to work on /opt/airflow/dags/uhi_pipeline_dag.py
[2025-05-18T10:04:06.759+0000] {processor.py:743} INFO - Processing file /opt/airflow/dags/uhi_pipeline_dag.py for tasks to queue
[2025-05-18T10:04:06.761+0000] {logging_mixin.py:137} INFO - [2025-05-18T10:04:06.761+0000] {dagbag.py:538} INFO - Filling up the DagBag from /opt/airflow/dags/uhi_pipeline_dag.py
[2025-05-18T10:04:11.710+0000] {processor.py:753} INFO - DAG(s) dict_keys(['uhi_index_analytics_pipeline']) retrieved from /opt/airflow/dags/uhi_pipeline_dag.py
[2025-05-18T10:04:11.741+0000] {logging_mixin.py:137} INFO - [2025-05-18T10:04:11.741+0000] {dag.py:2690} INFO - Sync 1 DAGs
[2025-05-18T10:04:11.786+0000] {logging_mixin.py:137} INFO - [2025-05-18T10:04:11.786+0000] {dag.py:3441} INFO - Setting next_dagrun for uhi_index_analytics_pipeline to None, run_after=None
[2025-05-18T10:04:11.838+0000] {processor.py:175} INFO - Processing /opt/airflow/dags/uhi_pipeline_dag.py took 5.087 seconds
[2025-05-18T10:04:42.225+0000] {processor.py:153} INFO - Started process (PID=120) to work on /opt/airflow/dags/uhi_pipeline_dag.py
[2025-05-18T10:04:42.228+0000] {processor.py:743} INFO - Processing file /opt/airflow/dags/uhi_pipeline_dag.py for tasks to queue
[2025-05-18T10:04:42.230+0000] {logging_mixin.py:137} INFO - [2025-05-18T10:04:42.230+0000] {dagbag.py:538} INFO - Filling up the DagBag from /opt/airflow/dags/uhi_pipeline_dag.py
[2025-05-18T10:04:47.704+0000] {processor.py:753} INFO - DAG(s) dict_keys(['uhi_index_analytics_pipeline']) retrieved from /opt/airflow/dags/uhi_pipeline_dag.py
[2025-05-18T10:04:47.751+0000] {logging_mixin.py:137} INFO - [2025-05-18T10:04:47.751+0000] {dag.py:2690} INFO - Sync 1 DAGs
[2025-05-18T10:04:47.806+0000] {logging_mixin.py:137} INFO - [2025-05-18T10:04:47.805+0000] {dag.py:3441} INFO - Setting next_dagrun for uhi_index_analytics_pipeline to None, run_after=None
[2025-05-18T10:04:47.863+0000] {processor.py:175} INFO - Processing /opt/airflow/dags/uhi_pipeline_dag.py took 5.645 seconds
[2025-05-18T10:05:18.474+0000] {processor.py:153} INFO - Started process (PID=124) to work on /opt/airflow/dags/uhi_pipeline_dag.py
[2025-05-18T10:05:18.475+0000] {processor.py:743} INFO - Processing file /opt/airflow/dags/uhi_pipeline_dag.py for tasks to queue
[2025-05-18T10:05:18.477+0000] {logging_mixin.py:137} INFO - [2025-05-18T10:05:18.476+0000] {dagbag.py:538} INFO - Filling up the DagBag from /opt/airflow/dags/uhi_pipeline_dag.py
[2025-05-18T10:05:24.161+0000] {processor.py:753} INFO - DAG(s) dict_keys(['uhi_index_analytics_pipeline']) retrieved from /opt/airflow/dags/uhi_pipeline_dag.py
[2025-05-18T10:05:24.208+0000] {logging_mixin.py:137} INFO - [2025-05-18T10:05:24.207+0000] {dag.py:2690} INFO - Sync 1 DAGs
[2025-05-18T10:05:24.268+0000] {logging_mixin.py:137} INFO - [2025-05-18T10:05:24.268+0000] {dag.py:3441} INFO - Setting next_dagrun for uhi_index_analytics_pipeline to None, run_after=None
[2025-05-18T10:05:24.316+0000] {processor.py:175} INFO - Processing /opt/airflow/dags/uhi_pipeline_dag.py took 5.846 seconds
[2025-05-18T10:05:54.907+0000] {processor.py:153} INFO - Started process (PID=128) to work on /opt/airflow/dags/uhi_pipeline_dag.py
[2025-05-18T10:05:54.908+0000] {processor.py:743} INFO - Processing file /opt/airflow/dags/uhi_pipeline_dag.py for tasks to queue
[2025-05-18T10:05:54.911+0000] {logging_mixin.py:137} INFO - [2025-05-18T10:05:54.910+0000] {dagbag.py:538} INFO - Filling up the DagBag from /opt/airflow/dags/uhi_pipeline_dag.py
[2025-05-18T10:05:59.671+0000] {processor.py:753} INFO - DAG(s) dict_keys(['uhi_index_analytics_pipeline']) retrieved from /opt/airflow/dags/uhi_pipeline_dag.py
[2025-05-18T10:05:59.760+0000] {logging_mixin.py:137} INFO - [2025-05-18T10:05:59.760+0000] {dag.py:2690} INFO - Sync 1 DAGs
[2025-05-18T10:05:59.822+0000] {logging_mixin.py:137} INFO - [2025-05-18T10:05:59.822+0000] {dag.py:3441} INFO - Setting next_dagrun for uhi_index_analytics_pipeline to None, run_after=None
[2025-05-18T10:05:59.906+0000] {processor.py:175} INFO - Processing /opt/airflow/dags/uhi_pipeline_dag.py took 5.069 seconds
[2025-05-18T10:06:30.277+0000] {processor.py:153} INFO - Started process (PID=132) to work on /opt/airflow/dags/uhi_pipeline_dag.py
[2025-05-18T10:06:30.278+0000] {processor.py:743} INFO - Processing file /opt/airflow/dags/uhi_pipeline_dag.py for tasks to queue
[2025-05-18T10:06:30.280+0000] {logging_mixin.py:137} INFO - [2025-05-18T10:06:30.280+0000] {dagbag.py:538} INFO - Filling up the DagBag from /opt/airflow/dags/uhi_pipeline_dag.py
[2025-05-18T10:06:34.118+0000] {processor.py:753} INFO - DAG(s) dict_keys(['uhi_index_analytics_pipeline']) retrieved from /opt/airflow/dags/uhi_pipeline_dag.py
[2025-05-18T10:06:34.150+0000] {logging_mixin.py:137} INFO - [2025-05-18T10:06:34.150+0000] {dag.py:2690} INFO - Sync 1 DAGs
[2025-05-18T10:06:34.189+0000] {logging_mixin.py:137} INFO - [2025-05-18T10:06:34.189+0000] {dag.py:3441} INFO - Setting next_dagrun for uhi_index_analytics_pipeline to None, run_after=None
[2025-05-18T10:06:34.227+0000] {processor.py:175} INFO - Processing /opt/airflow/dags/uhi_pipeline_dag.py took 3.955 seconds
[2025-05-18T10:07:04.542+0000] {processor.py:153} INFO - Started process (PID=136) to work on /opt/airflow/dags/uhi_pipeline_dag.py
[2025-05-18T10:07:04.544+0000] {processor.py:743} INFO - Processing file /opt/airflow/dags/uhi_pipeline_dag.py for tasks to queue
[2025-05-18T10:07:04.546+0000] {logging_mixin.py:137} INFO - [2025-05-18T10:07:04.546+0000] {dagbag.py:538} INFO - Filling up the DagBag from /opt/airflow/dags/uhi_pipeline_dag.py
[2025-05-18T10:07:09.133+0000] {processor.py:753} INFO - DAG(s) dict_keys(['uhi_index_analytics_pipeline']) retrieved from /opt/airflow/dags/uhi_pipeline_dag.py
[2025-05-18T10:07:09.165+0000] {logging_mixin.py:137} INFO - [2025-05-18T10:07:09.165+0000] {dag.py:2690} INFO - Sync 1 DAGs
[2025-05-18T10:07:09.220+0000] {logging_mixin.py:137} INFO - [2025-05-18T10:07:09.219+0000] {dag.py:3441} INFO - Setting next_dagrun for uhi_index_analytics_pipeline to None, run_after=None
[2025-05-18T10:07:09.261+0000] {processor.py:175} INFO - Processing /opt/airflow/dags/uhi_pipeline_dag.py took 4.725 seconds
[2025-05-18T10:07:39.892+0000] {processor.py:153} INFO - Started process (PID=140) to work on /opt/airflow/dags/uhi_pipeline_dag.py
[2025-05-18T10:07:39.894+0000] {processor.py:743} INFO - Processing file /opt/airflow/dags/uhi_pipeline_dag.py for tasks to queue
[2025-05-18T10:07:39.896+0000] {logging_mixin.py:137} INFO - [2025-05-18T10:07:39.896+0000] {dagbag.py:538} INFO - Filling up the DagBag from /opt/airflow/dags/uhi_pipeline_dag.py
[2025-05-18T10:07:45.726+0000] {processor.py:753} INFO - DAG(s) dict_keys(['uhi_index_analytics_pipeline']) retrieved from /opt/airflow/dags/uhi_pipeline_dag.py
[2025-05-18T10:07:45.780+0000] {logging_mixin.py:137} INFO - [2025-05-18T10:07:45.779+0000] {dag.py:2690} INFO - Sync 1 DAGs
[2025-05-18T10:07:45.839+0000] {logging_mixin.py:137} INFO - [2025-05-18T10:07:45.839+0000] {dag.py:3441} INFO - Setting next_dagrun for uhi_index_analytics_pipeline to None, run_after=None
[2025-05-18T10:07:45.923+0000] {processor.py:175} INFO - Processing /opt/airflow/dags/uhi_pipeline_dag.py took 6.036 seconds
[2025-05-18T10:08:16.333+0000] {processor.py:153} INFO - Started process (PID=144) to work on /opt/airflow/dags/uhi_pipeline_dag.py
[2025-05-18T10:08:16.336+0000] {processor.py:743} INFO - Processing file /opt/airflow/dags/uhi_pipeline_dag.py for tasks to queue
[2025-05-18T10:08:16.338+0000] {logging_mixin.py:137} INFO - [2025-05-18T10:08:16.338+0000] {dagbag.py:538} INFO - Filling up the DagBag from /opt/airflow/dags/uhi_pipeline_dag.py
[2025-05-18T10:08:21.499+0000] {processor.py:753} INFO - DAG(s) dict_keys(['uhi_index_analytics_pipeline']) retrieved from /opt/airflow/dags/uhi_pipeline_dag.py
[2025-05-18T10:08:21.547+0000] {logging_mixin.py:137} INFO - [2025-05-18T10:08:21.547+0000] {dag.py:2690} INFO - Sync 1 DAGs
[2025-05-18T10:08:21.597+0000] {logging_mixin.py:137} INFO - [2025-05-18T10:08:21.597+0000] {dag.py:3441} INFO - Setting next_dagrun for uhi_index_analytics_pipeline to None, run_after=None
[2025-05-18T10:08:21.664+0000] {processor.py:175} INFO - Processing /opt/airflow/dags/uhi_pipeline_dag.py took 5.343 seconds
[2025-05-18T10:08:51.992+0000] {processor.py:153} INFO - Started process (PID=148) to work on /opt/airflow/dags/uhi_pipeline_dag.py
[2025-05-18T10:08:51.993+0000] {processor.py:743} INFO - Processing file /opt/airflow/dags/uhi_pipeline_dag.py for tasks to queue
[2025-05-18T10:08:51.995+0000] {logging_mixin.py:137} INFO - [2025-05-18T10:08:51.995+0000] {dagbag.py:538} INFO - Filling up the DagBag from /opt/airflow/dags/uhi_pipeline_dag.py
[2025-05-18T10:08:56.452+0000] {processor.py:753} INFO - DAG(s) dict_keys(['uhi_index_analytics_pipeline']) retrieved from /opt/airflow/dags/uhi_pipeline_dag.py
[2025-05-18T10:08:56.499+0000] {logging_mixin.py:137} INFO - [2025-05-18T10:08:56.499+0000] {dag.py:2690} INFO - Sync 1 DAGs
[2025-05-18T10:08:56.541+0000] {logging_mixin.py:137} INFO - [2025-05-18T10:08:56.540+0000] {dag.py:3441} INFO - Setting next_dagrun for uhi_index_analytics_pipeline to None, run_after=None
[2025-05-18T10:08:56.586+0000] {processor.py:175} INFO - Processing /opt/airflow/dags/uhi_pipeline_dag.py took 4.601 seconds
[2025-05-18T10:09:26.941+0000] {processor.py:153} INFO - Started process (PID=152) to work on /opt/airflow/dags/uhi_pipeline_dag.py
[2025-05-18T10:09:26.943+0000] {processor.py:743} INFO - Processing file /opt/airflow/dags/uhi_pipeline_dag.py for tasks to queue
[2025-05-18T10:09:26.945+0000] {logging_mixin.py:137} INFO - [2025-05-18T10:09:26.944+0000] {dagbag.py:538} INFO - Filling up the DagBag from /opt/airflow/dags/uhi_pipeline_dag.py
[2025-05-18T10:09:32.995+0000] {processor.py:753} INFO - DAG(s) dict_keys(['uhi_index_analytics_pipeline']) retrieved from /opt/airflow/dags/uhi_pipeline_dag.py
[2025-05-18T10:09:33.040+0000] {logging_mixin.py:137} INFO - [2025-05-18T10:09:33.039+0000] {dag.py:2690} INFO - Sync 1 DAGs
[2025-05-18T10:09:33.099+0000] {logging_mixin.py:137} INFO - [2025-05-18T10:09:33.099+0000] {dag.py:3441} INFO - Setting next_dagrun for uhi_index_analytics_pipeline to None, run_after=None
[2025-05-18T10:09:33.153+0000] {processor.py:175} INFO - Processing /opt/airflow/dags/uhi_pipeline_dag.py took 6.307 seconds
[2025-05-18T10:10:03.639+0000] {processor.py:153} INFO - Started process (PID=156) to work on /opt/airflow/dags/uhi_pipeline_dag.py
[2025-05-18T10:10:03.641+0000] {processor.py:743} INFO - Processing file /opt/airflow/dags/uhi_pipeline_dag.py for tasks to queue
[2025-05-18T10:10:03.644+0000] {logging_mixin.py:137} INFO - [2025-05-18T10:10:03.643+0000] {dagbag.py:538} INFO - Filling up the DagBag from /opt/airflow/dags/uhi_pipeline_dag.py
[2025-05-18T10:10:09.893+0000] {processor.py:753} INFO - DAG(s) dict_keys(['uhi_index_analytics_pipeline']) retrieved from /opt/airflow/dags/uhi_pipeline_dag.py
[2025-05-18T10:10:09.942+0000] {logging_mixin.py:137} INFO - [2025-05-18T10:10:09.942+0000] {dag.py:2690} INFO - Sync 1 DAGs
[2025-05-18T10:10:09.995+0000] {logging_mixin.py:137} INFO - [2025-05-18T10:10:09.995+0000] {dag.py:3441} INFO - Setting next_dagrun for uhi_index_analytics_pipeline to None, run_after=None
[2025-05-18T10:10:10.037+0000] {processor.py:175} INFO - Processing /opt/airflow/dags/uhi_pipeline_dag.py took 6.403 seconds
[2025-05-18T10:10:41.110+0000] {processor.py:153} INFO - Started process (PID=160) to work on /opt/airflow/dags/uhi_pipeline_dag.py
[2025-05-18T10:10:41.119+0000] {processor.py:743} INFO - Processing file /opt/airflow/dags/uhi_pipeline_dag.py for tasks to queue
[2025-05-18T10:10:41.123+0000] {logging_mixin.py:137} INFO - [2025-05-18T10:10:41.123+0000] {dagbag.py:538} INFO - Filling up the DagBag from /opt/airflow/dags/uhi_pipeline_dag.py
[2025-05-18T10:10:47.925+0000] {processor.py:753} INFO - DAG(s) dict_keys(['uhi_index_analytics_pipeline']) retrieved from /opt/airflow/dags/uhi_pipeline_dag.py
[2025-05-18T10:10:47.961+0000] {logging_mixin.py:137} INFO - [2025-05-18T10:10:47.961+0000] {dag.py:2690} INFO - Sync 1 DAGs
[2025-05-18T10:10:48.045+0000] {logging_mixin.py:137} INFO - [2025-05-18T10:10:48.045+0000] {dag.py:3441} INFO - Setting next_dagrun for uhi_index_analytics_pipeline to None, run_after=None
[2025-05-18T10:10:48.088+0000] {processor.py:175} INFO - Processing /opt/airflow/dags/uhi_pipeline_dag.py took 6.985 seconds
[2025-05-18T10:11:18.414+0000] {processor.py:153} INFO - Started process (PID=164) to work on /opt/airflow/dags/uhi_pipeline_dag.py
[2025-05-18T10:11:18.415+0000] {processor.py:743} INFO - Processing file /opt/airflow/dags/uhi_pipeline_dag.py for tasks to queue
[2025-05-18T10:11:18.417+0000] {logging_mixin.py:137} INFO - [2025-05-18T10:11:18.416+0000] {dagbag.py:538} INFO - Filling up the DagBag from /opt/airflow/dags/uhi_pipeline_dag.py
[2025-05-18T10:11:23.444+0000] {processor.py:753} INFO - DAG(s) dict_keys(['uhi_index_analytics_pipeline']) retrieved from /opt/airflow/dags/uhi_pipeline_dag.py
[2025-05-18T10:11:23.556+0000] {logging_mixin.py:137} INFO - [2025-05-18T10:11:23.556+0000] {dag.py:2690} INFO - Sync 1 DAGs
[2025-05-18T10:11:23.660+0000] {logging_mixin.py:137} INFO - [2025-05-18T10:11:23.660+0000] {dag.py:3441} INFO - Setting next_dagrun for uhi_index_analytics_pipeline to None, run_after=None
[2025-05-18T10:11:23.744+0000] {processor.py:175} INFO - Processing /opt/airflow/dags/uhi_pipeline_dag.py took 5.336 seconds
[2025-05-18T10:11:54.064+0000] {processor.py:153} INFO - Started process (PID=168) to work on /opt/airflow/dags/uhi_pipeline_dag.py
[2025-05-18T10:11:54.066+0000] {processor.py:743} INFO - Processing file /opt/airflow/dags/uhi_pipeline_dag.py for tasks to queue
[2025-05-18T10:11:54.067+0000] {logging_mixin.py:137} INFO - [2025-05-18T10:11:54.067+0000] {dagbag.py:538} INFO - Filling up the DagBag from /opt/airflow/dags/uhi_pipeline_dag.py
[2025-05-18T10:11:57.714+0000] {processor.py:753} INFO - DAG(s) dict_keys(['uhi_index_analytics_pipeline']) retrieved from /opt/airflow/dags/uhi_pipeline_dag.py
[2025-05-18T10:11:57.742+0000] {logging_mixin.py:137} INFO - [2025-05-18T10:11:57.741+0000] {dag.py:2690} INFO - Sync 1 DAGs
[2025-05-18T10:11:57.775+0000] {logging_mixin.py:137} INFO - [2025-05-18T10:11:57.775+0000] {dag.py:3441} INFO - Setting next_dagrun for uhi_index_analytics_pipeline to None, run_after=None
[2025-05-18T10:11:57.822+0000] {processor.py:175} INFO - Processing /opt/airflow/dags/uhi_pipeline_dag.py took 3.762 seconds
[2025-05-18T10:12:28.134+0000] {processor.py:153} INFO - Started process (PID=172) to work on /opt/airflow/dags/uhi_pipeline_dag.py
[2025-05-18T10:12:28.136+0000] {processor.py:743} INFO - Processing file /opt/airflow/dags/uhi_pipeline_dag.py for tasks to queue
[2025-05-18T10:12:28.137+0000] {logging_mixin.py:137} INFO - [2025-05-18T10:12:28.137+0000] {dagbag.py:538} INFO - Filling up the DagBag from /opt/airflow/dags/uhi_pipeline_dag.py
[2025-05-18T10:12:32.139+0000] {processor.py:753} INFO - DAG(s) dict_keys(['uhi_index_analytics_pipeline']) retrieved from /opt/airflow/dags/uhi_pipeline_dag.py
[2025-05-18T10:12:32.193+0000] {logging_mixin.py:137} INFO - [2025-05-18T10:12:32.193+0000] {dag.py:2690} INFO - Sync 1 DAGs
[2025-05-18T10:12:32.242+0000] {logging_mixin.py:137} INFO - [2025-05-18T10:12:32.242+0000] {dag.py:3441} INFO - Setting next_dagrun for uhi_index_analytics_pipeline to None, run_after=None
[2025-05-18T10:12:32.278+0000] {processor.py:175} INFO - Processing /opt/airflow/dags/uhi_pipeline_dag.py took 4.271 seconds
[2025-05-18T10:13:02.533+0000] {processor.py:153} INFO - Started process (PID=176) to work on /opt/airflow/dags/uhi_pipeline_dag.py
[2025-05-18T10:13:02.534+0000] {processor.py:743} INFO - Processing file /opt/airflow/dags/uhi_pipeline_dag.py for tasks to queue
[2025-05-18T10:13:02.536+0000] {logging_mixin.py:137} INFO - [2025-05-18T10:13:02.536+0000] {dagbag.py:538} INFO - Filling up the DagBag from /opt/airflow/dags/uhi_pipeline_dag.py
[2025-05-18T10:13:06.282+0000] {processor.py:753} INFO - DAG(s) dict_keys(['uhi_index_analytics_pipeline']) retrieved from /opt/airflow/dags/uhi_pipeline_dag.py
[2025-05-18T10:13:06.306+0000] {logging_mixin.py:137} INFO - [2025-05-18T10:13:06.306+0000] {dag.py:2690} INFO - Sync 1 DAGs
[2025-05-18T10:13:06.337+0000] {logging_mixin.py:137} INFO - [2025-05-18T10:13:06.337+0000] {dag.py:3441} INFO - Setting next_dagrun for uhi_index_analytics_pipeline to None, run_after=None
[2025-05-18T10:13:06.370+0000] {processor.py:175} INFO - Processing /opt/airflow/dags/uhi_pipeline_dag.py took 3.840 seconds
[2025-05-18T10:13:36.689+0000] {processor.py:153} INFO - Started process (PID=180) to work on /opt/airflow/dags/uhi_pipeline_dag.py
[2025-05-18T10:13:36.690+0000] {processor.py:743} INFO - Processing file /opt/airflow/dags/uhi_pipeline_dag.py for tasks to queue
[2025-05-18T10:13:36.692+0000] {logging_mixin.py:137} INFO - [2025-05-18T10:13:36.692+0000] {dagbag.py:538} INFO - Filling up the DagBag from /opt/airflow/dags/uhi_pipeline_dag.py
[2025-05-18T10:13:40.268+0000] {processor.py:753} INFO - DAG(s) dict_keys(['uhi_index_analytics_pipeline']) retrieved from /opt/airflow/dags/uhi_pipeline_dag.py
[2025-05-18T10:13:40.293+0000] {logging_mixin.py:137} INFO - [2025-05-18T10:13:40.293+0000] {dag.py:2690} INFO - Sync 1 DAGs
[2025-05-18T10:13:40.350+0000] {logging_mixin.py:137} INFO - [2025-05-18T10:13:40.350+0000] {dag.py:3441} INFO - Setting next_dagrun for uhi_index_analytics_pipeline to None, run_after=None
[2025-05-18T10:13:40.403+0000] {processor.py:175} INFO - Processing /opt/airflow/dags/uhi_pipeline_dag.py took 3.727 seconds
[2025-05-18T10:14:10.743+0000] {processor.py:153} INFO - Started process (PID=184) to work on /opt/airflow/dags/uhi_pipeline_dag.py
[2025-05-18T10:14:10.744+0000] {processor.py:743} INFO - Processing file /opt/airflow/dags/uhi_pipeline_dag.py for tasks to queue
[2025-05-18T10:14:10.746+0000] {logging_mixin.py:137} INFO - [2025-05-18T10:14:10.746+0000] {dagbag.py:538} INFO - Filling up the DagBag from /opt/airflow/dags/uhi_pipeline_dag.py
[2025-05-18T10:14:15.037+0000] {processor.py:753} INFO - DAG(s) dict_keys(['uhi_index_analytics_pipeline']) retrieved from /opt/airflow/dags/uhi_pipeline_dag.py
[2025-05-18T10:14:15.073+0000] {logging_mixin.py:137} INFO - [2025-05-18T10:14:15.073+0000] {dag.py:2690} INFO - Sync 1 DAGs
[2025-05-18T10:14:15.125+0000] {logging_mixin.py:137} INFO - [2025-05-18T10:14:15.125+0000] {dag.py:3441} INFO - Setting next_dagrun for uhi_index_analytics_pipeline to None, run_after=None
[2025-05-18T10:14:15.177+0000] {processor.py:175} INFO - Processing /opt/airflow/dags/uhi_pipeline_dag.py took 4.439 seconds
[2025-05-18T10:14:45.495+0000] {processor.py:153} INFO - Started process (PID=188) to work on /opt/airflow/dags/uhi_pipeline_dag.py
[2025-05-18T10:14:45.496+0000] {processor.py:743} INFO - Processing file /opt/airflow/dags/uhi_pipeline_dag.py for tasks to queue
[2025-05-18T10:14:45.498+0000] {logging_mixin.py:137} INFO - [2025-05-18T10:14:45.498+0000] {dagbag.py:538} INFO - Filling up the DagBag from /opt/airflow/dags/uhi_pipeline_dag.py
[2025-05-18T10:14:50.372+0000] {processor.py:753} INFO - DAG(s) dict_keys(['uhi_index_analytics_pipeline']) retrieved from /opt/airflow/dags/uhi_pipeline_dag.py
[2025-05-18T10:14:50.403+0000] {logging_mixin.py:137} INFO - [2025-05-18T10:14:50.403+0000] {dag.py:2690} INFO - Sync 1 DAGs
[2025-05-18T10:14:50.448+0000] {logging_mixin.py:137} INFO - [2025-05-18T10:14:50.448+0000] {dag.py:3441} INFO - Setting next_dagrun for uhi_index_analytics_pipeline to None, run_after=None
[2025-05-18T10:14:50.487+0000] {processor.py:175} INFO - Processing /opt/airflow/dags/uhi_pipeline_dag.py took 4.997 seconds
[2025-05-18T10:15:20.835+0000] {processor.py:153} INFO - Started process (PID=192) to work on /opt/airflow/dags/uhi_pipeline_dag.py
[2025-05-18T10:15:20.837+0000] {processor.py:743} INFO - Processing file /opt/airflow/dags/uhi_pipeline_dag.py for tasks to queue
[2025-05-18T10:15:20.839+0000] {logging_mixin.py:137} INFO - [2025-05-18T10:15:20.838+0000] {dagbag.py:538} INFO - Filling up the DagBag from /opt/airflow/dags/uhi_pipeline_dag.py
[2025-05-18T10:15:25.457+0000] {processor.py:753} INFO - DAG(s) dict_keys(['uhi_index_analytics_pipeline']) retrieved from /opt/airflow/dags/uhi_pipeline_dag.py
[2025-05-18T10:15:25.490+0000] {logging_mixin.py:137} INFO - [2025-05-18T10:15:25.489+0000] {dag.py:2690} INFO - Sync 1 DAGs
[2025-05-18T10:15:25.562+0000] {logging_mixin.py:137} INFO - [2025-05-18T10:15:25.561+0000] {dag.py:3441} INFO - Setting next_dagrun for uhi_index_analytics_pipeline to None, run_after=None
[2025-05-18T10:15:25.633+0000] {processor.py:175} INFO - Processing /opt/airflow/dags/uhi_pipeline_dag.py took 4.802 seconds
[2025-05-18T10:15:56.004+0000] {processor.py:153} INFO - Started process (PID=196) to work on /opt/airflow/dags/uhi_pipeline_dag.py
[2025-05-18T10:15:56.006+0000] {processor.py:743} INFO - Processing file /opt/airflow/dags/uhi_pipeline_dag.py for tasks to queue
[2025-05-18T10:15:56.007+0000] {logging_mixin.py:137} INFO - [2025-05-18T10:15:56.007+0000] {dagbag.py:538} INFO - Filling up the DagBag from /opt/airflow/dags/uhi_pipeline_dag.py
[2025-05-18T10:15:59.965+0000] {processor.py:753} INFO - DAG(s) dict_keys(['uhi_index_analytics_pipeline']) retrieved from /opt/airflow/dags/uhi_pipeline_dag.py
[2025-05-18T10:16:00.016+0000] {logging_mixin.py:137} INFO - [2025-05-18T10:16:00.016+0000] {dag.py:2690} INFO - Sync 1 DAGs
[2025-05-18T10:16:00.097+0000] {logging_mixin.py:137} INFO - [2025-05-18T10:16:00.096+0000] {dag.py:3441} INFO - Setting next_dagrun for uhi_index_analytics_pipeline to None, run_after=None
[2025-05-18T10:16:00.150+0000] {processor.py:175} INFO - Processing /opt/airflow/dags/uhi_pipeline_dag.py took 4.221 seconds
[2025-05-18T10:16:30.455+0000] {processor.py:153} INFO - Started process (PID=200) to work on /opt/airflow/dags/uhi_pipeline_dag.py
[2025-05-18T10:16:30.457+0000] {processor.py:743} INFO - Processing file /opt/airflow/dags/uhi_pipeline_dag.py for tasks to queue
[2025-05-18T10:16:30.460+0000] {logging_mixin.py:137} INFO - [2025-05-18T10:16:30.459+0000] {dagbag.py:538} INFO - Filling up the DagBag from /opt/airflow/dags/uhi_pipeline_dag.py
[2025-05-18T10:16:35.082+0000] {processor.py:753} INFO - DAG(s) dict_keys(['uhi_index_analytics_pipeline']) retrieved from /opt/airflow/dags/uhi_pipeline_dag.py
[2025-05-18T10:16:35.113+0000] {logging_mixin.py:137} INFO - [2025-05-18T10:16:35.113+0000] {dag.py:2690} INFO - Sync 1 DAGs
[2025-05-18T10:16:35.156+0000] {logging_mixin.py:137} INFO - [2025-05-18T10:16:35.156+0000] {dag.py:3441} INFO - Setting next_dagrun for uhi_index_analytics_pipeline to None, run_after=None
[2025-05-18T10:16:35.197+0000] {processor.py:175} INFO - Processing /opt/airflow/dags/uhi_pipeline_dag.py took 4.747 seconds
[2025-05-18T10:17:05.949+0000] {processor.py:153} INFO - Started process (PID=204) to work on /opt/airflow/dags/uhi_pipeline_dag.py
[2025-05-18T10:17:05.952+0000] {processor.py:743} INFO - Processing file /opt/airflow/dags/uhi_pipeline_dag.py for tasks to queue
[2025-05-18T10:17:05.953+0000] {logging_mixin.py:137} INFO - [2025-05-18T10:17:05.953+0000] {dagbag.py:538} INFO - Filling up the DagBag from /opt/airflow/dags/uhi_pipeline_dag.py
[2025-05-18T10:17:09.663+0000] {processor.py:753} INFO - DAG(s) dict_keys(['uhi_index_analytics_pipeline']) retrieved from /opt/airflow/dags/uhi_pipeline_dag.py
[2025-05-18T10:17:09.688+0000] {logging_mixin.py:137} INFO - [2025-05-18T10:17:09.688+0000] {dag.py:2690} INFO - Sync 1 DAGs
[2025-05-18T10:17:09.723+0000] {logging_mixin.py:137} INFO - [2025-05-18T10:17:09.722+0000] {dag.py:3441} INFO - Setting next_dagrun for uhi_index_analytics_pipeline to None, run_after=None
[2025-05-18T10:17:09.757+0000] {processor.py:175} INFO - Processing /opt/airflow/dags/uhi_pipeline_dag.py took 3.815 seconds
[2025-05-18T10:17:40.434+0000] {processor.py:153} INFO - Started process (PID=208) to work on /opt/airflow/dags/uhi_pipeline_dag.py
[2025-05-18T10:17:40.436+0000] {processor.py:743} INFO - Processing file /opt/airflow/dags/uhi_pipeline_dag.py for tasks to queue
[2025-05-18T10:17:40.438+0000] {logging_mixin.py:137} INFO - [2025-05-18T10:17:40.438+0000] {dagbag.py:538} INFO - Filling up the DagBag from /opt/airflow/dags/uhi_pipeline_dag.py
[2025-05-18T10:17:44.513+0000] {processor.py:753} INFO - DAG(s) dict_keys(['uhi_index_analytics_pipeline']) retrieved from /opt/airflow/dags/uhi_pipeline_dag.py
[2025-05-18T10:17:44.544+0000] {logging_mixin.py:137} INFO - [2025-05-18T10:17:44.544+0000] {dag.py:2690} INFO - Sync 1 DAGs
[2025-05-18T10:17:44.582+0000] {logging_mixin.py:137} INFO - [2025-05-18T10:17:44.581+0000] {dag.py:3441} INFO - Setting next_dagrun for uhi_index_analytics_pipeline to None, run_after=None
[2025-05-18T10:17:44.627+0000] {processor.py:175} INFO - Processing /opt/airflow/dags/uhi_pipeline_dag.py took 4.198 seconds
[2025-05-18T10:18:14.856+0000] {processor.py:153} INFO - Started process (PID=212) to work on /opt/airflow/dags/uhi_pipeline_dag.py
[2025-05-18T10:18:14.858+0000] {processor.py:743} INFO - Processing file /opt/airflow/dags/uhi_pipeline_dag.py for tasks to queue
[2025-05-18T10:18:14.859+0000] {logging_mixin.py:137} INFO - [2025-05-18T10:18:14.859+0000] {dagbag.py:538} INFO - Filling up the DagBag from /opt/airflow/dags/uhi_pipeline_dag.py
[2025-05-18T10:18:18.899+0000] {processor.py:753} INFO - DAG(s) dict_keys(['uhi_index_analytics_pipeline']) retrieved from /opt/airflow/dags/uhi_pipeline_dag.py
[2025-05-18T10:18:18.926+0000] {logging_mixin.py:137} INFO - [2025-05-18T10:18:18.925+0000] {dag.py:2690} INFO - Sync 1 DAGs
[2025-05-18T10:18:18.960+0000] {logging_mixin.py:137} INFO - [2025-05-18T10:18:18.960+0000] {dag.py:3441} INFO - Setting next_dagrun for uhi_index_analytics_pipeline to None, run_after=None
[2025-05-18T10:18:19.004+0000] {processor.py:175} INFO - Processing /opt/airflow/dags/uhi_pipeline_dag.py took 4.152 seconds
[2025-05-18T10:18:49.291+0000] {processor.py:153} INFO - Started process (PID=216) to work on /opt/airflow/dags/uhi_pipeline_dag.py
[2025-05-18T10:18:49.293+0000] {processor.py:743} INFO - Processing file /opt/airflow/dags/uhi_pipeline_dag.py for tasks to queue
[2025-05-18T10:18:49.296+0000] {logging_mixin.py:137} INFO - [2025-05-18T10:18:49.296+0000] {dagbag.py:538} INFO - Filling up the DagBag from /opt/airflow/dags/uhi_pipeline_dag.py
[2025-05-18T10:18:52.933+0000] {processor.py:753} INFO - DAG(s) dict_keys(['uhi_index_analytics_pipeline']) retrieved from /opt/airflow/dags/uhi_pipeline_dag.py
[2025-05-18T10:18:52.959+0000] {logging_mixin.py:137} INFO - [2025-05-18T10:18:52.959+0000] {dag.py:2690} INFO - Sync 1 DAGs
[2025-05-18T10:18:52.998+0000] {logging_mixin.py:137} INFO - [2025-05-18T10:18:52.998+0000] {dag.py:3441} INFO - Setting next_dagrun for uhi_index_analytics_pipeline to None, run_after=None
[2025-05-18T10:18:53.046+0000] {processor.py:175} INFO - Processing /opt/airflow/dags/uhi_pipeline_dag.py took 3.758 seconds
[2025-05-18T10:19:23.335+0000] {processor.py:153} INFO - Started process (PID=220) to work on /opt/airflow/dags/uhi_pipeline_dag.py
[2025-05-18T10:19:23.338+0000] {processor.py:743} INFO - Processing file /opt/airflow/dags/uhi_pipeline_dag.py for tasks to queue
[2025-05-18T10:19:23.340+0000] {logging_mixin.py:137} INFO - [2025-05-18T10:19:23.340+0000] {dagbag.py:538} INFO - Filling up the DagBag from /opt/airflow/dags/uhi_pipeline_dag.py
[2025-05-18T10:19:27.157+0000] {processor.py:753} INFO - DAG(s) dict_keys(['uhi_index_analytics_pipeline']) retrieved from /opt/airflow/dags/uhi_pipeline_dag.py
[2025-05-18T10:19:27.187+0000] {logging_mixin.py:137} INFO - [2025-05-18T10:19:27.186+0000] {dag.py:2690} INFO - Sync 1 DAGs
[2025-05-18T10:19:27.221+0000] {logging_mixin.py:137} INFO - [2025-05-18T10:19:27.220+0000] {dag.py:3441} INFO - Setting next_dagrun for uhi_index_analytics_pipeline to None, run_after=None
[2025-05-18T10:19:27.266+0000] {processor.py:175} INFO - Processing /opt/airflow/dags/uhi_pipeline_dag.py took 3.941 seconds
[2025-05-18T10:19:57.480+0000] {processor.py:153} INFO - Started process (PID=224) to work on /opt/airflow/dags/uhi_pipeline_dag.py
[2025-05-18T10:19:57.481+0000] {processor.py:743} INFO - Processing file /opt/airflow/dags/uhi_pipeline_dag.py for tasks to queue
[2025-05-18T10:19:57.483+0000] {logging_mixin.py:137} INFO - [2025-05-18T10:19:57.483+0000] {dagbag.py:538} INFO - Filling up the DagBag from /opt/airflow/dags/uhi_pipeline_dag.py
[2025-05-18T10:20:01.841+0000] {processor.py:753} INFO - DAG(s) dict_keys(['uhi_index_analytics_pipeline']) retrieved from /opt/airflow/dags/uhi_pipeline_dag.py
[2025-05-18T10:20:01.885+0000] {logging_mixin.py:137} INFO - [2025-05-18T10:20:01.884+0000] {dag.py:2690} INFO - Sync 1 DAGs
[2025-05-18T10:20:01.956+0000] {logging_mixin.py:137} INFO - [2025-05-18T10:20:01.955+0000] {dag.py:3441} INFO - Setting next_dagrun for uhi_index_analytics_pipeline to None, run_after=None
[2025-05-18T10:20:02.015+0000] {processor.py:175} INFO - Processing /opt/airflow/dags/uhi_pipeline_dag.py took 4.542 seconds
[2025-05-18T10:20:32.378+0000] {processor.py:153} INFO - Started process (PID=228) to work on /opt/airflow/dags/uhi_pipeline_dag.py
[2025-05-18T10:20:32.380+0000] {processor.py:743} INFO - Processing file /opt/airflow/dags/uhi_pipeline_dag.py for tasks to queue
[2025-05-18T10:20:32.383+0000] {logging_mixin.py:137} INFO - [2025-05-18T10:20:32.383+0000] {dagbag.py:538} INFO - Filling up the DagBag from /opt/airflow/dags/uhi_pipeline_dag.py
[2025-05-18T10:20:37.107+0000] {processor.py:753} INFO - DAG(s) dict_keys(['uhi_index_analytics_pipeline']) retrieved from /opt/airflow/dags/uhi_pipeline_dag.py
[2025-05-18T10:20:37.154+0000] {logging_mixin.py:137} INFO - [2025-05-18T10:20:37.154+0000] {dag.py:2690} INFO - Sync 1 DAGs
[2025-05-18T10:20:37.221+0000] {logging_mixin.py:137} INFO - [2025-05-18T10:20:37.221+0000] {dag.py:3441} INFO - Setting next_dagrun for uhi_index_analytics_pipeline to None, run_after=None
[2025-05-18T10:20:37.278+0000] {processor.py:175} INFO - Processing /opt/airflow/dags/uhi_pipeline_dag.py took 4.905 seconds
[2025-05-18T10:21:07.546+0000] {processor.py:153} INFO - Started process (PID=232) to work on /opt/airflow/dags/uhi_pipeline_dag.py
[2025-05-18T10:21:07.548+0000] {processor.py:743} INFO - Processing file /opt/airflow/dags/uhi_pipeline_dag.py for tasks to queue
[2025-05-18T10:21:07.549+0000] {logging_mixin.py:137} INFO - [2025-05-18T10:21:07.549+0000] {dagbag.py:538} INFO - Filling up the DagBag from /opt/airflow/dags/uhi_pipeline_dag.py
[2025-05-18T10:21:12.135+0000] {processor.py:753} INFO - DAG(s) dict_keys(['uhi_index_analytics_pipeline']) retrieved from /opt/airflow/dags/uhi_pipeline_dag.py
[2025-05-18T10:21:12.185+0000] {logging_mixin.py:137} INFO - [2025-05-18T10:21:12.185+0000] {dag.py:2690} INFO - Sync 1 DAGs
[2025-05-18T10:21:12.270+0000] {logging_mixin.py:137} INFO - [2025-05-18T10:21:12.269+0000] {dag.py:3441} INFO - Setting next_dagrun for uhi_index_analytics_pipeline to None, run_after=None
[2025-05-18T10:21:12.348+0000] {processor.py:175} INFO - Processing /opt/airflow/dags/uhi_pipeline_dag.py took 4.808 seconds
[2025-05-18T10:21:42.482+0000] {processor.py:153} INFO - Started process (PID=236) to work on /opt/airflow/dags/uhi_pipeline_dag.py
[2025-05-18T10:21:42.483+0000] {processor.py:743} INFO - Processing file /opt/airflow/dags/uhi_pipeline_dag.py for tasks to queue
[2025-05-18T10:21:42.485+0000] {logging_mixin.py:137} INFO - [2025-05-18T10:21:42.485+0000] {dagbag.py:538} INFO - Filling up the DagBag from /opt/airflow/dags/uhi_pipeline_dag.py
[2025-05-18T10:21:46.174+0000] {processor.py:753} INFO - DAG(s) dict_keys(['uhi_index_analytics_pipeline']) retrieved from /opt/airflow/dags/uhi_pipeline_dag.py
[2025-05-18T10:21:46.200+0000] {logging_mixin.py:137} INFO - [2025-05-18T10:21:46.199+0000] {dag.py:2690} INFO - Sync 1 DAGs
[2025-05-18T10:21:46.235+0000] {logging_mixin.py:137} INFO - [2025-05-18T10:21:46.234+0000] {dag.py:3441} INFO - Setting next_dagrun for uhi_index_analytics_pipeline to None, run_after=None
[2025-05-18T10:21:46.269+0000] {processor.py:175} INFO - Processing /opt/airflow/dags/uhi_pipeline_dag.py took 3.793 seconds
[2025-05-18T10:22:16.497+0000] {processor.py:153} INFO - Started process (PID=240) to work on /opt/airflow/dags/uhi_pipeline_dag.py
[2025-05-18T10:22:16.498+0000] {processor.py:743} INFO - Processing file /opt/airflow/dags/uhi_pipeline_dag.py for tasks to queue
[2025-05-18T10:22:16.499+0000] {logging_mixin.py:137} INFO - [2025-05-18T10:22:16.499+0000] {dagbag.py:538} INFO - Filling up the DagBag from /opt/airflow/dags/uhi_pipeline_dag.py
[2025-05-18T10:22:20.469+0000] {processor.py:753} INFO - DAG(s) dict_keys(['uhi_index_analytics_pipeline']) retrieved from /opt/airflow/dags/uhi_pipeline_dag.py
[2025-05-18T10:22:20.498+0000] {logging_mixin.py:137} INFO - [2025-05-18T10:22:20.498+0000] {dag.py:2690} INFO - Sync 1 DAGs
[2025-05-18T10:22:20.532+0000] {logging_mixin.py:137} INFO - [2025-05-18T10:22:20.532+0000] {dag.py:3441} INFO - Setting next_dagrun for uhi_index_analytics_pipeline to None, run_after=None
[2025-05-18T10:22:20.565+0000] {processor.py:175} INFO - Processing /opt/airflow/dags/uhi_pipeline_dag.py took 4.071 seconds
[2025-05-18T10:22:50.745+0000] {processor.py:153} INFO - Started process (PID=244) to work on /opt/airflow/dags/uhi_pipeline_dag.py
[2025-05-18T10:22:50.746+0000] {processor.py:743} INFO - Processing file /opt/airflow/dags/uhi_pipeline_dag.py for tasks to queue
[2025-05-18T10:22:50.747+0000] {logging_mixin.py:137} INFO - [2025-05-18T10:22:50.747+0000] {dagbag.py:538} INFO - Filling up the DagBag from /opt/airflow/dags/uhi_pipeline_dag.py
[2025-05-18T10:22:53.996+0000] {processor.py:753} INFO - DAG(s) dict_keys(['uhi_index_analytics_pipeline']) retrieved from /opt/airflow/dags/uhi_pipeline_dag.py
[2025-05-18T10:22:54.033+0000] {logging_mixin.py:137} INFO - [2025-05-18T10:22:54.032+0000] {dag.py:2690} INFO - Sync 1 DAGs
[2025-05-18T10:22:54.068+0000] {logging_mixin.py:137} INFO - [2025-05-18T10:22:54.068+0000] {dag.py:3441} INFO - Setting next_dagrun for uhi_index_analytics_pipeline to None, run_after=None
[2025-05-18T10:22:54.101+0000] {processor.py:175} INFO - Processing /opt/airflow/dags/uhi_pipeline_dag.py took 3.360 seconds
[2025-05-18T10:23:24.301+0000] {processor.py:153} INFO - Started process (PID=248) to work on /opt/airflow/dags/uhi_pipeline_dag.py
[2025-05-18T10:23:24.302+0000] {processor.py:743} INFO - Processing file /opt/airflow/dags/uhi_pipeline_dag.py for tasks to queue
[2025-05-18T10:23:24.304+0000] {logging_mixin.py:137} INFO - [2025-05-18T10:23:24.303+0000] {dagbag.py:538} INFO - Filling up the DagBag from /opt/airflow/dags/uhi_pipeline_dag.py
[2025-05-18T10:23:27.396+0000] {processor.py:753} INFO - DAG(s) dict_keys(['uhi_index_analytics_pipeline']) retrieved from /opt/airflow/dags/uhi_pipeline_dag.py
[2025-05-18T10:23:27.422+0000] {logging_mixin.py:137} INFO - [2025-05-18T10:23:27.421+0000] {dag.py:2690} INFO - Sync 1 DAGs
[2025-05-18T10:23:27.453+0000] {logging_mixin.py:137} INFO - [2025-05-18T10:23:27.453+0000] {dag.py:3441} INFO - Setting next_dagrun for uhi_index_analytics_pipeline to None, run_after=None
[2025-05-18T10:23:27.504+0000] {processor.py:175} INFO - Processing /opt/airflow/dags/uhi_pipeline_dag.py took 3.337 seconds
[2025-05-18T10:23:58.336+0000] {processor.py:153} INFO - Started process (PID=252) to work on /opt/airflow/dags/uhi_pipeline_dag.py
[2025-05-18T10:23:58.338+0000] {processor.py:743} INFO - Processing file /opt/airflow/dags/uhi_pipeline_dag.py for tasks to queue
[2025-05-18T10:23:58.340+0000] {logging_mixin.py:137} INFO - [2025-05-18T10:23:58.340+0000] {dagbag.py:538} INFO - Filling up the DagBag from /opt/airflow/dags/uhi_pipeline_dag.py
[2025-05-18T10:24:01.707+0000] {processor.py:753} INFO - DAG(s) dict_keys(['uhi_index_analytics_pipeline']) retrieved from /opt/airflow/dags/uhi_pipeline_dag.py
[2025-05-18T10:24:01.731+0000] {logging_mixin.py:137} INFO - [2025-05-18T10:24:01.731+0000] {dag.py:2690} INFO - Sync 1 DAGs
[2025-05-18T10:24:01.766+0000] {logging_mixin.py:137} INFO - [2025-05-18T10:24:01.765+0000] {dag.py:3441} INFO - Setting next_dagrun for uhi_index_analytics_pipeline to None, run_after=None
[2025-05-18T10:24:01.798+0000] {processor.py:175} INFO - Processing /opt/airflow/dags/uhi_pipeline_dag.py took 3.466 seconds
[2025-05-18T10:24:32.090+0000] {processor.py:153} INFO - Started process (PID=266) to work on /opt/airflow/dags/uhi_pipeline_dag.py
[2025-05-18T10:24:32.093+0000] {processor.py:743} INFO - Processing file /opt/airflow/dags/uhi_pipeline_dag.py for tasks to queue
[2025-05-18T10:24:32.096+0000] {logging_mixin.py:137} INFO - [2025-05-18T10:24:32.096+0000] {dagbag.py:538} INFO - Filling up the DagBag from /opt/airflow/dags/uhi_pipeline_dag.py
[2025-05-18T10:24:48.712+0000] {processor.py:753} INFO - DAG(s) dict_keys(['uhi_index_analytics_pipeline']) retrieved from /opt/airflow/dags/uhi_pipeline_dag.py
[2025-05-18T10:24:48.791+0000] {logging_mixin.py:137} INFO - [2025-05-18T10:24:48.790+0000] {dag.py:2690} INFO - Sync 1 DAGs
[2025-05-18T10:24:48.892+0000] {logging_mixin.py:137} INFO - [2025-05-18T10:24:48.892+0000] {dag.py:3441} INFO - Setting next_dagrun for uhi_index_analytics_pipeline to None, run_after=None
[2025-05-18T10:24:48.987+0000] {processor.py:175} INFO - Processing /opt/airflow/dags/uhi_pipeline_dag.py took 16.919 seconds
