[2025-05-21T07:18:32.152+0000] {taskinstance.py:1083} INFO - Dependencies all met for <TaskInstance: uhi_index_analytics_pipeline_decompose.terminate_spark_session manual__2025-05-17T05:12:03.413965+00:00 [queued]>
[2025-05-21T07:18:32.209+0000] {taskinstance.py:1083} INFO - Dependencies all met for <TaskInstance: uhi_index_analytics_pipeline_decompose.terminate_spark_session manual__2025-05-17T05:12:03.413965+00:00 [queued]>
[2025-05-21T07:18:32.210+0000] {taskinstance.py:1279} INFO - 
--------------------------------------------------------------------------------
[2025-05-21T07:18:32.211+0000] {taskinstance.py:1280} INFO - Starting attempt 8 of 9
[2025-05-21T07:18:32.212+0000] {taskinstance.py:1281} INFO - 
--------------------------------------------------------------------------------
[2025-05-21T07:18:32.254+0000] {taskinstance.py:1300} INFO - Executing <Task(PythonOperator): terminate_spark_session> on 2025-05-17 05:12:03.413965+00:00
[2025-05-21T07:18:32.273+0000] {standard_task_runner.py:55} INFO - Started process 219 to run task
[2025-05-21T07:18:32.278+0000] {standard_task_runner.py:82} INFO - Running: ['***', 'tasks', 'run', 'uhi_index_analytics_pipeline_decompose', 'terminate_spark_session', 'manual__2025-05-17T05:12:03.413965+00:00', '--job-id', '252', '--raw', '--subdir', 'DAGS_FOLDER/uhi_pipeline_dag_decompose.py', '--cfg-path', '/tmp/tmpc7cdnx0f']
[2025-05-21T07:18:32.279+0000] {standard_task_runner.py:83} INFO - Job 252: Subtask terminate_spark_session
[2025-05-21T07:18:32.389+0000] {task_command.py:388} INFO - Running <TaskInstance: uhi_index_analytics_pipeline_decompose.terminate_spark_session manual__2025-05-17T05:12:03.413965+00:00 [running]> on host ee2bb044a094
[2025-05-21T07:18:32.523+0000] {taskinstance.py:1509} INFO - Exporting the following env vars:
AIRFLOW_CTX_DAG_OWNER=***
AIRFLOW_CTX_DAG_ID=uhi_index_analytics_pipeline_decompose
AIRFLOW_CTX_TASK_ID=terminate_spark_session
AIRFLOW_CTX_EXECUTION_DATE=2025-05-17T05:12:03.413965+00:00
AIRFLOW_CTX_TRY_NUMBER=8
AIRFLOW_CTX_DAG_RUN_ID=manual__2025-05-17T05:12:03.413965+00:00
[2025-05-21T07:18:44.918+0000] {warnings.py:110} WARNING - /home/***/.local/lib/python3.7/site-packages/pyspark/context.py:317: FutureWarning: Python 3.7 support is deprecated in Spark 3.4.
  warnings.warn("Python 3.7 support is deprecated in Spark 3.4.", FutureWarning)

[2025-05-21T07:18:46.391+0000] {logging_mixin.py:137} INFO - Spark session terminated successfully!
[2025-05-21T07:18:46.392+0000] {python.py:177} INFO - Done. Returned value was: True
[2025-05-21T07:18:46.440+0000] {taskinstance.py:1323} INFO - Marking task as SUCCESS. dag_id=uhi_index_analytics_pipeline_decompose, task_id=terminate_spark_session, execution_date=20250517T051203, start_date=20250521T071832, end_date=20250521T071846
[2025-05-21T07:18:46.520+0000] {local_task_job.py:208} INFO - Task exited with return code 0
[2025-05-21T07:18:46.568+0000] {taskinstance.py:2578} INFO - 0 downstream tasks scheduled from follow-on schedule check
