[2025-05-21T07:53:40.939+0000] {taskinstance.py:1083} INFO - Dependencies all met for <TaskInstance: uhi_index_analytics_pipeline_decompose.terminate_spark_session manual__2025-05-17T05:12:03.413965+00:00 [queued]>
[2025-05-21T07:53:41.007+0000] {taskinstance.py:1083} INFO - Dependencies all met for <TaskInstance: uhi_index_analytics_pipeline_decompose.terminate_spark_session manual__2025-05-17T05:12:03.413965+00:00 [queued]>
[2025-05-21T07:53:41.009+0000] {taskinstance.py:1279} INFO - 
--------------------------------------------------------------------------------
[2025-05-21T07:53:41.012+0000] {taskinstance.py:1280} INFO - Starting attempt 11 of 12
[2025-05-21T07:53:41.014+0000] {taskinstance.py:1281} INFO - 
--------------------------------------------------------------------------------
[2025-05-21T07:53:41.079+0000] {taskinstance.py:1300} INFO - Executing <Task(PythonOperator): terminate_spark_session> on 2025-05-17 05:12:03.413965+00:00
[2025-05-21T07:53:41.121+0000] {standard_task_runner.py:55} INFO - Started process 682 to run task
[2025-05-21T07:53:41.128+0000] {standard_task_runner.py:82} INFO - Running: ['***', 'tasks', 'run', 'uhi_index_analytics_pipeline_decompose', 'terminate_spark_session', 'manual__2025-05-17T05:12:03.413965+00:00', '--job-id', '266', '--raw', '--subdir', 'DAGS_FOLDER/uhi_pipeline_dag_decompose.py', '--cfg-path', '/tmp/tmpwkddnbkt']
[2025-05-21T07:53:41.132+0000] {standard_task_runner.py:83} INFO - Job 266: Subtask terminate_spark_session
[2025-05-21T07:53:41.312+0000] {task_command.py:388} INFO - Running <TaskInstance: uhi_index_analytics_pipeline_decompose.terminate_spark_session manual__2025-05-17T05:12:03.413965+00:00 [running]> on host ee2bb044a094
[2025-05-21T07:53:41.594+0000] {taskinstance.py:1509} INFO - Exporting the following env vars:
AIRFLOW_CTX_DAG_OWNER=***
AIRFLOW_CTX_DAG_ID=uhi_index_analytics_pipeline_decompose
AIRFLOW_CTX_TASK_ID=terminate_spark_session
AIRFLOW_CTX_EXECUTION_DATE=2025-05-17T05:12:03.413965+00:00
AIRFLOW_CTX_TRY_NUMBER=11
AIRFLOW_CTX_DAG_RUN_ID=manual__2025-05-17T05:12:03.413965+00:00
[2025-05-21T07:53:55.337+0000] {warnings.py:110} WARNING - /home/***/.local/lib/python3.7/site-packages/pyspark/context.py:317: FutureWarning: Python 3.7 support is deprecated in Spark 3.4.
  warnings.warn("Python 3.7 support is deprecated in Spark 3.4.", FutureWarning)

[2025-05-21T07:53:56.326+0000] {logging_mixin.py:137} INFO - Spark session terminated successfully!
[2025-05-21T07:53:56.328+0000] {python.py:177} INFO - Done. Returned value was: True
[2025-05-21T07:53:56.414+0000] {taskinstance.py:1323} INFO - Marking task as SUCCESS. dag_id=uhi_index_analytics_pipeline_decompose, task_id=terminate_spark_session, execution_date=20250517T051203, start_date=20250521T075340, end_date=20250521T075356
[2025-05-21T07:53:56.505+0000] {local_task_job.py:208} INFO - Task exited with return code 0
[2025-05-21T07:53:56.547+0000] {taskinstance.py:2578} INFO - 0 downstream tasks scheduled from follow-on schedule check
