[2025-05-18T10:24:56.587+0000] {taskinstance.py:1083} INFO - Dependencies all met for <TaskInstance: uhi_index_analytics_pipeline_decompose.extract_nyzd_features manual__2025-05-17T05:12:03.413965+00:00 [queued]>
[2025-05-18T10:24:56.611+0000] {taskinstance.py:1083} INFO - Dependencies all met for <TaskInstance: uhi_index_analytics_pipeline_decompose.extract_nyzd_features manual__2025-05-17T05:12:03.413965+00:00 [queued]>
[2025-05-18T10:24:56.612+0000] {taskinstance.py:1279} INFO - 
--------------------------------------------------------------------------------
[2025-05-18T10:24:56.641+0000] {taskinstance.py:1280} INFO - Starting attempt 1 of 2
[2025-05-18T10:24:56.645+0000] {taskinstance.py:1281} INFO - 
--------------------------------------------------------------------------------
[2025-05-18T10:24:56.851+0000] {taskinstance.py:1300} INFO - Executing <Task(PythonOperator): extract_nyzd_features> on 2025-05-17 05:12:03.413965+00:00
[2025-05-18T10:24:56.921+0000] {standard_task_runner.py:55} INFO - Started process 919 to run task
[2025-05-18T10:24:56.927+0000] {standard_task_runner.py:82} INFO - Running: ['***', 'tasks', 'run', 'uhi_index_analytics_pipeline_decompose', 'extract_nyzd_features', 'manual__2025-05-17T05:12:03.413965+00:00', '--job-id', '243', '--raw', '--subdir', 'DAGS_FOLDER/uhi_pipeline_dag_decompose.py', '--cfg-path', '/tmp/tmpsf_9dv7_']
[2025-05-18T10:24:56.928+0000] {standard_task_runner.py:83} INFO - Job 243: Subtask extract_nyzd_features
[2025-05-18T10:24:57.215+0000] {task_command.py:388} INFO - Running <TaskInstance: uhi_index_analytics_pipeline_decompose.extract_nyzd_features manual__2025-05-17T05:12:03.413965+00:00 [running]> on host ee2bb044a094
[2025-05-18T10:24:57.520+0000] {taskinstance.py:1509} INFO - Exporting the following env vars:
AIRFLOW_CTX_DAG_OWNER=***
AIRFLOW_CTX_DAG_ID=uhi_index_analytics_pipeline_decompose
AIRFLOW_CTX_TASK_ID=extract_nyzd_features
AIRFLOW_CTX_EXECUTION_DATE=2025-05-17T05:12:03.413965+00:00
AIRFLOW_CTX_TRY_NUMBER=1
AIRFLOW_CTX_DAG_RUN_ID=manual__2025-05-17T05:12:03.413965+00:00
[2025-05-18T10:25:01.314+0000] {logging_mixin.py:137} INFO - NYZD features extracted!
[2025-05-18T10:25:01.316+0000] {python.py:177} INFO - Done. Returned value was: True
[2025-05-18T10:25:01.382+0000] {taskinstance.py:1323} INFO - Marking task as SUCCESS. dag_id=uhi_index_analytics_pipeline_decompose, task_id=extract_nyzd_features, execution_date=20250517T051203, start_date=20250518T102456, end_date=20250518T102501
[2025-05-18T10:25:01.444+0000] {local_task_job.py:208} INFO - Task exited with return code 0
[2025-05-18T10:25:01.558+0000] {taskinstance.py:2578} INFO - 1 downstream tasks scheduled from follow-on schedule check
