[2025-05-13T13:51:22.033+0000] {taskinstance.py:1083} INFO - Dependencies all met for <TaskInstance: uhi_index_analytics_pipeline_decompose.extract_nysp_features manual__2025-05-13T13:33:48.016143+00:00 [queued]>
[2025-05-13T13:51:22.081+0000] {taskinstance.py:1083} INFO - Dependencies all met for <TaskInstance: uhi_index_analytics_pipeline_decompose.extract_nysp_features manual__2025-05-13T13:33:48.016143+00:00 [queued]>
[2025-05-13T13:51:22.083+0000] {taskinstance.py:1279} INFO - 
--------------------------------------------------------------------------------
[2025-05-13T13:51:22.085+0000] {taskinstance.py:1280} INFO - Starting attempt 1 of 2
[2025-05-13T13:51:22.086+0000] {taskinstance.py:1281} INFO - 
--------------------------------------------------------------------------------
[2025-05-13T13:51:22.136+0000] {taskinstance.py:1300} INFO - Executing <Task(PythonOperator): extract_nysp_features> on 2025-05-13 13:33:48.016143+00:00
[2025-05-13T13:51:22.160+0000] {standard_task_runner.py:55} INFO - Started process 91 to run task
[2025-05-13T13:51:22.166+0000] {standard_task_runner.py:82} INFO - Running: ['***', 'tasks', 'run', 'uhi_index_analytics_pipeline_decompose', 'extract_nysp_features', 'manual__2025-05-13T13:33:48.016143+00:00', '--job-id', '113', '--raw', '--subdir', 'DAGS_FOLDER/uhi_pipeline_dag_decompose.py', '--cfg-path', '/tmp/tmpsr5dt5re']
[2025-05-13T13:51:22.168+0000] {standard_task_runner.py:83} INFO - Job 113: Subtask extract_nysp_features
[2025-05-13T13:51:22.336+0000] {task_command.py:388} INFO - Running <TaskInstance: uhi_index_analytics_pipeline_decompose.extract_nysp_features manual__2025-05-13T13:33:48.016143+00:00 [running]> on host 869b990513f1
[2025-05-13T13:51:22.610+0000] {taskinstance.py:1509} INFO - Exporting the following env vars:
AIRFLOW_CTX_DAG_OWNER=***
AIRFLOW_CTX_DAG_ID=uhi_index_analytics_pipeline_decompose
AIRFLOW_CTX_TASK_ID=extract_nysp_features
AIRFLOW_CTX_EXECUTION_DATE=2025-05-13T13:33:48.016143+00:00
AIRFLOW_CTX_TRY_NUMBER=1
AIRFLOW_CTX_DAG_RUN_ID=manual__2025-05-13T13:33:48.016143+00:00
[2025-05-13T13:51:23.230+0000] {logging_mixin.py:137} INFO - NYSP features extracted!
[2025-05-13T13:51:23.231+0000] {python.py:177} INFO - Done. Returned value was: True
[2025-05-13T13:51:23.308+0000] {taskinstance.py:1323} INFO - Marking task as SUCCESS. dag_id=uhi_index_analytics_pipeline_decompose, task_id=extract_nysp_features, execution_date=20250513T133348, start_date=20250513T135122, end_date=20250513T135123
[2025-05-13T13:51:23.386+0000] {local_task_job.py:208} INFO - Task exited with return code 0
[2025-05-13T13:51:23.472+0000] {taskinstance.py:2578} INFO - 0 downstream tasks scheduled from follow-on schedule check
