[2025-05-13T13:51:03.375+0000] {taskinstance.py:1083} INFO - Dependencies all met for <TaskInstance: uhi_index_analytics_pipeline_decompose.process_nyco manual__2025-05-13T13:33:48.016143+00:00 [queued]>
[2025-05-13T13:51:03.458+0000] {taskinstance.py:1083} INFO - Dependencies all met for <TaskInstance: uhi_index_analytics_pipeline_decompose.process_nyco manual__2025-05-13T13:33:48.016143+00:00 [queued]>
[2025-05-13T13:51:03.459+0000] {taskinstance.py:1279} INFO - 
--------------------------------------------------------------------------------
[2025-05-13T13:51:03.463+0000] {taskinstance.py:1280} INFO - Starting attempt 1 of 2
[2025-05-13T13:51:03.464+0000] {taskinstance.py:1281} INFO - 
--------------------------------------------------------------------------------
[2025-05-13T13:51:03.535+0000] {taskinstance.py:1300} INFO - Executing <Task(PythonOperator): process_nyco> on 2025-05-13 13:33:48.016143+00:00
[2025-05-13T13:51:03.584+0000] {standard_task_runner.py:55} INFO - Started process 78 to run task
[2025-05-13T13:51:03.597+0000] {standard_task_runner.py:82} INFO - Running: ['***', 'tasks', 'run', 'uhi_index_analytics_pipeline_decompose', 'process_nyco', 'manual__2025-05-13T13:33:48.016143+00:00', '--job-id', '105', '--raw', '--subdir', 'DAGS_FOLDER/uhi_pipeline_dag_decompose.py', '--cfg-path', '/tmp/tmpgq8ljoph']
[2025-05-13T13:51:03.600+0000] {standard_task_runner.py:83} INFO - Job 105: Subtask process_nyco
[2025-05-13T13:51:03.917+0000] {task_command.py:388} INFO - Running <TaskInstance: uhi_index_analytics_pipeline_decompose.process_nyco manual__2025-05-13T13:33:48.016143+00:00 [running]> on host 869b990513f1
[2025-05-13T13:51:04.185+0000] {taskinstance.py:1509} INFO - Exporting the following env vars:
AIRFLOW_CTX_DAG_OWNER=***
AIRFLOW_CTX_DAG_ID=uhi_index_analytics_pipeline_decompose
AIRFLOW_CTX_TASK_ID=process_nyco
AIRFLOW_CTX_EXECUTION_DATE=2025-05-13T13:33:48.016143+00:00
AIRFLOW_CTX_TRY_NUMBER=1
AIRFLOW_CTX_DAG_RUN_ID=manual__2025-05-13T13:33:48.016143+00:00
[2025-05-13T13:51:13.369+0000] {logging_mixin.py:137} INFO - Load data successfully!
[2025-05-13T13:51:16.239+0000] {logging_mixin.py:137} INFO - NYCO data processed!
[2025-05-13T13:51:16.242+0000] {python.py:177} INFO - Done. Returned value was: True
[2025-05-13T13:51:16.375+0000] {taskinstance.py:1323} INFO - Marking task as SUCCESS. dag_id=uhi_index_analytics_pipeline_decompose, task_id=process_nyco, execution_date=20250513T133348, start_date=20250513T135103, end_date=20250513T135116
[2025-05-13T13:51:16.493+0000] {local_task_job.py:208} INFO - Task exited with return code 0
[2025-05-13T13:51:16.615+0000] {taskinstance.py:2578} INFO - 1 downstream tasks scheduled from follow-on schedule check
