[2025-05-13T13:51:25.808+0000] {taskinstance.py:1083} INFO - Dependencies all met for <TaskInstance: uhi_index_analytics_pipeline_decompose.extract_nyco_features manual__2025-05-13T13:33:48.016143+00:00 [queued]>
[2025-05-13T13:51:25.843+0000] {taskinstance.py:1083} INFO - Dependencies all met for <TaskInstance: uhi_index_analytics_pipeline_decompose.extract_nyco_features manual__2025-05-13T13:33:48.016143+00:00 [queued]>
[2025-05-13T13:51:25.844+0000] {taskinstance.py:1279} INFO - 
--------------------------------------------------------------------------------
[2025-05-13T13:51:25.846+0000] {taskinstance.py:1280} INFO - Starting attempt 1 of 2
[2025-05-13T13:51:25.847+0000] {taskinstance.py:1281} INFO - 
--------------------------------------------------------------------------------
[2025-05-13T13:51:25.886+0000] {taskinstance.py:1300} INFO - Executing <Task(PythonOperator): extract_nyco_features> on 2025-05-13 13:33:48.016143+00:00
[2025-05-13T13:51:25.908+0000] {standard_task_runner.py:55} INFO - Started process 93 to run task
[2025-05-13T13:51:25.914+0000] {standard_task_runner.py:82} INFO - Running: ['***', 'tasks', 'run', 'uhi_index_analytics_pipeline_decompose', 'extract_nyco_features', 'manual__2025-05-13T13:33:48.016143+00:00', '--job-id', '114', '--raw', '--subdir', 'DAGS_FOLDER/uhi_pipeline_dag_decompose.py', '--cfg-path', '/tmp/tmp76xdglw5']
[2025-05-13T13:51:25.915+0000] {standard_task_runner.py:83} INFO - Job 114: Subtask extract_nyco_features
[2025-05-13T13:51:26.065+0000] {task_command.py:388} INFO - Running <TaskInstance: uhi_index_analytics_pipeline_decompose.extract_nyco_features manual__2025-05-13T13:33:48.016143+00:00 [running]> on host 869b990513f1
[2025-05-13T13:51:26.253+0000] {taskinstance.py:1509} INFO - Exporting the following env vars:
AIRFLOW_CTX_DAG_OWNER=***
AIRFLOW_CTX_DAG_ID=uhi_index_analytics_pipeline_decompose
AIRFLOW_CTX_TASK_ID=extract_nyco_features
AIRFLOW_CTX_EXECUTION_DATE=2025-05-13T13:33:48.016143+00:00
AIRFLOW_CTX_TRY_NUMBER=1
AIRFLOW_CTX_DAG_RUN_ID=manual__2025-05-13T13:33:48.016143+00:00
[2025-05-13T13:51:29.810+0000] {logging_mixin.py:137} INFO - NYCO features extracted!
[2025-05-13T13:51:29.811+0000] {python.py:177} INFO - Done. Returned value was: True
[2025-05-13T13:51:29.857+0000] {taskinstance.py:1323} INFO - Marking task as SUCCESS. dag_id=uhi_index_analytics_pipeline_decompose, task_id=extract_nyco_features, execution_date=20250513T133348, start_date=20250513T135125, end_date=20250513T135129
[2025-05-13T13:51:29.944+0000] {local_task_job.py:208} INFO - Task exited with return code 0
[2025-05-13T13:51:29.995+0000] {taskinstance.py:2578} INFO - 0 downstream tasks scheduled from follow-on schedule check
