[2025-05-18T10:24:23.832+0000] {taskinstance.py:1083} INFO - Dependencies all met for <TaskInstance: uhi_index_analytics_pipeline_decompose.process_population manual__2025-05-17T05:12:03.413965+00:00 [queued]>
[2025-05-18T10:24:23.870+0000] {taskinstance.py:1083} INFO - Dependencies all met for <TaskInstance: uhi_index_analytics_pipeline_decompose.process_population manual__2025-05-17T05:12:03.413965+00:00 [queued]>
[2025-05-18T10:24:23.874+0000] {taskinstance.py:1279} INFO - 
--------------------------------------------------------------------------------
[2025-05-18T10:24:23.878+0000] {taskinstance.py:1280} INFO - Starting attempt 3 of 4
[2025-05-18T10:24:23.881+0000] {taskinstance.py:1281} INFO - 
--------------------------------------------------------------------------------
[2025-05-18T10:24:23.969+0000] {taskinstance.py:1300} INFO - Executing <Task(PythonOperator): process_population> on 2025-05-17 05:12:03.413965+00:00
[2025-05-18T10:24:24.147+0000] {standard_task_runner.py:55} INFO - Started process 907 to run task
[2025-05-18T10:24:24.175+0000] {standard_task_runner.py:82} INFO - Running: ['***', 'tasks', 'run', 'uhi_index_analytics_pipeline_decompose', 'process_population', 'manual__2025-05-17T05:12:03.413965+00:00', '--job-id', '237', '--raw', '--subdir', 'DAGS_FOLDER/uhi_pipeline_dag_decompose.py', '--cfg-path', '/tmp/tmpskvtijwi']
[2025-05-18T10:24:24.179+0000] {standard_task_runner.py:83} INFO - Job 237: Subtask process_population
[2025-05-18T10:24:25.006+0000] {task_command.py:388} INFO - Running <TaskInstance: uhi_index_analytics_pipeline_decompose.process_population manual__2025-05-17T05:12:03.413965+00:00 [running]> on host ee2bb044a094
[2025-05-18T10:24:25.500+0000] {taskinstance.py:1509} INFO - Exporting the following env vars:
AIRFLOW_CTX_DAG_OWNER=***
AIRFLOW_CTX_DAG_ID=uhi_index_analytics_pipeline_decompose
AIRFLOW_CTX_TASK_ID=process_population
AIRFLOW_CTX_EXECUTION_DATE=2025-05-17T05:12:03.413965+00:00
AIRFLOW_CTX_TRY_NUMBER=3
AIRFLOW_CTX_DAG_RUN_ID=manual__2025-05-17T05:12:03.413965+00:00
[2025-05-18T10:24:26.243+0000] {logging_mixin.py:137} INFO - (16, 19)
[2025-05-18T10:24:26.511+0000] {logging_mixin.py:137} INFO - Population data processed!
[2025-05-18T10:24:26.519+0000] {python.py:177} INFO - Done. Returned value was: True
[2025-05-18T10:24:26.753+0000] {taskinstance.py:1323} INFO - Marking task as SUCCESS. dag_id=uhi_index_analytics_pipeline_decompose, task_id=process_population, execution_date=20250517T051203, start_date=20250518T102423, end_date=20250518T102426
[2025-05-18T10:24:26.885+0000] {local_task_job.py:208} INFO - Task exited with return code 0
[2025-05-18T10:24:27.023+0000] {taskinstance.py:2578} INFO - 0 downstream tasks scheduled from follow-on schedule check
