[2025-05-13T13:51:06.915+0000] {taskinstance.py:1083} INFO - Dependencies all met for <TaskInstance: uhi_index_analytics_pipeline_decompose.process_nyzd manual__2025-05-13T13:33:48.016143+00:00 [queued]>
[2025-05-13T13:51:07.064+0000] {taskinstance.py:1083} INFO - Dependencies all met for <TaskInstance: uhi_index_analytics_pipeline_decompose.process_nyzd manual__2025-05-13T13:33:48.016143+00:00 [queued]>
[2025-05-13T13:51:07.066+0000] {taskinstance.py:1279} INFO - 
--------------------------------------------------------------------------------
[2025-05-13T13:51:07.070+0000] {taskinstance.py:1280} INFO - Starting attempt 1 of 2
[2025-05-13T13:51:07.074+0000] {taskinstance.py:1281} INFO - 
--------------------------------------------------------------------------------
[2025-05-13T13:51:07.147+0000] {taskinstance.py:1300} INFO - Executing <Task(PythonOperator): process_nyzd> on 2025-05-13 13:33:48.016143+00:00
[2025-05-13T13:51:07.206+0000] {standard_task_runner.py:55} INFO - Started process 84 to run task
[2025-05-13T13:51:07.291+0000] {standard_task_runner.py:82} INFO - Running: ['***', 'tasks', 'run', 'uhi_index_analytics_pipeline_decompose', 'process_nyzd', 'manual__2025-05-13T13:33:48.016143+00:00', '--job-id', '111', '--raw', '--subdir', 'DAGS_FOLDER/uhi_pipeline_dag_decompose.py', '--cfg-path', '/tmp/tmpn_96xol_']
[2025-05-13T13:51:07.296+0000] {standard_task_runner.py:83} INFO - Job 111: Subtask process_nyzd
[2025-05-13T13:51:08.054+0000] {task_command.py:388} INFO - Running <TaskInstance: uhi_index_analytics_pipeline_decompose.process_nyzd manual__2025-05-13T13:33:48.016143+00:00 [running]> on host 869b990513f1
[2025-05-13T13:51:08.780+0000] {taskinstance.py:1509} INFO - Exporting the following env vars:
AIRFLOW_CTX_DAG_OWNER=***
AIRFLOW_CTX_DAG_ID=uhi_index_analytics_pipeline_decompose
AIRFLOW_CTX_TASK_ID=process_nyzd
AIRFLOW_CTX_EXECUTION_DATE=2025-05-13T13:33:48.016143+00:00
AIRFLOW_CTX_TRY_NUMBER=1
AIRFLOW_CTX_DAG_RUN_ID=manual__2025-05-13T13:33:48.016143+00:00
[2025-05-13T13:51:17.296+0000] {logging_mixin.py:137} INFO - Load data successfully!
[2025-05-13T13:51:20.348+0000] {logging_mixin.py:137} INFO - NYZD data processed!
[2025-05-13T13:51:20.351+0000] {python.py:177} INFO - Done. Returned value was: True
[2025-05-13T13:51:20.434+0000] {taskinstance.py:1323} INFO - Marking task as SUCCESS. dag_id=uhi_index_analytics_pipeline_decompose, task_id=process_nyzd, execution_date=20250513T133348, start_date=20250513T135106, end_date=20250513T135120
[2025-05-13T13:51:20.553+0000] {local_task_job.py:208} INFO - Task exited with return code 0
[2025-05-13T13:51:20.647+0000] {taskinstance.py:2578} INFO - 1 downstream tasks scheduled from follow-on schedule check
