[2025-05-21T08:28:03.130+0000] {taskinstance.py:1083} INFO - Dependencies all met for <TaskInstance: uhi_index_analytics_pipeline_decompose.extract_street_features manual__2025-05-17T05:12:03.413965+00:00 [queued]>
[2025-05-21T08:28:03.160+0000] {taskinstance.py:1083} INFO - Dependencies all met for <TaskInstance: uhi_index_analytics_pipeline_decompose.extract_street_features manual__2025-05-17T05:12:03.413965+00:00 [queued]>
[2025-05-21T08:28:03.161+0000] {taskinstance.py:1279} INFO - 
--------------------------------------------------------------------------------
[2025-05-21T08:28:03.166+0000] {taskinstance.py:1280} INFO - Starting attempt 1 of 2
[2025-05-21T08:28:03.167+0000] {taskinstance.py:1281} INFO - 
--------------------------------------------------------------------------------
[2025-05-21T08:28:03.213+0000] {taskinstance.py:1300} INFO - Executing <Task(PythonOperator): extract_street_features> on 2025-05-17 05:12:03.413965+00:00
[2025-05-21T08:28:03.257+0000] {standard_task_runner.py:55} INFO - Started process 836 to run task
[2025-05-21T08:28:03.318+0000] {standard_task_runner.py:82} INFO - Running: ['***', 'tasks', 'run', 'uhi_index_analytics_pipeline_decompose', 'extract_street_features', 'manual__2025-05-17T05:12:03.413965+00:00', '--job-id', '269', '--raw', '--subdir', 'DAGS_FOLDER/uhi_pipeline_dag_decompose.py', '--cfg-path', '/tmp/tmpky9nsrak']
[2025-05-21T08:28:03.324+0000] {standard_task_runner.py:83} INFO - Job 269: Subtask extract_street_features
[2025-05-21T08:28:03.863+0000] {task_command.py:388} INFO - Running <TaskInstance: uhi_index_analytics_pipeline_decompose.extract_street_features manual__2025-05-17T05:12:03.413965+00:00 [running]> on host ee2bb044a094
[2025-05-21T08:28:04.263+0000] {taskinstance.py:1509} INFO - Exporting the following env vars:
AIRFLOW_CTX_DAG_OWNER=***
AIRFLOW_CTX_DAG_ID=uhi_index_analytics_pipeline_decompose
AIRFLOW_CTX_TASK_ID=extract_street_features
AIRFLOW_CTX_EXECUTION_DATE=2025-05-17T05:12:03.413965+00:00
AIRFLOW_CTX_TRY_NUMBER=1
AIRFLOW_CTX_DAG_RUN_ID=manual__2025-05-17T05:12:03.413965+00:00
[2025-05-21T08:29:44.523+0000] {logging_mixin.py:137} INFO - Street features extracted!
[2025-05-21T08:29:44.527+0000] {python.py:177} INFO - Done. Returned value was: True
[2025-05-21T08:29:44.582+0000] {taskinstance.py:1323} INFO - Marking task as SUCCESS. dag_id=uhi_index_analytics_pipeline_decompose, task_id=extract_street_features, execution_date=20250517T051203, start_date=20250521T082803, end_date=20250521T082944
[2025-05-21T08:29:44.689+0000] {local_task_job.py:208} INFO - Task exited with return code 0
[2025-05-21T08:29:44.767+0000] {taskinstance.py:2578} INFO - 1 downstream tasks scheduled from follow-on schedule check
