[2025-05-13T15:28:52.839+0000] {taskinstance.py:1083} INFO - Dependencies all met for <TaskInstance: uhi_index_analytics_pipeline_decompose.process_building manual__2025-05-13T13:33:48.016143+00:00 [queued]>
[2025-05-13T15:28:52.860+0000] {taskinstance.py:1083} INFO - Dependencies all met for <TaskInstance: uhi_index_analytics_pipeline_decompose.process_building manual__2025-05-13T13:33:48.016143+00:00 [queued]>
[2025-05-13T15:28:52.861+0000] {taskinstance.py:1279} INFO - 
--------------------------------------------------------------------------------
[2025-05-13T15:28:52.862+0000] {taskinstance.py:1280} INFO - Starting attempt 8 of 8
[2025-05-13T15:28:52.863+0000] {taskinstance.py:1281} INFO - 
--------------------------------------------------------------------------------
[2025-05-13T15:28:52.887+0000] {taskinstance.py:1300} INFO - Executing <Task(PythonOperator): process_building> on 2025-05-13 13:33:48.016143+00:00
[2025-05-13T15:28:52.901+0000] {standard_task_runner.py:55} INFO - Started process 84 to run task
[2025-05-13T15:28:52.907+0000] {standard_task_runner.py:82} INFO - Running: ['***', 'tasks', 'run', 'uhi_index_analytics_pipeline_decompose', 'process_building', 'manual__2025-05-13T13:33:48.016143+00:00', '--job-id', '169', '--raw', '--subdir', 'DAGS_FOLDER/uhi_pipeline_dag_decompose.py', '--cfg-path', '/tmp/tmpby9ua794']
[2025-05-13T15:28:52.908+0000] {standard_task_runner.py:83} INFO - Job 169: Subtask process_building
[2025-05-13T15:28:53.008+0000] {task_command.py:388} INFO - Running <TaskInstance: uhi_index_analytics_pipeline_decompose.process_building manual__2025-05-13T13:33:48.016143+00:00 [running]> on host 869b990513f1
[2025-05-13T15:28:53.132+0000] {taskinstance.py:1509} INFO - Exporting the following env vars:
AIRFLOW_CTX_DAG_OWNER=***
AIRFLOW_CTX_DAG_ID=uhi_index_analytics_pipeline_decompose
AIRFLOW_CTX_TASK_ID=process_building
AIRFLOW_CTX_EXECUTION_DATE=2025-05-13T13:33:48.016143+00:00
AIRFLOW_CTX_TRY_NUMBER=8
AIRFLOW_CTX_DAG_RUN_ID=manual__2025-05-13T13:33:48.016143+00:00
[2025-05-13T15:31:56.994+0000] {local_task_job.py:208} INFO - Task exited with return code Negsignal.SIGKILL
[2025-05-13T15:31:57.082+0000] {taskinstance.py:2578} INFO - 0 downstream tasks scheduled from follow-on schedule check
