[2025-05-13T15:12:03.316+0000] {taskinstance.py:1083} INFO - Dependencies all met for <TaskInstance: uhi_index_analytics_pipeline_decompose.process_building manual__2025-05-13T13:33:48.016143+00:00 [queued]>
[2025-05-13T15:12:03.363+0000] {taskinstance.py:1083} INFO - Dependencies all met for <TaskInstance: uhi_index_analytics_pipeline_decompose.process_building manual__2025-05-13T13:33:48.016143+00:00 [queued]>
[2025-05-13T15:12:03.364+0000] {taskinstance.py:1279} INFO - 
--------------------------------------------------------------------------------
[2025-05-13T15:12:03.365+0000] {taskinstance.py:1280} INFO - Starting attempt 6 of 6
[2025-05-13T15:12:03.366+0000] {taskinstance.py:1281} INFO - 
--------------------------------------------------------------------------------
[2025-05-13T15:12:03.427+0000] {taskinstance.py:1300} INFO - Executing <Task(PythonOperator): process_building> on 2025-05-13 13:33:48.016143+00:00
[2025-05-13T15:12:03.455+0000] {standard_task_runner.py:55} INFO - Started process 76 to run task
[2025-05-13T15:12:03.460+0000] {standard_task_runner.py:82} INFO - Running: ['***', 'tasks', 'run', 'uhi_index_analytics_pipeline_decompose', 'process_building', 'manual__2025-05-13T13:33:48.016143+00:00', '--job-id', '164', '--raw', '--subdir', 'DAGS_FOLDER/uhi_pipeline_dag_decompose.py', '--cfg-path', '/tmp/tmpw0nz0vkc']
[2025-05-13T15:12:03.462+0000] {standard_task_runner.py:83} INFO - Job 164: Subtask process_building
[2025-05-13T15:12:03.658+0000] {task_command.py:388} INFO - Running <TaskInstance: uhi_index_analytics_pipeline_decompose.process_building manual__2025-05-13T13:33:48.016143+00:00 [running]> on host 869b990513f1
[2025-05-13T15:12:03.928+0000] {taskinstance.py:1509} INFO - Exporting the following env vars:
AIRFLOW_CTX_DAG_OWNER=***
AIRFLOW_CTX_DAG_ID=uhi_index_analytics_pipeline_decompose
AIRFLOW_CTX_TASK_ID=process_building
AIRFLOW_CTX_EXECUTION_DATE=2025-05-13T13:33:48.016143+00:00
AIRFLOW_CTX_TRY_NUMBER=6
AIRFLOW_CTX_DAG_RUN_ID=manual__2025-05-13T13:33:48.016143+00:00
[2025-05-13T15:14:29.393+0000] {local_task_job.py:208} INFO - Task exited with return code Negsignal.SIGKILL
[2025-05-13T15:14:29.507+0000] {taskinstance.py:2578} INFO - 0 downstream tasks scheduled from follow-on schedule check
