[2025-05-13T15:02:23.407+0000] {taskinstance.py:1083} INFO - Dependencies all met for <TaskInstance: uhi_index_analytics_pipeline_decompose.process_building manual__2025-05-13T13:33:48.016143+00:00 [queued]>
[2025-05-13T15:02:23.438+0000] {taskinstance.py:1083} INFO - Dependencies all met for <TaskInstance: uhi_index_analytics_pipeline_decompose.process_building manual__2025-05-13T13:33:48.016143+00:00 [queued]>
[2025-05-13T15:02:23.402+0000] {taskinstance.py:1279} INFO - 
--------------------------------------------------------------------------------
[2025-05-13T15:02:23.404+0000] {taskinstance.py:1280} INFO - Starting attempt 5 of 6
[2025-05-13T15:02:23.405+0000] {taskinstance.py:1281} INFO - 
--------------------------------------------------------------------------------
[2025-05-13T15:02:23.442+0000] {taskinstance.py:1300} INFO - Executing <Task(PythonOperator): process_building> on 2025-05-13 13:33:48.016143+00:00
[2025-05-13T15:02:23.464+0000] {standard_task_runner.py:55} INFO - Started process 70 to run task
[2025-05-13T15:02:23.471+0000] {standard_task_runner.py:82} INFO - Running: ['***', 'tasks', 'run', 'uhi_index_analytics_pipeline_decompose', 'process_building', 'manual__2025-05-13T13:33:48.016143+00:00', '--job-id', '161', '--raw', '--subdir', 'DAGS_FOLDER/uhi_pipeline_dag_decompose.py', '--cfg-path', '/tmp/tmpg8w_erhv']
[2025-05-13T15:02:23.473+0000] {standard_task_runner.py:83} INFO - Job 161: Subtask process_building
[2025-05-13T15:02:23.618+0000] {task_command.py:388} INFO - Running <TaskInstance: uhi_index_analytics_pipeline_decompose.process_building manual__2025-05-13T13:33:48.016143+00:00 [running]> on host 869b990513f1
[2025-05-13T15:02:23.740+0000] {taskinstance.py:1509} INFO - Exporting the following env vars:
AIRFLOW_CTX_DAG_OWNER=***
AIRFLOW_CTX_DAG_ID=uhi_index_analytics_pipeline_decompose
AIRFLOW_CTX_TASK_ID=process_building
AIRFLOW_CTX_EXECUTION_DATE=2025-05-13T13:33:48.016143+00:00
AIRFLOW_CTX_TRY_NUMBER=5
AIRFLOW_CTX_DAG_RUN_ID=manual__2025-05-13T13:33:48.016143+00:00
[2025-05-13T15:06:02.606+0000] {local_task_job.py:208} INFO - Task exited with return code Negsignal.SIGKILL
[2025-05-13T15:06:02.821+0000] {taskinstance.py:2578} INFO - 0 downstream tasks scheduled from follow-on schedule check
