[2025-05-13T13:34:03.820+0000] {taskinstance.py:1083} INFO - Dependencies all met for <TaskInstance: uhi_index_analytics_pipeline_decompose.load_data manual__2025-05-13T13:33:48.016143+00:00 [queued]>
[2025-05-13T13:34:03.838+0000] {taskinstance.py:1083} INFO - Dependencies all met for <TaskInstance: uhi_index_analytics_pipeline_decompose.load_data manual__2025-05-13T13:33:48.016143+00:00 [queued]>
[2025-05-13T13:34:03.839+0000] {taskinstance.py:1279} INFO - 
--------------------------------------------------------------------------------
[2025-05-13T13:34:03.840+0000] {taskinstance.py:1280} INFO - Starting attempt 1 of 2
[2025-05-13T13:34:03.840+0000] {taskinstance.py:1281} INFO - 
--------------------------------------------------------------------------------
[2025-05-13T13:34:03.861+0000] {taskinstance.py:1300} INFO - Executing <Task(PythonOperator): load_data> on 2025-05-13 13:33:48.016143+00:00
[2025-05-13T13:34:03.877+0000] {standard_task_runner.py:55} INFO - Started process 61 to run task
[2025-05-13T13:34:03.880+0000] {standard_task_runner.py:82} INFO - Running: ['***', 'tasks', 'run', 'uhi_index_analytics_pipeline_decompose', 'load_data', 'manual__2025-05-13T13:33:48.016143+00:00', '--job-id', '104', '--raw', '--subdir', 'DAGS_FOLDER/uhi_pipeline_dag_decompose.py', '--cfg-path', '/tmp/tmpmdlc6mc0']
[2025-05-13T13:34:03.881+0000] {standard_task_runner.py:83} INFO - Job 104: Subtask load_data
[2025-05-13T13:34:03.969+0000] {task_command.py:388} INFO - Running <TaskInstance: uhi_index_analytics_pipeline_decompose.load_data manual__2025-05-13T13:33:48.016143+00:00 [running]> on host 869b990513f1
[2025-05-13T13:34:04.072+0000] {taskinstance.py:1509} INFO - Exporting the following env vars:
AIRFLOW_CTX_DAG_OWNER=***
AIRFLOW_CTX_DAG_ID=uhi_index_analytics_pipeline_decompose
AIRFLOW_CTX_TASK_ID=load_data
AIRFLOW_CTX_EXECUTION_DATE=2025-05-13T13:33:48.016143+00:00
AIRFLOW_CTX_TRY_NUMBER=1
AIRFLOW_CTX_DAG_RUN_ID=manual__2025-05-13T13:33:48.016143+00:00
[2025-05-13T13:50:50.873+0000] {logging_mixin.py:137} INFO - Data loaded successfully!
[2025-05-13T13:50:50.876+0000] {python.py:177} INFO - Done. Returned value was: True
[2025-05-13T13:50:50.908+0000] {taskinstance.py:1323} INFO - Marking task as SUCCESS. dag_id=uhi_index_analytics_pipeline_decompose, task_id=load_data, execution_date=20250513T133348, start_date=20250513T133403, end_date=20250513T135050
[2025-05-13T13:50:50.994+0000] {local_task_job.py:208} INFO - Task exited with return code 0
[2025-05-13T13:50:51.058+0000] {taskinstance.py:2578} INFO - 8 downstream tasks scheduled from follow-on schedule check
    