[2025-05-18T10:24:23.814+0000] {taskinstance.py:1083} INFO - Dependencies all met for <TaskInstance: uhi_index_analytics_pipeline_decompose.process_nyco manual__2025-05-17T05:12:03.413965+00:00 [queued]>
[2025-05-18T10:24:23.853+0000] {taskinstance.py:1083} INFO - Dependencies all met for <TaskInstance: uhi_index_analytics_pipeline_decompose.process_nyco manual__2025-05-17T05:12:03.413965+00:00 [queued]>
[2025-05-18T10:24:23.855+0000] {taskinstance.py:1279} INFO - 
--------------------------------------------------------------------------------
[2025-05-18T10:24:23.857+0000] {taskinstance.py:1280} INFO - Starting attempt 3 of 4
[2025-05-18T10:24:23.859+0000] {taskinstance.py:1281} INFO - 
--------------------------------------------------------------------------------
[2025-05-18T10:24:23.938+0000] {taskinstance.py:1300} INFO - Executing <Task(PythonOperator): process_nyco> on 2025-05-17 05:12:03.413965+00:00
[2025-05-18T10:24:24.150+0000] {standard_task_runner.py:55} INFO - Started process 909 to run task
[2025-05-18T10:24:24.185+0000] {standard_task_runner.py:82} INFO - Running: ['***', 'tasks', 'run', 'uhi_index_analytics_pipeline_decompose', 'process_nyco', 'manual__2025-05-17T05:12:03.413965+00:00', '--job-id', '236', '--raw', '--subdir', 'DAGS_FOLDER/uhi_pipeline_dag_decompose.py', '--cfg-path', '/tmp/tmpvvh2o4ij']
[2025-05-18T10:24:24.196+0000] {standard_task_runner.py:83} INFO - Job 236: Subtask process_nyco
[2025-05-18T10:24:24.942+0000] {task_command.py:388} INFO - Running <TaskInstance: uhi_index_analytics_pipeline_decompose.process_nyco manual__2025-05-17T05:12:03.413965+00:00 [running]> on host ee2bb044a094
[2025-05-18T10:24:25.436+0000] {taskinstance.py:1509} INFO - Exporting the following env vars:
AIRFLOW_CTX_DAG_OWNER=***
AIRFLOW_CTX_DAG_ID=uhi_index_analytics_pipeline_decompose
AIRFLOW_CTX_TASK_ID=process_nyco
AIRFLOW_CTX_EXECUTION_DATE=2025-05-17T05:12:03.413965+00:00
AIRFLOW_CTX_TRY_NUMBER=3
AIRFLOW_CTX_DAG_RUN_ID=manual__2025-05-17T05:12:03.413965+00:00
[2025-05-18T10:24:41.235+0000] {logging_mixin.py:137} INFO - Load data successfully!
[2025-05-18T10:24:46.612+0000] {logging_mixin.py:137} INFO - NYCO data processed!
[2025-05-18T10:24:46.619+0000] {python.py:177} INFO - Done. Returned value was: True
[2025-05-18T10:24:46.747+0000] {taskinstance.py:1323} INFO - Marking task as SUCCESS. dag_id=uhi_index_analytics_pipeline_decompose, task_id=process_nyco, execution_date=20250517T051203, start_date=20250518T102423, end_date=20250518T102446
[2025-05-18T10:24:46.881+0000] {local_task_job.py:208} INFO - Task exited with return code 0
[2025-05-18T10:24:47.033+0000] {taskinstance.py:2578} INFO - 0 downstream tasks scheduled from follow-on schedule check
