[2025-05-21T07:30:10.993+0000] {taskinstance.py:1083} INFO - Dependencies all met for <TaskInstance: uhi_index_analytics_pipeline_decompose.convert_canopy_to_tiff manual__2025-05-17T05:12:03.413965+00:00 [queued]>
[2025-05-21T07:30:11.025+0000] {taskinstance.py:1083} INFO - Dependencies all met for <TaskInstance: uhi_index_analytics_pipeline_decompose.convert_canopy_to_tiff manual__2025-05-17T05:12:03.413965+00:00 [queued]>
[2025-05-21T07:30:11.026+0000] {taskinstance.py:1279} INFO - 
--------------------------------------------------------------------------------
[2025-05-21T07:30:11.035+0000] {taskinstance.py:1280} INFO - Starting attempt 1 of 2
[2025-05-21T07:30:11.036+0000] {taskinstance.py:1281} INFO - 
--------------------------------------------------------------------------------
[2025-05-21T07:30:11.070+0000] {taskinstance.py:1300} INFO - Executing <Task(PythonOperator): convert_canopy_to_tiff> on 2025-05-17 05:12:03.413965+00:00
[2025-05-21T07:30:11.089+0000] {standard_task_runner.py:55} INFO - Started process 518 to run task
[2025-05-21T07:30:11.094+0000] {standard_task_runner.py:82} INFO - Running: ['***', 'tasks', 'run', 'uhi_index_analytics_pipeline_decompose', 'convert_canopy_to_tiff', 'manual__2025-05-17T05:12:03.413965+00:00', '--job-id', '257', '--raw', '--subdir', 'DAGS_FOLDER/uhi_pipeline_dag_decompose.py', '--cfg-path', '/tmp/tmpya9jfwcu']
[2025-05-21T07:30:11.095+0000] {standard_task_runner.py:83} INFO - Job 257: Subtask convert_canopy_to_tiff
[2025-05-21T07:30:11.220+0000] {task_command.py:388} INFO - Running <TaskInstance: uhi_index_analytics_pipeline_decompose.convert_canopy_to_tiff manual__2025-05-17T05:12:03.413965+00:00 [running]> on host ee2bb044a094
[2025-05-21T07:30:11.370+0000] {taskinstance.py:1509} INFO - Exporting the following env vars:
AIRFLOW_CTX_DAG_OWNER=***
AIRFLOW_CTX_DAG_ID=uhi_index_analytics_pipeline_decompose
AIRFLOW_CTX_TASK_ID=convert_canopy_to_tiff
AIRFLOW_CTX_EXECUTION_DATE=2025-05-17T05:12:03.413965+00:00
AIRFLOW_CTX_TRY_NUMBER=1
AIRFLOW_CTX_DAG_RUN_ID=manual__2025-05-17T05:12:03.413965+00:00
[2025-05-21T07:30:38.401+0000] {logging_mixin.py:137} INFO - Using block_size: 4
[2025-05-21T07:31:37.133+0000] {local_task_job.py:208} INFO - Task exited with return code Negsignal.SIGKILL
[2025-05-21T07:31:37.327+0000] {taskinstance.py:2578} INFO - 0 downstream tasks scheduled from follow-on schedule check
